{"@timestamp": "2022-12-19T10:02:07.084Z", "agent": {"ephemeral_id": "f998276c-afe4-4463-aba7-6d1241c5c07f", "hostname": "CLIENT2", "id": "a5ea4d3e-40c5-43d5-9a2e-ed2c48327430", "name": "CLIENT2", "type": "winlogbeat", "version": "7.10.2"}, "destination": {"domain": "-", "ip": "172.17.0.2", "port": 25}, "ecs": {"version": "1.5.0"}, "event": {"action": "Network connection detected (rule: NetworkConnect)", "category": ["network"], "code": 3, "created": "2022-12-19T10:02:09.454Z", "kind": "event", "module": "sysmon", "provider": "Microsoft-Windows-Sysmon", "type": ["connection", "start", "protocol"]}, "host": {"name": "CLIENT2.breach.local"}, "log": {"level": "information"}, "message": "Network connection detected:\nRuleName: SMTP\nUtcTime: 2022-12-19 10:02:07.084\nProcessGuid: {4901c233-249a-63a0-8a00-000000000600}\nProcessId: 5176\nImage: C:\\Python37\\python.exe\nUser: BREACH\\client2\nProtocol: tcp\nInitiated: true\nSourceIsIpv6: false\nSourceIp: 172.16.1.2\nSourceHostname: CLIENT2.breach.local\nSourcePort: 53698\nSourcePortName: -\nDestinationIsIpv6: false\nDestinationIp: 172.17.0.2\nDestinationHostname: -\nDestinationPort: 25\nDestinationPortName: smtp", "network": {"community_id": "1:DDrt4QeXjqtwjc4M4wMozVZA4+c=", "direction": "outbound", "protocol": "smtp", "transport": "tcp", "type": "ipv4"}, "process": {"entity_id": "{4901c233-249a-63a0-8a00-000000000600}", "executable": "C:\\Python37\\python.exe", "name": "python.exe", "pid": 5176}, "related": {"ip": ["172.16.1.2", "172.17.0.2"], "user": "client2"}, "rule": {"name": "SMTP"}, "source": {"domain": "CLIENT2.breach.local", "ip": "172.16.1.2", "port": 53698}, "user": {"domain": "BREACH", "name": "client2"}, "winlog": {"api": "wineventlog", "channel": "Microsoft-Windows-Sysmon/Operational", "computer_name": "CLIENT2.breach.local", "event_data": {"SourcePortName": "-"}, "event_id": 3, "opcode": "Info", "process": {"pid": 1912, "thread": {"id": 2556}}, "provider_guid": "{5770385f-c22a-43e0-bf4c-06f5698ffbd9}", "provider_name": "Microsoft-Windows-Sysmon", "record_id": 4384, "task": "Network connection detected (rule: NetworkConnect)", "user": {"domain": "NT AUTHORITY", "identifier": "S-1-5-18", "name": "SYSTEM", "type": "User"}, "version": 5}}
{"@timestamp": "2022-12-19T10:02:12.971Z", "agent": {"ephemeral_id": "f998276c-afe4-4463-aba7-6d1241c5c07f", "hostname": "CLIENT2", "id": "a5ea4d3e-40c5-43d5-9a2e-ed2c48327430", "name": "CLIENT2", "type": "winlogbeat", "version": "7.10.2"}, "destination": {"domain": "-", "ip": "172.17.0.2", "port": 25}, "ecs": {"version": "1.5.0"}, "event": {"action": "Network connection detected (rule: NetworkConnect)", "category": ["network"], "code": 3, "created": "2022-12-19T10:02:15.552Z", "kind": "event", "module": "sysmon", "provider": "Microsoft-Windows-Sysmon", "type": ["connection", "start", "protocol"]}, "host": {"name": "CLIENT2.breach.local"}, "log": {"level": "information"}, "message": "Network connection detected:\nRuleName: SMTP\nUtcTime: 2022-12-19 10:02:12.971\nProcessGuid: {4901c233-249a-63a0-8a00-000000000600}\nProcessId: 5176\nImage: C:\\Python37\\python.exe\nUser: BREACH\\client2\nProtocol: tcp\nInitiated: true\nSourceIsIpv6: false\nSourceIp: 172.16.1.2\nSourceHostname: CLIENT2.breach.local\nSourcePort: 53699\nSourcePortName: -\nDestinationIsIpv6: false\nDestinationIp: 172.17.0.2\nDestinationHostname: -\nDestinationPort: 25\nDestinationPortName: smtp", "network": {"community_id": "1:V6bFhKNpPF1AtC7xSDd/7UA5XAE=", "direction": "outbound", "protocol": "smtp", "transport": "tcp", "type": "ipv4"}, "process": {"entity_id": "{4901c233-249a-63a0-8a00-000000000600}", "executable": "C:\\Python37\\python.exe", "name": "python.exe", "pid": 5176}, "related": {"ip": ["172.16.1.2", "172.17.0.2"], "user": "client2"}, "rule": {"name": "SMTP"}, "source": {"domain": "CLIENT2.breach.local", "ip": "172.16.1.2", "port": 53699}, "user": {"domain": "BREACH", "name": "client2"}, "winlog": {"api": "wineventlog", "channel": "Microsoft-Windows-Sysmon/Operational", "computer_name": "CLIENT2.breach.local", "event_data": {"SourcePortName": "-"}, "event_id": 3, "opcode": "Info", "process": {"pid": 1912, "thread": {"id": 2556}}, "provider_guid": "{5770385f-c22a-43e0-bf4c-06f5698ffbd9}", "provider_name": "Microsoft-Windows-Sysmon", "record_id": 4385, "task": "Network connection detected (rule: NetworkConnect)", "user": {"domain": "NT AUTHORITY", "identifier": "S-1-5-18", "name": "SYSTEM", "type": "User"}, "version": 5}}
{"@timestamp": "2022-12-19T10:03:09.729Z", "agent": {"ephemeral_id": "75382475-4494-4885-af56-0a918c9c7d5b", "hostname": "CLIENT1", "id": "a5ea4d3e-40c5-43d5-9a2e-ed2c48327430", "name": "CLIENT1", "type": "winlogbeat", "version": "7.10.2"}, "ecs": {"version": "1.5.0"}, "event": {"action": "Windows Update Agent", "code": 19, "created": "2022-12-19T10:03:10.985Z", "kind": "event", "provider": "Microsoft-Windows-WindowsUpdateClient"}, "host": {"name": "CLIENT1.breach.local"}, "log": {"level": "information"}, "message": "Installation Successful: Windows successfully installed the following update: 9PB1PFTHHM15-Microsoft.UI.Xaml.2.4", "winlog": {"activity_id": "{1ff30d06-1386-0001-bf5d-f41f8613d901}", "api": "wineventlog", "channel": "System", "computer_name": "CLIENT1.breach.local", "event_data": {"serviceGuid": "{855e8a7c-ecb4-4ca3-b045-1dfa50104289}", "updateGuid": "{89d67c93-0628-4aa9-a651-85f294d8c0b4}", "updateRevisionNumber": "1", "updateTitle": "9PB1PFTHHM15-Microsoft.UI.Xaml.2.4"}, "event_id": 19, "keywords": ["Installation", "Success"], "opcode": "Installation", "process": {"pid": 356, "thread": {"id": 5632}}, "provider_guid": "{945a8954-c147-4acd-923f-40c45405a658}", "provider_name": "Microsoft-Windows-WindowsUpdateClient", "record_id": 762, "task": "Windows Update Agent", "user": {"domain": "NT AUTHORITY", "identifier": "S-1-5-18", "name": "SYSTEM", "type": "User"}, "version": 1}}
{"@timestamp": "2022-12-19T10:03:09.747Z", "agent": {"ephemeral_id": "75382475-4494-4885-af56-0a918c9c7d5b", "hostname": "CLIENT1", "id": "a5ea4d3e-40c5-43d5-9a2e-ed2c48327430", "name": "CLIENT1", "type": "winlogbeat", "version": "7.10.2"}, "ecs": {"version": "1.5.0"}, "event": {"action": "Windows Update Agent", "code": 43, "created": "2022-12-19T10:03:10.985Z", "kind": "event", "provider": "Microsoft-Windows-WindowsUpdateClient"}, "host": {"name": "CLIENT1.breach.local"}, "log": {"level": "information"}, "message": "Installation Started: Windows has started installing the following update: 9MZ95KL8MR0L-Microsoft.ScreenSketch", "winlog": {"activity_id": "{1ff30d06-1386-0001-bf5d-f41f8613d901}", "api": "wineventlog", "channel": "System", "computer_name": "CLIENT1.breach.local", "event_data": {"updateGuid": "{58709f74-8fd8-4eb3-a92e-13d0bad085d7}", "updateRevisionNumber": "1", "updateTitle": "9MZ95KL8MR0L-Microsoft.ScreenSketch"}, "event_id": 43, "keywords": ["Installation", "Started"], "opcode": "Installation", "process": {"pid": 356, "thread": {"id": 5632}}, "provider_guid": "{945a8954-c147-4acd-923f-40c45405a658}", "provider_name": "Microsoft-Windows-WindowsUpdateClient", "record_id": 763, "task": "Windows Update Agent", "user": {"domain": "NT AUTHORITY", "identifier": "S-1-5-18", "name": "SYSTEM", "type": "User"}, "version": 1}}
{"@timestamp": "2022-12-19T10:03:09.963Z", "agent": {"ephemeral_id": "75382475-4494-4885-af56-0a918c9c7d5b", "hostname": "CLIENT1", "id": "a5ea4d3e-40c5-43d5-9a2e-ed2c48327430", "name": "CLIENT1", "type": "winlogbeat", "version": "7.10.2"}, "ecs": {"version": "1.5.0"}, "event": {"code": 16, "created": "2022-12-19T10:03:10.985Z", "kind": "event", "provider": "Microsoft-Windows-Kernel-General"}, "host": {"name": "CLIENT1.breach.local"}, "log": {"level": "information"}, "message": "The access history in hive \\??\\C:\\Users\\client1\\AppData\\Local\\Packages\\Microsoft.ScreenSketch_8wekyb3d8bbwe\\Settings\\settings.dat was cleared updating 3 keys and creating 1 modified pages.", "winlog": {"api": "wineventlog", "channel": "System", "computer_name": "CLIENT1.breach.local", "event_data": {"DirtyPages": "1", "HiveName": "\\??\\C:\\Users\\client1\\AppData\\Local\\Packages\\Microsoft.ScreenSketch_8wekyb3d8bbwe\\Settings\\settings.dat", "HiveNameLength": "102", "KeysUpdated": "3"}, "event_id": 16, "opcode": "Info", "process": {"pid": 712, "thread": {"id": 3928}}, "provider_guid": "{a68ca8b7-004f-d7b6-a698-07e2de0f1f5d}", "provider_name": "Microsoft-Windows-Kernel-General", "record_id": 764, "task": "", "user": {"domain": "BREACH", "identifier": "S-1-5-21-3613504208-1130562752-3296265829-1103", "name": "client1", "type": "User"}}}
{"@timestamp": "2022-12-19T10:03:10.062Z", "agent": {"ephemeral_id": "75382475-4494-4885-af56-0a918c9c7d5b", "hostname": "CLIENT1", "id": "a5ea4d3e-40c5-43d5-9a2e-ed2c48327430", "name": "CLIENT1", "type": "winlogbeat", "version": "7.10.2"}, "ecs": {"version": "1.5.0"}, "event": {"action": "File created (rule: FileCreate)", "category": ["file"], "code": 11, "created": "2022-12-19T10:03:11.566Z", "kind": "event", "module": "sysmon", "provider": "Microsoft-Windows-Sysmon", "type": ["creation"]}, "file": {"directory": "C:\\Program Files\\WindowsApps\\Microsoft.MicrosoftStickyNotes_4.5.7.0_x64__8wekyb3d8bbwe", "extension": "dll", "name": "e_sqlite3.dll", "path": "C:\\Program Files\\WindowsApps\\Microsoft.MicrosoftStickyNotes_4.5.7.0_x64__8wekyb3d8bbwe\\e_sqlite3.dll"}, "host": {"name": "CLIENT1.breach.local"}, "log": {"level": "information"}, "message": "File created:\nRuleName: DLL\nUtcTime: 2022-12-19 10:03:10.062\nProcessGuid: {4901c233-247b-63a0-3600-000000000600}\nProcessId: 712\nImage: C:\\Windows\\System32\\svchost.exe\nTargetFilename: C:\\Program Files\\WindowsApps\\Microsoft.MicrosoftStickyNotes_4.5.7.0_x64__8wekyb3d8bbwe\\e_sqlite3.dll\nCreationUtcTime: 2022-12-19 10:03:10.062\nUser: NT AUTHORITY\\SYSTEM", "process": {"entity_id": "{4901c233-247b-63a0-3600-000000000600}", "executable": "C:\\Windows\\System32\\svchost.exe", "name": "svchost.exe", "pid": 712}, "rule": {"name": "DLL"}, "winlog": {"api": "wineventlog", "channel": "Microsoft-Windows-Sysmon/Operational", "computer_name": "CLIENT1.breach.local", "event_data": {"CreationUtcTime": "2022-12-19 10:03:10.062", "User": "NT AUTHORITY\\SYSTEM"}, "event_id": 11, "opcode": "Info", "process": {"pid": 2072, "thread": {"id": 2684}}, "provider_guid": "{5770385f-c22a-43e0-bf4c-06f5698ffbd9}", "provider_name": "Microsoft-Windows-Sysmon", "record_id": 4493, "task": "File created (rule: FileCreate)", "user": {"domain": "NT AUTHORITY", "identifier": "S-1-5-18", "name": "SYSTEM", "type": "User"}, "version": 2}}
{"@timestamp": "2022-12-19T10:03:10.062Z", "agent": {"ephemeral_id": "75382475-4494-4885-af56-0a918c9c7d5b", "hostname": "CLIENT1", "id": "a5ea4d3e-40c5-43d5-9a2e-ed2c48327430", "name": "CLIENT1", "type": "winlogbeat", "version": "7.10.2"}, "ecs": {"version": "1.5.0"}, "event": {"action": "File created (rule: FileCreate)", "category": ["file"], "code": 11, "created": "2022-12-19T10:03:11.566Z", "kind": "event", "module": "sysmon", "provider": "Microsoft-Windows-Sysmon", "type": ["creation"]}, "file": {"directory": "C:\\Program Files\\WindowsApps\\Microsoft.MicrosoftStickyNotes_4.5.7.0_x64__8wekyb3d8bbwe", "extension": "dll", "name": "Microsoft.Apps.Stubs.Handoff.dll", "path": "C:\\Program Files\\WindowsApps\\Microsoft.MicrosoftStickyNotes_4.5.7.0_x64__8wekyb3d8bbwe\\Microsoft.Apps.Stubs.Handoff.dll"}, "host": {"name": "CLIENT1.breach.local"}, "log": {"level": "information"}, "message": "File created:\nRuleName: DLL\nUtcTime: 2022-12-19 10:03:10.062\nProcessGuid: {4901c233-247b-63a0-3600-000000000600}\nProcessId: 712\nImage: C:\\Windows\\System32\\svchost.exe\nTargetFilename: C:\\Program Files\\WindowsApps\\Microsoft.MicrosoftStickyNotes_4.5.7.0_x64__8wekyb3d8bbwe\\Microsoft.Apps.Stubs.Handoff.dll\nCreationUtcTime: 2022-12-19 10:03:10.062\nUser: NT AUTHORITY\\SYSTEM", "process": {"entity_id": "{4901c233-247b-63a0-3600-000000000600}", "executable": "C:\\Windows\\System32\\svchost.exe", "name": "svchost.exe", "pid": 712}, "rule": {"name": "DLL"}, "winlog": {"api": "wineventlog", "channel": "Microsoft-Windows-Sysmon/Operational", "computer_name": "CLIENT1.breach.local", "event_data": {"CreationUtcTime": "2022-12-19 10:03:10.062", "User": "NT AUTHORITY\\SYSTEM"}, "event_id": 11, "opcode": "Info", "process": {"pid": 2072, "thread": {"id": 2684}}, "provider_guid": "{5770385f-c22a-43e0-bf4c-06f5698ffbd9}", "provider_name": "Microsoft-Windows-Sysmon", "record_id": 4495, "task": "File created (rule: FileCreate)", "user": {"domain": "NT AUTHORITY", "identifier": "S-1-5-18", "name": "SYSTEM", "type": "User"}, "version": 2}}
{"@timestamp": "2022-12-19T10:03:10.128Z", "agent": {"ephemeral_id": "75382475-4494-4885-af56-0a918c9c7d5b", "hostname": "CLIENT1", "id": "a5ea4d3e-40c5-43d5-9a2e-ed2c48327430", "name": "CLIENT1", "type": "winlogbeat", "version": "7.10.2"}, "ecs": {"version": "1.5.0"}, "event": {"action": "Process Create (rule: ProcessCreate)", "category": ["process"], "code": 1, "created": "2022-12-19T10:03:11.568Z", "kind": "event", "module": "sysmon", "provider": "Microsoft-Windows-Sysmon", "type": ["start", "process_start"]}, "hash": {"imphash": "4db27267734d1576d75c991dc70f68ac", "md5": "ef3179d498793bf4234f708d3be28633", "sha256": "b53f3c0cd32d7f20849850768da6431e5f876b7bfa61db0aa0700b02873393fa"}, "host": {"name": "CLIENT1.breach.local"}, "log": {"level": "information"}, "message": "Process Create:\nRuleName: -\nUtcTime: 2022-12-19 10:03:10.128\nProcessGuid: {4901c233-36de-63a0-4707-000000000600}\nProcessId: 6136\nImage: C:\\Windows\\System32\\rundll32.exe\nFileVersion: 10.0.19041.746 (WinBuild.160101.0800)\nDescription: Windows host process (Rundll32)\nProduct: Microsoft\u00ae Windows\u00ae Operating System\nCompany: Microsoft Corporation\nOriginalFileName: RUNDLL32.EXE\nCommandLine: rundll32.exe AppXDeploymentExtensions.OneCore.dll,ShellRefresh\nCurrentDirectory: C:\\Windows\\system32\\\nUser: BREACH\\client1\nLogonGuid: {4901c233-2496-63a0-8302-040000000000}\nLogonId: 0x40283\nTerminalSessionId: 1\nIntegrityLevel: High\nHashes: MD5=EF3179D498793BF4234F708D3BE28633,SHA256=B53F3C0CD32D7F20849850768DA6431E5F876B7BFA61DB0AA0700B02873393FA,IMPHASH=4DB27267734D1576D75C991DC70F68AC\nParentProcessGuid: {4901c233-247b-63a0-3600-000000000600}\nParentProcessId: 712\nParentImage: C:\\Windows\\System32\\svchost.exe\nParentCommandLine: C:\\Windows\\System32\\svchost.exe -k wsappx -p\nParentUser: NT AUTHORITY\\SYSTEM", "process": {"args": ["rundll32.exe", "AppXDeploymentExtensions.OneCore.dll,ShellRefresh"], "command_line": "rundll32.exe AppXDeploymentExtensions.OneCore.dll,ShellRefresh", "entity_id": "{4901c233-36de-63a0-4707-000000000600}", "executable": "C:\\Windows\\System32\\rundll32.exe", "hash": {"md5": "ef3179d498793bf4234f708d3be28633", "sha256": "b53f3c0cd32d7f20849850768da6431e5f876b7bfa61db0aa0700b02873393fa"}, "name": "rundll32.exe", "parent": {"args": ["C:\\Windows\\System32\\svchost.exe", "-k", "wsappx", "-p"], "command_line": "C:\\Windows\\System32\\svchost.exe -k wsappx -p", "entity_id": "{4901c233-247b-63a0-3600-000000000600}", "executable": "C:\\Windows\\System32\\svchost.exe", "name": "svchost.exe", "pid": 712}, "pe": {"imphash": "4db27267734d1576d75c991dc70f68ac"}, "pid": 6136, "working_directory": "C:\\Windows\\system32\\"}, "related": {"hash": ["ef3179d498793bf4234f708d3be28633", "b53f3c0cd32d7f20849850768da6431e5f876b7bfa61db0aa0700b02873393fa", "4db27267734d1576d75c991dc70f68ac"], "user": "client1"}, "user": {"domain": "BREACH", "name": "client1"}, "winlog": {"api": "wineventlog", "channel": "Microsoft-Windows-Sysmon/Operational", "computer_name": "CLIENT1.breach.local", "event_data": {"Company": "Microsoft Corporation", "Description": "Windows host process (Rundll32)", "FileVersion": "10.0.19041.746 (WinBuild.160101.0800)", "IntegrityLevel": "High", "LogonGuid": "{4901c233-2496-63a0-8302-040000000000}", "LogonId": "0x40283", "OriginalFileName": "RUNDLL32.EXE", "ParentUser": "NT AUTHORITY\\SYSTEM", "Product": "Microsoft\u00ae Windows\u00ae Operating System", "RuleName": "-", "TerminalSessionId": "1"}, "event_id": 1, "opcode": "Info", "process": {"pid": 2072, "thread": {"id": 2684}}, "provider_guid": "{5770385f-c22a-43e0-bf4c-06f5698ffbd9}", "provider_name": "Microsoft-Windows-Sysmon", "record_id": 4499, "task": "Process Create (rule: ProcessCreate)", "user": {"domain": "NT AUTHORITY", "identifier": "S-1-5-18", "name": "SYSTEM", "type": "User"}, "version": 5}}
{"@timestamp": "2022-12-19T10:03:12.413Z", "agent": {"ephemeral_id": "75382475-4494-4885-af56-0a918c9c7d5b", "hostname": "CLIENT1", "id": "a5ea4d3e-40c5-43d5-9a2e-ed2c48327430", "name": "CLIENT1", "type": "winlogbeat", "version": "7.10.2"}, "destination": {"domain": "-", "ip": "172.17.0.2", "port": 25}, "ecs": {"version": "1.5.0"}, "event": {"action": "Network connection detected (rule: NetworkConnect)", "category": ["network"], "code": 3, "created": "2022-12-19T10:03:15.585Z", "kind": "event", "module": "sysmon", "provider": "Microsoft-Windows-Sysmon", "type": ["connection", "start", "protocol"]}, "host": {"name": "CLIENT1.breach.local"}, "log": {"level": "information"}, "message": "Network connection detected:\nRuleName: SMTP\nUtcTime: 2022-12-19 10:03:12.413\nProcessGuid: {4901c233-24ce-63a0-8a00-000000000600}\nProcessId: 4856\nImage: C:\\Python37\\python.exe\nUser: BREACH\\client1\nProtocol: tcp\nInitiated: true\nSourceIsIpv6: false\nSourceIp: 172.16.1.1\nSourceHostname: CLIENT1.breach.local\nSourcePort: 54101\nSourcePortName: -\nDestinationIsIpv6: false\nDestinationIp: 172.17.0.2\nDestinationHostname: -\nDestinationPort: 25\nDestinationPortName: smtp", "network": {"community_id": "1:j5RIcxICDpvCrFLdrnwTKFixn2o=", "direction": "outbound", "protocol": "smtp", "transport": "tcp", "type": "ipv4"}, "process": {"entity_id": "{4901c233-24ce-63a0-8a00-000000000600}", "executable": "C:\\Python37\\python.exe", "name": "python.exe", "pid": 4856}, "related": {"ip": ["172.16.1.1", "172.17.0.2"], "user": "client1"}, "rule": {"name": "SMTP"}, "source": {"domain": "CLIENT1.breach.local", "ip": "172.16.1.1", "port": 54101}, "user": {"domain": "BREACH", "name": "client1"}, "winlog": {"api": "wineventlog", "channel": "Microsoft-Windows-Sysmon/Operational", "computer_name": "CLIENT1.breach.local", "event_data": {"SourcePortName": "-"}, "event_id": 3, "opcode": "Info", "process": {"pid": 2072, "thread": {"id": 2576}}, "provider_guid": "{5770385f-c22a-43e0-bf4c-06f5698ffbd9}", "provider_name": "Microsoft-Windows-Sysmon", "record_id": 4500, "task": "Network connection detected (rule: NetworkConnect)", "user": {"domain": "NT AUTHORITY", "identifier": "S-1-5-18", "name": "SYSTEM", "type": "User"}, "version": 5}}
{"@timestamp": "2022-12-19T10:02:48.912Z", "agent": {"ephemeral_id": "75382475-4494-4885-af56-0a918c9c7d5b", "hostname": "CLIENT1", "id": "a5ea4d3e-40c5-43d5-9a2e-ed2c48327430", "name": "CLIENT1", "type": "winlogbeat", "version": "7.10.2"}, "destination": {"domain": "-", "ip": "172.17.0.2", "port": 25}, "ecs": {"version": "1.5.0"}, "event": {"action": "Network connection detected (rule: NetworkConnect)", "category": ["network"], "code": 3, "created": "2022-12-19T10:02:51.385Z", "kind": "event", "module": "sysmon", "provider": "Microsoft-Windows-Sysmon", "type": ["connection", "start", "protocol"]}, "host": {"name": "CLIENT1.breach.local"}, "log": {"level": "information"}, "message": "Network connection detected:\nRuleName: SMTP\nUtcTime: 2022-12-19 10:02:48.912\nProcessGuid: {4901c233-24ce-63a0-8a00-000000000600}\nProcessId: 4856\nImage: C:\\Python37\\python.exe\nUser: BREACH\\client1\nProtocol: tcp\nInitiated: true\nSourceIsIpv6: false\nSourceIp: 172.16.1.1\nSourceHostname: CLIENT1.breach.local\nSourcePort: 54088\nSourcePortName: -\nDestinationIsIpv6: false\nDestinationIp: 172.17.0.2\nDestinationHostname: -\nDestinationPort: 25\nDestinationPortName: smtp", "network": {"community_id": "1:W/IJ3y07N+hCYoTlc38D7tLSWRw=", "direction": "outbound", "protocol": "smtp", "transport": "tcp", "type": "ipv4"}, "process": {"entity_id": "{4901c233-24ce-63a0-8a00-000000000600}", "executable": "C:\\Python37\\python.exe", "name": "python.exe", "pid": 4856}, "related": {"ip": ["172.16.1.1", "172.17.0.2"], "user": "client1"}, "rule": {"name": "SMTP"}, "source": {"domain": "CLIENT1.breach.local", "ip": "172.16.1.1", "port": 54088}, "user": {"domain": "BREACH", "name": "client1"}, "winlog": {"api": "wineventlog", "channel": "Microsoft-Windows-Sysmon/Operational", "computer_name": "CLIENT1.breach.local", "event_data": {"SourcePortName": "-"}, "event_id": 3, "opcode": "Info", "process": {"pid": 2072, "thread": {"id": 2576}}, "provider_guid": "{5770385f-c22a-43e0-bf4c-06f5698ffbd9}", "provider_name": "Microsoft-Windows-Sysmon", "record_id": 4489, "task": "Network connection detected (rule: NetworkConnect)", "user": {"domain": "NT AUTHORITY", "identifier": "S-1-5-18", "name": "SYSTEM", "type": "User"}, "version": 5}}
{"@timestamp": "2022-12-19T10:02:49.123Z", "agent": {"ephemeral_id": "9f267527-6a01-4adf-bfdd-37fe019af17c", "hostname": "CLIENT3", "id": "a5ea4d3e-40c5-43d5-9a2e-ed2c48327430", "name": "CLIENT3", "type": "winlogbeat", "version": "7.10.2"}, "destination": {"domain": "-", "ip": "172.17.0.2", "port": 25}, "ecs": {"version": "1.5.0"}, "event": {"action": "Network connection detected (rule: NetworkConnect)", "category": ["network"], "code": 3, "created": "2022-12-19T10:02:51.701Z", "kind": "event", "module": "sysmon", "provider": "Microsoft-Windows-Sysmon", "type": ["connection", "start", "protocol"]}, "host": {"name": "CLIENT3.breach.local"}, "log": {"level": "information"}, "message": "Network connection detected:\nRuleName: SMTP\nUtcTime: 2022-12-19 10:02:49.123\nProcessGuid: {4901c233-249c-63a0-8800-000000000600}\nProcessId: 4128\nImage: C:\\Python37\\python.exe\nUser: BREACH\\client3\nProtocol: tcp\nInitiated: true\nSourceIsIpv6: false\nSourceIp: 172.16.1.3\nSourceHostname: CLIENT3.breach.local\nSourcePort: 56614\nSourcePortName: -\nDestinationIsIpv6: false\nDestinationIp: 172.17.0.2\nDestinationHostname: -\nDestinationPort: 25\nDestinationPortName: smtp", "network": {"community_id": "1:6r9lfJ1X1dYOUh/hIOeUIbe7yt8=", "direction": "outbound", "protocol": "smtp", "transport": "tcp", "type": "ipv4"}, "process": {"entity_id": "{4901c233-249c-63a0-8800-000000000600}", "executable": "C:\\Python37\\python.exe", "name": "python.exe", "pid": 4128}, "related": {"ip": ["172.16.1.3", "172.17.0.2"], "user": "client3"}, "rule": {"name": "SMTP"}, "source": {"domain": "CLIENT3.breach.local", "ip": "172.16.1.3", "port": 56614}, "user": {"domain": "BREACH", "name": "client3"}, "winlog": {"api": "wineventlog", "channel": "Microsoft-Windows-Sysmon/Operational", "computer_name": "CLIENT3.breach.local", "event_data": {"SourcePortName": "-"}, "event_id": 3, "opcode": "Info", "process": {"pid": 2052, "thread": {"id": 2644}}, "provider_guid": "{5770385f-c22a-43e0-bf4c-06f5698ffbd9}", "provider_name": "Microsoft-Windows-Sysmon", "record_id": 6656, "task": "Network connection detected (rule: NetworkConnect)", "user": {"domain": "NT AUTHORITY", "identifier": "S-1-5-18", "name": "SYSTEM", "type": "User"}, "version": 5}}
{"@timestamp": "2022-12-19T10:02:35.646Z", "agent": {"ephemeral_id": "f998276c-afe4-4463-aba7-6d1241c5c07f", "hostname": "CLIENT2", "id": "a5ea4d3e-40c5-43d5-9a2e-ed2c48327430", "name": "CLIENT2", "type": "winlogbeat", "version": "7.10.2"}, "destination": {"domain": "-", "ip": "172.17.0.2", "port": 25}, "ecs": {"version": "1.5.0"}, "event": {"action": "Network connection detected (rule: NetworkConnect)", "category": ["network"], "code": 3, "created": "2022-12-19T10:02:38.683Z", "kind": "event", "module": "sysmon", "provider": "Microsoft-Windows-Sysmon", "type": ["connection", "start", "protocol"]}, "host": {"name": "CLIENT2.breach.local"}, "log": {"level": "information"}, "message": "Network connection detected:\nRuleName: SMTP\nUtcTime: 2022-12-19 10:02:35.646\nProcessGuid: {4901c233-249a-63a0-8a00-000000000600}\nProcessId: 5176\nImage: C:\\Python37\\python.exe\nUser: BREACH\\client2\nProtocol: tcp\nInitiated: true\nSourceIsIpv6: false\nSourceIp: 172.16.1.2\nSourceHostname: CLIENT2.breach.local\nSourcePort: 53702\nSourcePortName: -\nDestinationIsIpv6: false\nDestinationIp: 172.17.0.2\nDestinationHostname: -\nDestinationPort: 25\nDestinationPortName: smtp", "network": {"community_id": "1:V6bSaaV5hSXzI05kWcV1PEWBIto=", "direction": "outbound", "protocol": "smtp", "transport": "tcp", "type": "ipv4"}, "process": {"entity_id": "{4901c233-249a-63a0-8a00-000000000600}", "executable": "C:\\Python37\\python.exe", "name": "python.exe", "pid": 5176}, "related": {"ip": ["172.16.1.2", "172.17.0.2"], "user": "client2"}, "rule": {"name": "SMTP"}, "source": {"domain": "CLIENT2.breach.local", "ip": "172.16.1.2", "port": 53702}, "user": {"domain": "BREACH", "name": "client2"}, "winlog": {"api": "wineventlog", "channel": "Microsoft-Windows-Sysmon/Operational", "computer_name": "CLIENT2.breach.local", "event_data": {"SourcePortName": "-"}, "event_id": 3, "opcode": "Info", "process": {"pid": 1912, "thread": {"id": 2556}}, "provider_guid": "{5770385f-c22a-43e0-bf4c-06f5698ffbd9}", "provider_name": "Microsoft-Windows-Sysmon", "record_id": 4388, "task": "Network connection detected (rule: NetworkConnect)", "user": {"domain": "NT AUTHORITY", "identifier": "S-1-5-18", "name": "SYSTEM", "type": "User"}, "version": 5}}
{"@timestamp": "2022-12-19T10:02:37.337Z", "agent": {"ephemeral_id": "9f267527-6a01-4adf-bfdd-37fe019af17c", "hostname": "CLIENT3", "id": "a5ea4d3e-40c5-43d5-9a2e-ed2c48327430", "name": "CLIENT3", "type": "winlogbeat", "version": "7.10.2"}, "destination": {"domain": "-", "ip": "172.17.0.2", "port": 25}, "ecs": {"version": "1.5.0"}, "event": {"action": "Network connection detected (rule: NetworkConnect)", "category": ["network"], "code": 3, "created": "2022-12-19T10:02:39.617Z", "kind": "event", "module": "sysmon", "provider": "Microsoft-Windows-Sysmon", "type": ["connection", "start", "protocol"]}, "host": {"name": "CLIENT3.breach.local"}, "log": {"level": "information"}, "message": "Network connection detected:\nRuleName: SMTP\nUtcTime: 2022-12-19 10:02:37.337\nProcessGuid: {4901c233-249c-63a0-8800-000000000600}\nProcessId: 4128\nImage: C:\\Python37\\python.exe\nUser: BREACH\\client3\nProtocol: tcp\nInitiated: true\nSourceIsIpv6: false\nSourceIp: 172.16.1.3\nSourceHostname: CLIENT3.breach.local\nSourcePort: 56612\nSourcePortName: -\nDestinationIsIpv6: false\nDestinationIp: 172.17.0.2\nDestinationHostname: -\nDestinationPort: 25\nDestinationPortName: smtp", "network": {"community_id": "1:Kgj3P7rcURzoaxQIsOovVIfxnaA=", "direction": "outbound", "protocol": "smtp", "transport": "tcp", "type": "ipv4"}, "process": {"entity_id": "{4901c233-249c-63a0-8800-000000000600}", "executable": "C:\\Python37\\python.exe", "name": "python.exe", "pid": 4128}, "related": {"ip": ["172.16.1.3", "172.17.0.2"], "user": "client3"}, "rule": {"name": "SMTP"}, "source": {"domain": "CLIENT3.breach.local", "ip": "172.16.1.3", "port": 56612}, "user": {"domain": "BREACH", "name": "client3"}, "winlog": {"api": "wineventlog", "channel": "Microsoft-Windows-Sysmon/Operational", "computer_name": "CLIENT3.breach.local", "event_data": {"SourcePortName": "-"}, "event_id": 3, "opcode": "Info", "process": {"pid": 2052, "thread": {"id": 2644}}, "provider_guid": "{5770385f-c22a-43e0-bf4c-06f5698ffbd9}", "provider_name": "Microsoft-Windows-Sysmon", "record_id": 6654, "task": "Network connection detected (rule: NetworkConnect)", "user": {"domain": "NT AUTHORITY", "identifier": "S-1-5-18", "name": "SYSTEM", "type": "User"}, "version": 5}}
{"@timestamp": "2022-12-19T10:02:59.146Z", "agent": {"ephemeral_id": "f998276c-afe4-4463-aba7-6d1241c5c07f", "hostname": "CLIENT2", "id": "a5ea4d3e-40c5-43d5-9a2e-ed2c48327430", "name": "CLIENT2", "type": "winlogbeat", "version": "7.10.2"}, "destination": {"domain": "-", "ip": "172.17.0.2", "port": 25}, "ecs": {"version": "1.5.0"}, "event": {"action": "Network connection detected (rule: NetworkConnect)", "category": ["network"], "code": 3, "created": "2022-12-19T10:03:02.790Z", "kind": "event", "module": "sysmon", "provider": "Microsoft-Windows-Sysmon", "type": ["connection", "start", "protocol"]}, "host": {"name": "CLIENT2.breach.local"}, "log": {"level": "information"}, "message": "Network connection detected:\nRuleName: SMTP\nUtcTime: 2022-12-19 10:02:59.146\nProcessGuid: {4901c233-249a-63a0-8a00-000000000600}\nProcessId: 5176\nImage: C:\\Python37\\python.exe\nUser: BREACH\\client2\nProtocol: tcp\nInitiated: true\nSourceIsIpv6: false\nSourceIp: 172.16.1.2\nSourceHostname: CLIENT2.breach.local\nSourcePort: 53706\nSourcePortName: -\nDestinationIsIpv6: false\nDestinationIp: 172.17.0.2\nDestinationHostname: -\nDestinationPort: 25\nDestinationPortName: smtp", "network": {"community_id": "1:ymtSq6LddKWEocueUYMrJKtCrvo=", "direction": "outbound", "protocol": "smtp", "transport": "tcp", "type": "ipv4"}, "process": {"entity_id": "{4901c233-249a-63a0-8a00-000000000600}", "executable": "C:\\Python37\\python.exe", "name": "python.exe", "pid": 5176}, "related": {"ip": ["172.16.1.2", "172.17.0.2"], "user": "client2"}, "rule": {"name": "SMTP"}, "source": {"domain": "CLIENT2.breach.local", "ip": "172.16.1.2", "port": 53706}, "user": {"domain": "BREACH", "name": "client2"}, "winlog": {"api": "wineventlog", "channel": "Microsoft-Windows-Sysmon/Operational", "computer_name": "CLIENT2.breach.local", "event_data": {"SourcePortName": "-"}, "event_id": 3, "opcode": "Info", "process": {"pid": 1912, "thread": {"id": 2556}}, "provider_guid": "{5770385f-c22a-43e0-bf4c-06f5698ffbd9}", "provider_name": "Microsoft-Windows-Sysmon", "record_id": 4392, "task": "Network connection detected (rule: NetworkConnect)", "user": {"domain": "NT AUTHORITY", "identifier": "S-1-5-18", "name": "SYSTEM", "type": "User"}, "version": 5}}
{"@timestamp": "2022-12-19T10:03:00.875Z", "agent": {"ephemeral_id": "9f267527-6a01-4adf-bfdd-37fe019af17c", "hostname": "CLIENT3", "id": "a5ea4d3e-40c5-43d5-9a2e-ed2c48327430", "name": "CLIENT3", "type": "winlogbeat", "version": "7.10.2"}, "destination": {"domain": "-", "ip": "172.17.0.2", "port": 25}, "ecs": {"version": "1.5.0"}, "event": {"action": "Network connection detected (rule: NetworkConnect)", "category": ["network"], "code": 3, "created": "2022-12-19T10:03:03.773Z", "kind": "event", "module": "sysmon", "provider": "Microsoft-Windows-Sysmon", "type": ["connection", "start", "protocol"]}, "host": {"name": "CLIENT3.breach.local"}, "log": {"level": "information"}, "message": "Network connection detected:\nRuleName: SMTP\nUtcTime: 2022-12-19 10:03:00.875\nProcessGuid: {4901c233-249c-63a0-8800-000000000600}\nProcessId: 4128\nImage: C:\\Python37\\python.exe\nUser: BREACH\\client3\nProtocol: tcp\nInitiated: true\nSourceIsIpv6: false\nSourceIp: 172.16.1.3\nSourceHostname: CLIENT3.breach.local\nSourcePort: 56618\nSourcePortName: -\nDestinationIsIpv6: false\nDestinationIp: 172.17.0.2\nDestinationHostname: -\nDestinationPort: 25\nDestinationPortName: smtp", "network": {"community_id": "1:Qz8RUZMyyrAs3cEHDHoGkSf856w=", "direction": "outbound", "protocol": "smtp", "transport": "tcp", "type": "ipv4"}, "process": {"entity_id": "{4901c233-249c-63a0-8800-000000000600}", "executable": "C:\\Python37\\python.exe", "name": "python.exe", "pid": 4128}, "related": {"ip": ["172.16.1.3", "172.17.0.2"], "user": "client3"}, "rule": {"name": "SMTP"}, "source": {"domain": "CLIENT3.breach.local", "ip": "172.16.1.3", "port": 56618}, "user": {"domain": "BREACH", "name": "client3"}, "winlog": {"api": "wineventlog", "channel": "Microsoft-Windows-Sysmon/Operational", "computer_name": "CLIENT3.breach.local", "event_data": {"SourcePortName": "-"}, "event_id": 3, "opcode": "Info", "process": {"pid": 2052, "thread": {"id": 2644}}, "provider_guid": "{5770385f-c22a-43e0-bf4c-06f5698ffbd9}", "provider_name": "Microsoft-Windows-Sysmon", "record_id": 6658, "task": "Network connection detected (rule: NetworkConnect)", "user": {"domain": "NT AUTHORITY", "identifier": "S-1-5-18", "name": "SYSTEM", "type": "User"}, "version": 5}}
{"@timestamp": "2022-12-19T10:02:18.876Z", "agent": {"ephemeral_id": "f998276c-afe4-4463-aba7-6d1241c5c07f", "hostname": "CLIENT2", "id": "a5ea4d3e-40c5-43d5-9a2e-ed2c48327430", "name": "CLIENT2", "type": "winlogbeat", "version": "7.10.2"}, "destination": {"domain": "-", "ip": "172.17.0.2", "port": 25}, "ecs": {"version": "1.5.0"}, "event": {"action": "Network connection detected (rule: NetworkConnect)", "category": ["network"], "code": 3, "created": "2022-12-19T10:02:21.592Z", "kind": "event", "module": "sysmon", "provider": "Microsoft-Windows-Sysmon", "type": ["connection", "start", "protocol"]}, "host": {"name": "CLIENT2.breach.local"}, "log": {"level": "information"}, "message": "Network connection detected:\nRuleName: SMTP\nUtcTime: 2022-12-19 10:02:18.876\nProcessGuid: {4901c233-249a-63a0-8a00-000000000600}\nProcessId: 5176\nImage: C:\\Python37\\python.exe\nUser: BREACH\\client2\nProtocol: tcp\nInitiated: true\nSourceIsIpv6: false\nSourceIp: 172.16.1.2\nSourceHostname: CLIENT2.breach.local\nSourcePort: 53700\nSourcePortName: -\nDestinationIsIpv6: false\nDestinationIp: 172.17.0.2\nDestinationHostname: -\nDestinationPort: 25\nDestinationPortName: smtp", "network": {"community_id": "1:DmVyS8g1/FNi7Er8kWbGE7n1sdw=", "direction": "outbound", "protocol": "smtp", "transport": "tcp", "type": "ipv4"}, "process": {"entity_id": "{4901c233-249a-63a0-8a00-000000000600}", "executable": "C:\\Python37\\python.exe", "name": "python.exe", "pid": 5176}, "related": {"ip": ["172.16.1.2", "172.17.0.2"], "user": "client2"}, "rule": {"name": "SMTP"}, "source": {"domain": "CLIENT2.breach.local", "ip": "172.16.1.2", "port": 53700}, "user": {"domain": "BREACH", "name": "client2"}, "winlog": {"api": "wineventlog", "channel": "Microsoft-Windows-Sysmon/Operational", "computer_name": "CLIENT2.breach.local", "event_data": {"SourcePortName": "-"}, "event_id": 3, "opcode": "Info", "process": {"pid": 1912, "thread": {"id": 2556}}, "provider_guid": "{5770385f-c22a-43e0-bf4c-06f5698ffbd9}", "provider_name": "Microsoft-Windows-Sysmon", "record_id": 4386, "task": "Network connection detected (rule: NetworkConnect)", "user": {"domain": "NT AUTHORITY", "identifier": "S-1-5-18", "name": "SYSTEM", "type": "User"}, "version": 5}}
{"@timestamp": "2022-12-19T10:02:20.384Z", "agent": {"ephemeral_id": "75382475-4494-4885-af56-0a918c9c7d5b", "hostname": "CLIENT1", "id": "a5ea4d3e-40c5-43d5-9a2e-ed2c48327430", "name": "CLIENT1", "type": "winlogbeat", "version": "7.10.2"}, "destination": {"domain": "-", "ip": "172.17.0.2", "port": 25}, "ecs": {"version": "1.5.0"}, "event": {"action": "Network connection detected (rule: NetworkConnect)", "category": ["network"], "code": 3, "created": "2022-12-19T10:02:23.198Z", "kind": "event", "module": "sysmon", "provider": "Microsoft-Windows-Sysmon", "type": ["connection", "start", "protocol"]}, "host": {"name": "CLIENT1.breach.local"}, "log": {"level": "information"}, "message": "Network connection detected:\nRuleName: SMTP\nUtcTime: 2022-12-19 10:02:20.384\nProcessGuid: {4901c233-24ce-63a0-8a00-000000000600}\nProcessId: 4856\nImage: C:\\Python37\\python.exe\nUser: BREACH\\client1\nProtocol: tcp\nInitiated: true\nSourceIsIpv6: false\nSourceIp: 172.16.1.1\nSourceHostname: CLIENT1.breach.local\nSourcePort: 54079\nSourcePortName: -\nDestinationIsIpv6: false\nDestinationIp: 172.17.0.2\nDestinationHostname: -\nDestinationPort: 25\nDestinationPortName: smtp", "network": {"community_id": "1:1U/zGVP7CVHPewqy7y2jT6+12QU=", "direction": "outbound", "protocol": "smtp", "transport": "tcp", "type": "ipv4"}, "process": {"entity_id": "{4901c233-24ce-63a0-8a00-000000000600}", "executable": "C:\\Python37\\python.exe", "name": "python.exe", "pid": 4856}, "related": {"ip": ["172.16.1.1", "172.17.0.2"], "user": "client1"}, "rule": {"name": "SMTP"}, "source": {"domain": "CLIENT1.breach.local", "ip": "172.16.1.1", "port": 54079}, "user": {"domain": "BREACH", "name": "client1"}, "winlog": {"api": "wineventlog", "channel": "Microsoft-Windows-Sysmon/Operational", "computer_name": "CLIENT1.breach.local", "event_data": {"SourcePortName": "-"}, "event_id": 3, "opcode": "Info", "process": {"pid": 2072, "thread": {"id": 2576}}, "provider_guid": "{5770385f-c22a-43e0-bf4c-06f5698ffbd9}", "provider_name": "Microsoft-Windows-Sysmon", "record_id": 4485, "task": "Network connection detected (rule: NetworkConnect)", "user": {"domain": "NT AUTHORITY", "identifier": "S-1-5-18", "name": "SYSTEM", "type": "User"}, "version": 5}}
{"@timestamp": "2022-12-19T10:02:25.583Z", "agent": {"ephemeral_id": "9f267527-6a01-4adf-bfdd-37fe019af17c", "hostname": "CLIENT3", "id": "a5ea4d3e-40c5-43d5-9a2e-ed2c48327430", "name": "CLIENT3", "type": "winlogbeat", "version": "7.10.2"}, "destination": {"domain": "-", "ip": "172.17.0.2", "port": 25}, "ecs": {"version": "1.5.0"}, "event": {"action": "Network connection detected (rule: NetworkConnect)", "category": ["network"], "code": 3, "created": "2022-12-19T10:02:28.491Z", "kind": "event", "module": "sysmon", "provider": "Microsoft-Windows-Sysmon", "type": ["connection", "start", "protocol"]}, "host": {"name": "CLIENT3.breach.local"}, "log": {"level": "information"}, "message": "Network connection detected:\nRuleName: SMTP\nUtcTime: 2022-12-19 10:02:25.583\nProcessGuid: {4901c233-249c-63a0-8800-000000000600}\nProcessId: 4128\nImage: C:\\Python37\\python.exe\nUser: BREACH\\client3\nProtocol: tcp\nInitiated: true\nSourceIsIpv6: false\nSourceIp: 172.16.1.3\nSourceHostname: CLIENT3.breach.local\nSourcePort: 56610\nSourcePortName: -\nDestinationIsIpv6: false\nDestinationIp: 172.17.0.2\nDestinationHostname: -\nDestinationPort: 25\nDestinationPortName: smtp", "network": {"community_id": "1:81sacq1IsPnkiTTQFi4tsmKSXqk=", "direction": "outbound", "protocol": "smtp", "transport": "tcp", "type": "ipv4"}, "process": {"entity_id": "{4901c233-249c-63a0-8800-000000000600}", "executable": "C:\\Python37\\python.exe", "name": "python.exe", "pid": 4128}, "related": {"ip": ["172.16.1.3", "172.17.0.2"], "user": "client3"}, "rule": {"name": "SMTP"}, "source": {"domain": "CLIENT3.breach.local", "ip": "172.16.1.3", "port": 56610}, "user": {"domain": "BREACH", "name": "client3"}, "winlog": {"api": "wineventlog", "channel": "Microsoft-Windows-Sysmon/Operational", "computer_name": "CLIENT3.breach.local", "event_data": {"SourcePortName": "-"}, "event_id": 3, "opcode": "Info", "process": {"pid": 2052, "thread": {"id": 2644}}, "provider_guid": "{5770385f-c22a-43e0-bf4c-06f5698ffbd9}", "provider_name": "Microsoft-Windows-Sysmon", "record_id": 6652, "task": "Network connection detected (rule: NetworkConnect)", "user": {"domain": "NT AUTHORITY", "identifier": "S-1-5-18", "name": "SYSTEM", "type": "User"}, "version": 5}}
{"@timestamp": "2022-12-19T10:02:26.239Z", "agent": {"ephemeral_id": "75382475-4494-4885-af56-0a918c9c7d5b", "hostname": "CLIENT1", "id": "a5ea4d3e-40c5-43d5-9a2e-ed2c48327430", "name": "CLIENT1", "type": "winlogbeat", "version": "7.10.2"}, "destination": {"domain": "-", "ip": "172.17.0.2", "port": 25}, "ecs": {"version": "1.5.0"}, "event": {"action": "Network connection detected (rule: NetworkConnect)", "category": ["network"], "code": 3, "created": "2022-12-19T10:02:29.245Z", "kind": "event", "module": "sysmon", "provider": "Microsoft-Windows-Sysmon", "type": ["connection", "start", "protocol"]}, "host": {"name": "CLIENT1.breach.local"}, "log": {"level": "information"}, "message": "Network connection detected:\nRuleName: SMTP\nUtcTime: 2022-12-19 10:02:26.239\nProcessGuid: {4901c233-24ce-63a0-8a00-000000000600}\nProcessId: 4856\nImage: C:\\Python37\\python.exe\nUser: BREACH\\client1\nProtocol: tcp\nInitiated: true\nSourceIsIpv6: false\nSourceIp: 172.16.1.1\nSourceHostname: CLIENT1.breach.local\nSourcePort: 54080\nSourcePortName: -\nDestinationIsIpv6: false\nDestinationIp: 172.17.0.2\nDestinationHostname: -\nDestinationPort: 25\nDestinationPortName: smtp", "network": {"community_id": "1:0obl31LAcY19xlIKR9LbpuZ5lZk=", "direction": "outbound", "protocol": "smtp", "transport": "tcp", "type": "ipv4"}, "process": {"entity_id": "{4901c233-24ce-63a0-8a00-000000000600}", "executable": "C:\\Python37\\python.exe", "name": "python.exe", "pid": 4856}, "related": {"ip": ["172.16.1.1", "172.17.0.2"], "user": "client1"}, "rule": {"name": "SMTP"}, "source": {"domain": "CLIENT1.breach.local", "ip": "172.16.1.1", "port": 54080}, "user": {"domain": "BREACH", "name": "client1"}, "winlog": {"api": "wineventlog", "channel": "Microsoft-Windows-Sysmon/Operational", "computer_name": "CLIENT1.breach.local", "event_data": {"SourcePortName": "-"}, "event_id": 3, "opcode": "Info", "process": {"pid": 2072, "thread": {"id": 2576}}, "provider_guid": "{5770385f-c22a-43e0-bf4c-06f5698ffbd9}", "provider_name": "Microsoft-Windows-Sysmon", "record_id": 4486, "task": "Network connection detected (rule: NetworkConnect)", "user": {"domain": "NT AUTHORITY", "identifier": "S-1-5-18", "name": "SYSTEM", "type": "User"}, "version": 5}}
{"@timestamp": "2022-12-19T10:02:43.225Z", "agent": {"ephemeral_id": "9f267527-6a01-4adf-bfdd-37fe019af17c", "hostname": "CLIENT3", "id": "a5ea4d3e-40c5-43d5-9a2e-ed2c48327430", "name": "CLIENT3", "type": "winlogbeat", "version": "7.10.2"}, "destination": {"domain": "-", "ip": "172.17.0.2", "port": 25}, "ecs": {"version": "1.5.0"}, "event": {"action": "Network connection detected (rule: NetworkConnect)", "category": ["network"], "code": 3, "created": "2022-12-19T10:02:45.663Z", "kind": "event", "module": "sysmon", "provider": "Microsoft-Windows-Sysmon", "type": ["connection", "start", "protocol"]}, "host": {"name": "CLIENT3.breach.local"}, "log": {"level": "information"}, "message": "Network connection detected:\nRuleName: SMTP\nUtcTime: 2022-12-19 10:02:43.225\nProcessGuid: {4901c233-249c-63a0-8800-000000000600}\nProcessId: 4128\nImage: C:\\Python37\\python.exe\nUser: BREACH\\client3\nProtocol: tcp\nInitiated: true\nSourceIsIpv6: false\nSourceIp: 172.16.1.3\nSourceHostname: CLIENT3.breach.local\nSourcePort: 56613\nSourcePortName: -\nDestinationIsIpv6: false\nDestinationIp: 172.17.0.2\nDestinationHostname: -\nDestinationPort: 25\nDestinationPortName: smtp", "network": {"community_id": "1:XxWCT5mP1tp0zMw80XWxuqchxts=", "direction": "outbound", "protocol": "smtp", "transport": "tcp", "type": "ipv4"}, "process": {"entity_id": "{4901c233-249c-63a0-8800-000000000600}", "executable": "C:\\Python37\\python.exe", "name": "python.exe", "pid": 4128}, "related": {"ip": ["172.16.1.3", "172.17.0.2"], "user": "client3"}, "rule": {"name": "SMTP"}, "source": {"domain": "CLIENT3.breach.local", "ip": "172.16.1.3", "port": 56613}, "user": {"domain": "BREACH", "name": "client3"}, "winlog": {"api": "wineventlog", "channel": "Microsoft-Windows-Sysmon/Operational", "computer_name": "CLIENT3.breach.local", "event_data": {"SourcePortName": "-"}, "event_id": 3, "opcode": "Info", "process": {"pid": 2052, "thread": {"id": 2644}}, "provider_guid": "{5770385f-c22a-43e0-bf4c-06f5698ffbd9}", "provider_name": "Microsoft-Windows-Sysmon", "record_id": 6655, "task": "Network connection detected (rule: NetworkConnect)", "user": {"domain": "NT AUTHORITY", "identifier": "S-1-5-18", "name": "SYSTEM", "type": "User"}, "version": 5}}
{"@timestamp": "2022-12-19T10:03:05.029Z", "agent": {"ephemeral_id": "f998276c-afe4-4463-aba7-6d1241c5c07f", "hostname": "CLIENT2", "id": "a5ea4d3e-40c5-43d5-9a2e-ed2c48327430", "name": "CLIENT2", "type": "winlogbeat", "version": "7.10.2"}, "destination": {"domain": "-", "ip": "172.17.0.2", "port": 25}, "ecs": {"version": "1.5.0"}, "event": {"action": "Network connection detected (rule: NetworkConnect)", "category": ["network"], "code": 3, "created": "2022-12-19T10:03:07.834Z", "kind": "event", "module": "sysmon", "provider": "Microsoft-Windows-Sysmon", "type": ["connection", "start", "protocol"]}, "host": {"name": "CLIENT2.breach.local"}, "log": {"level": "information"}, "message": "Network connection detected:\nRuleName: SMTP\nUtcTime: 2022-12-19 10:03:05.029\nProcessGuid: {4901c233-249a-63a0-8a00-000000000600}\nProcessId: 5176\nImage: C:\\Python37\\python.exe\nUser: BREACH\\client2\nProtocol: tcp\nInitiated: true\nSourceIsIpv6: false\nSourceIp: 172.16.1.2\nSourceHostname: CLIENT2.breach.local\nSourcePort: 53707\nSourcePortName: -\nDestinationIsIpv6: false\nDestinationIp: 172.17.0.2\nDestinationHostname: -\nDestinationPort: 25\nDestinationPortName: smtp", "network": {"community_id": "1:E6Un39r8tK/dKYeoHi7itrbcD+4=", "direction": "outbound", "protocol": "smtp", "transport": "tcp", "type": "ipv4"}, "process": {"entity_id": "{4901c233-249a-63a0-8a00-000000000600}", "executable": "C:\\Python37\\python.exe", "name": "python.exe", "pid": 5176}, "related": {"ip": ["172.16.1.2", "172.17.0.2"], "user": "client2"}, "rule": {"name": "SMTP"}, "source": {"domain": "CLIENT2.breach.local", "ip": "172.16.1.2", "port": 53707}, "user": {"domain": "BREACH", "name": "client2"}, "winlog": {"api": "wineventlog", "channel": "Microsoft-Windows-Sysmon/Operational", "computer_name": "CLIENT2.breach.local", "event_data": {"SourcePortName": "-"}, "event_id": 3, "opcode": "Info", "process": {"pid": 1912, "thread": {"id": 2556}}, "provider_guid": "{5770385f-c22a-43e0-bf4c-06f5698ffbd9}", "provider_name": "Microsoft-Windows-Sysmon", "record_id": 4393, "task": "Network connection detected (rule: NetworkConnect)", "user": {"domain": "NT AUTHORITY", "identifier": "S-1-5-18", "name": "SYSTEM", "type": "User"}, "version": 5}}
{"@timestamp": "2022-12-19T10:02:53.237Z", "agent": {"ephemeral_id": "f998276c-afe4-4463-aba7-6d1241c5c07f", "hostname": "CLIENT2", "id": "a5ea4d3e-40c5-43d5-9a2e-ed2c48327430", "name": "CLIENT2", "type": "winlogbeat", "version": "7.10.2"}, "destination": {"domain": "-", "ip": "172.17.0.2", "port": 25}, "ecs": {"version": "1.5.0"}, "event": {"action": "Network connection detected (rule: NetworkConnect)", "category": ["network"], "code": 3, "created": "2022-12-19T10:02:55.747Z", "kind": "event", "module": "sysmon", "provider": "Microsoft-Windows-Sysmon", "type": ["connection", "start", "protocol"]}, "host": {"name": "CLIENT2.breach.local"}, "log": {"level": "information"}, "message": "Network connection detected:\nRuleName: SMTP\nUtcTime: 2022-12-19 10:02:53.237\nProcessGuid: {4901c233-249a-63a0-8a00-000000000600}\nProcessId: 5176\nImage: C:\\Python37\\python.exe\nUser: BREACH\\client2\nProtocol: tcp\nInitiated: true\nSourceIsIpv6: false\nSourceIp: 172.16.1.2\nSourceHostname: CLIENT2.breach.local\nSourcePort: 53705\nSourcePortName: -\nDestinationIsIpv6: false\nDestinationIp: 172.17.0.2\nDestinationHostname: -\nDestinationPort: 25\nDestinationPortName: smtp", "network": {"community_id": "1:2ooL+6dcc4/RO27d2gYc+JDZJqo=", "direction": "outbound", "protocol": "smtp", "transport": "tcp", "type": "ipv4"}, "process": {"entity_id": "{4901c233-249a-63a0-8a00-000000000600}", "executable": "C:\\Python37\\python.exe", "name": "python.exe", "pid": 5176}, "related": {"ip": ["172.16.1.2", "172.17.0.2"], "user": "client2"}, "rule": {"name": "SMTP"}, "source": {"domain": "CLIENT2.breach.local", "ip": "172.16.1.2", "port": 53705}, "user": {"domain": "BREACH", "name": "client2"}, "winlog": {"api": "wineventlog", "channel": "Microsoft-Windows-Sysmon/Operational", "computer_name": "CLIENT2.breach.local", "event_data": {"SourcePortName": "-"}, "event_id": 3, "opcode": "Info", "process": {"pid": 1912, "thread": {"id": 2556}}, "provider_guid": "{5770385f-c22a-43e0-bf4c-06f5698ffbd9}", "provider_name": "Microsoft-Windows-Sysmon", "record_id": 4391, "task": "Network connection detected (rule: NetworkConnect)", "user": {"domain": "NT AUTHORITY", "identifier": "S-1-5-18", "name": "SYSTEM", "type": "User"}, "version": 5}}
{"@timestamp": "2022-12-19T10:03:18.545Z", "agent": {"ephemeral_id": "9f267527-6a01-4adf-bfdd-37fe019af17c", "hostname": "CLIENT3", "id": "a5ea4d3e-40c5-43d5-9a2e-ed2c48327430", "name": "CLIENT3", "type": "winlogbeat", "version": "7.10.2"}, "destination": {"domain": "-", "ip": "172.17.0.2", "port": 25}, "ecs": {"version": "1.5.0"}, "event": {"action": "Network connection detected (rule: NetworkConnect)", "category": ["network"], "code": 3, "created": "2022-12-19T10:03:20.883Z", "kind": "event", "module": "sysmon", "provider": "Microsoft-Windows-Sysmon", "type": ["connection", "start", "protocol"]}, "host": {"name": "CLIENT3.breach.local"}, "log": {"level": "information"}, "message": "Network connection detected:\nRuleName: SMTP\nUtcTime: 2022-12-19 10:03:18.545\nProcessGuid: {4901c233-249c-63a0-8800-000000000600}\nProcessId: 4128\nImage: C:\\Python37\\python.exe\nUser: BREACH\\client3\nProtocol: tcp\nInitiated: true\nSourceIsIpv6: false\nSourceIp: 172.16.1.3\nSourceHostname: CLIENT3.breach.local\nSourcePort: 56623\nSourcePortName: -\nDestinationIsIpv6: false\nDestinationIp: 172.17.0.2\nDestinationHostname: -\nDestinationPort: 25\nDestinationPortName: smtp", "network": {"community_id": "1:RSeMucb8PBLZoAcVTu98RtB78aI=", "direction": "outbound", "protocol": "smtp", "transport": "tcp", "type": "ipv4"}, "process": {"entity_id": "{4901c233-249c-63a0-8800-000000000600}", "executable": "C:\\Python37\\python.exe", "name": "python.exe", "pid": 4128}, "related": {"ip": ["172.16.1.3", "172.17.0.2"], "user": "client3"}, "rule": {"name": "SMTP"}, "source": {"domain": "CLIENT3.breach.local", "ip": "172.16.1.3", "port": 56623}, "user": {"domain": "BREACH", "name": "client3"}, "winlog": {"api": "wineventlog", "channel": "Microsoft-Windows-Sysmon/Operational", "computer_name": "CLIENT3.breach.local", "event_data": {"SourcePortName": "-"}, "event_id": 3, "opcode": "Info", "process": {"pid": 2052, "thread": {"id": 2644}}, "provider_guid": "{5770385f-c22a-43e0-bf4c-06f5698ffbd9}", "provider_name": "Microsoft-Windows-Sysmon", "record_id": 6661, "task": "Network connection detected (rule: NetworkConnect)", "user": {"domain": "NT AUTHORITY", "identifier": "S-1-5-18", "name": "SYSTEM", "type": "User"}, "version": 5}}
