{"@timestamp": "2022-12-19T10:06:05.779Z", "agent": {"ephemeral_id": "75382475-4494-4885-af56-0a918c9c7d5b", "hostname": "CLIENT1", "id": "a5ea4d3e-40c5-43d5-9a2e-ed2c48327430", "name": "CLIENT1", "type": "winlogbeat", "version": "7.10.2"}, "ecs": {"version": "1.5.0"}, "event": {"action": "File created (rule: FileCreate)", "category": ["file"], "code": 11, "created": "2022-12-19T10:06:07.017Z", "kind": "event", "module": "sysmon", "provider": "Microsoft-Windows-Sysmon", "type": ["creation"]}, "file": {"directory": "C:\\Program Files\\WindowsApps\\Microsoft.GetHelp_10.2208.2551.0_x64__8wekyb3d8bbwe", "extension": "dll", "name": "WebView2Loader.dll", "path": "C:\\Program Files\\WindowsApps\\Microsoft.GetHelp_10.2208.2551.0_x64__8wekyb3d8bbwe\\WebView2Loader.dll"}, "host": {"name": "CLIENT1.breach.local"}, "log": {"level": "information"}, "message": "File created:\nRuleName: DLL\nUtcTime: 2022-12-19 10:06:05.779\nProcessGuid: {4901c233-247b-63a0-3600-000000000600}\nProcessId: 712\nImage: C:\\Windows\\System32\\svchost.exe\nTargetFilename: C:\\Program Files\\WindowsApps\\Microsoft.GetHelp_10.2208.2551.0_x64__8wekyb3d8bbwe\\WebView2Loader.dll\nCreationUtcTime: 2022-12-19 10:06:05.763\nUser: NT AUTHORITY\\SYSTEM", "process": {"entity_id": "{4901c233-247b-63a0-3600-000000000600}", "executable": "C:\\Windows\\System32\\svchost.exe", "name": "svchost.exe", "pid": 712}, "rule": {"name": "DLL"}, "winlog": {"api": "wineventlog", "channel": "Microsoft-Windows-Sysmon/Operational", "computer_name": "CLIENT1.breach.local", "event_data": {"CreationUtcTime": "2022-12-19 10:06:05.763", "User": "NT AUTHORITY\\SYSTEM"}, "event_id": 11, "opcode": "Info", "process": {"pid": 2072, "thread": {"id": 2684}}, "provider_guid": "{5770385f-c22a-43e0-bf4c-06f5698ffbd9}", "provider_name": "Microsoft-Windows-Sysmon", "record_id": 4549, "task": "File created (rule: FileCreate)", "user": {"domain": "NT AUTHORITY", "identifier": "S-1-5-18", "name": "SYSTEM", "type": "User"}, "version": 2}}
{"@timestamp": "2022-12-19T10:02:11.031Z", "agent": {"ephemeral_id": "9f267527-6a01-4adf-bfdd-37fe019af17c", "hostname": "CLIENT3", "id": "a5ea4d3e-40c5-43d5-9a2e-ed2c48327430", "name": "CLIENT3", "type": "winlogbeat", "version": "7.10.2"}, "dns": {"question": {"name": "r3.o.lencr.org", "registered_domain": "lencr.org"}}, "ecs": {"version": "1.5.0"}, "event": {"action": "Dns query (rule: DnsQuery)", "category": ["network"], "code": 22, "created": "2022-12-19T10:02:13.400Z", "kind": "event", "module": "sysmon", "provider": "Microsoft-Windows-Sysmon", "type": ["connection", "protocol", "info"]}, "host": {"name": "CLIENT3.breach.local"}, "log": {"level": "information"}, "message": "Dns query:\nRuleName: -\nUtcTime: 2022-12-19 10:02:11.031\nProcessGuid: {4901c233-3674-63a0-660c-000000000600}\nProcessId: 1484\nQueryName: r3.o.lencr.org\nQueryStatus: 9002\nQueryResults: -\nImage: C:\\Program Files (x86)\\Mozilla Firefox\\firefox.exe\nUser: BREACH\\client3", "network": {"protocol": "dns"}, "process": {"entity_id": "{4901c233-3674-63a0-660c-000000000600}", "executable": "C:\\Program Files (x86)\\Mozilla Firefox\\firefox.exe", "name": "firefox.exe", "pid": 1484}, "sysmon": {"dns": {"status": "DNS_ERROR_RCODE_SERVER_FAILURE"}}, "winlog": {"api": "wineventlog", "channel": "Microsoft-Windows-Sysmon/Operational", "computer_name": "CLIENT3.breach.local", "event_data": {"RuleName": "-", "User": "BREACH\\client3"}, "event_id": 22, "opcode": "Info", "process": {"pid": 2052, "thread": {"id": 2760}}, "provider_guid": "{5770385f-c22a-43e0-bf4c-06f5698ffbd9}", "provider_name": "Microsoft-Windows-Sysmon", "record_id": 6648, "task": "Dns query (rule: DnsQuery)", "user": {"domain": "NT AUTHORITY", "identifier": "S-1-5-18", "name": "SYSTEM", "type": "User"}, "version": 5}}
{"@timestamp": "2022-12-19T10:06:17.557Z", "agent": {"ephemeral_id": "75382475-4494-4885-af56-0a918c9c7d5b", "hostname": "CLIENT1", "id": "a5ea4d3e-40c5-43d5-9a2e-ed2c48327430", "name": "CLIENT1", "type": "winlogbeat", "version": "7.10.2"}, "ecs": {"version": "1.5.0"}, "event": {"action": "User Account Management", "code": 5379, "created": "2022-12-19T10:06:19.430Z", "kind": "event", "outcome": "success", "provider": "Microsoft-Windows-Security-Auditing"}, "host": {"name": "CLIENT1.breach.local"}, "log": {"level": "information"}, "message": "Credential Manager credentials were read.\n\nSubject:\n\tSecurity ID:\t\tS-1-5-21-3613504208-1130562752-3296265829-1103\n\tAccount Name:\t\tclient1\n\tAccount Domain:\t\tBREACH\n\tLogon ID:\t\t0x40283\n\tRead Operation:\t\tEnumerate Credentials\n\nThis event occurs when a user performs a read operation on stored credentials in Credential Manager.", "winlog": {"activity_id": "{1ff30d06-1386-0001-670d-f31f8613d901}", "api": "wineventlog", "channel": "Security", "computer_name": "CLIENT1.breach.local", "event_data": {"ClientProcessId": "356", "CountOfCredentialsReturned": "0", "ProcessCreationTime": "2022-12-19T08:44:39.5357044Z", "ReadOperation": "%%8100", "ReturnCode": "3221226021", "SubjectDomainName": "BREACH", "SubjectLogonId": "0x40283", "SubjectUserName": "client1", "SubjectUserSid": "S-1-5-21-3613504208-1130562752-3296265829-1103", "TargetName": "MicrosoftAccount:user=02zfvhfvucfacffp", "Type": "0"}, "event_id": 5379, "keywords": ["Audit Success"], "opcode": "Info", "process": {"pid": 624, "thread": {"id": 5444}}, "provider_guid": "{54849625-5478-4994-a5ba-3e3b0328c30d}", "provider_name": "Microsoft-Windows-Security-Auditing", "record_id": 7060, "task": "User Account Management"}}
{"@timestamp": "2022-12-19T10:06:19.800Z", "agent": {"ephemeral_id": "75382475-4494-4885-af56-0a918c9c7d5b", "hostname": "CLIENT1", "id": "a5ea4d3e-40c5-43d5-9a2e-ed2c48327430", "name": "CLIENT1", "type": "winlogbeat", "version": "7.10.2"}, "destination": {"domain": "-", "ip": "172.17.0.2", "port": 25}, "ecs": {"version": "1.5.0"}, "event": {"action": "Network connection detected (rule: NetworkConnect)", "category": ["network"], "code": 3, "created": "2022-12-19T10:06:21.226Z", "kind": "event", "module": "sysmon", "provider": "Microsoft-Windows-Sysmon", "type": ["connection", "start", "protocol"]}, "host": {"name": "CLIENT1.breach.local"}, "log": {"level": "information"}, "message": "Network connection detected:\nRuleName: SMTP\nUtcTime: 2022-12-19 10:06:19.800\nProcessGuid: {4901c233-24ce-63a0-8a00-000000000600}\nProcessId: 4856\nImage: C:\\Python37\\python.exe\nUser: BREACH\\client1\nProtocol: tcp\nInitiated: true\nSourceIsIpv6: false\nSourceIp: 172.16.1.1\nSourceHostname: CLIENT1.breach.local\nSourcePort: 54294\nSourcePortName: -\nDestinationIsIpv6: false\nDestinationIp: 172.17.0.2\nDestinationHostname: -\nDestinationPort: 25\nDestinationPortName: smtp", "network": {"community_id": "1:bZ0lxg0YNOqRcgHfUY7QddeDPvI=", "direction": "outbound", "protocol": "smtp", "transport": "tcp", "type": "ipv4"}, "process": {"entity_id": "{4901c233-24ce-63a0-8a00-000000000600}", "executable": "C:\\Python37\\python.exe", "name": "python.exe", "pid": 4856}, "related": {"ip": ["172.16.1.1", "172.17.0.2"], "user": "client1"}, "rule": {"name": "SMTP"}, "source": {"domain": "CLIENT1.breach.local", "ip": "172.16.1.1", "port": 54294}, "user": {"domain": "BREACH", "name": "client1"}, "winlog": {"api": "wineventlog", "channel": "Microsoft-Windows-Sysmon/Operational", "computer_name": "CLIENT1.breach.local", "event_data": {"SourcePortName": "-"}, "event_id": 3, "opcode": "Info", "process": {"pid": 2072, "thread": {"id": 2576}}, "provider_guid": "{5770385f-c22a-43e0-bf4c-06f5698ffbd9}", "provider_name": "Microsoft-Windows-Sysmon", "record_id": 4560, "task": "Network connection detected (rule: NetworkConnect)", "user": {"domain": "NT AUTHORITY", "identifier": "S-1-5-18", "name": "SYSTEM", "type": "User"}, "version": 5}}
{"@timestamp": "2022-12-19T10:06:41.686Z", "agent": {"ephemeral_id": "f998276c-afe4-4463-aba7-6d1241c5c07f", "hostname": "CLIENT2", "id": "a5ea4d3e-40c5-43d5-9a2e-ed2c48327430", "name": "CLIENT2", "type": "winlogbeat", "version": "7.10.2"}, "destination": {"domain": "-", "ip": "172.17.0.2", "port": 25}, "ecs": {"version": "1.5.0"}, "event": {"action": "Network connection detected (rule: NetworkConnect)", "category": ["network"], "code": 3, "created": "2022-12-19T10:06:44.912Z", "kind": "event", "module": "sysmon", "provider": "Microsoft-Windows-Sysmon", "type": ["connection", "start", "protocol"]}, "host": {"name": "CLIENT2.breach.local"}, "log": {"level": "information"}, "message": "Network connection detected:\nRuleName: SMTP\nUtcTime: 2022-12-19 10:06:41.686\nProcessGuid: {4901c233-249a-63a0-8a00-000000000600}\nProcessId: 5176\nImage: C:\\Python37\\python.exe\nUser: BREACH\\client2\nProtocol: tcp\nInitiated: true\nSourceIsIpv6: false\nSourceIp: 172.16.1.2\nSourceHostname: CLIENT2.breach.local\nSourcePort: 53744\nSourcePortName: -\nDestinationIsIpv6: false\nDestinationIp: 172.17.0.2\nDestinationHostname: -\nDestinationPort: 25\nDestinationPortName: smtp", "network": {"community_id": "1:5nNoRANzFcVAlVi2aNf0odCs/9s=", "direction": "outbound", "protocol": "smtp", "transport": "tcp", "type": "ipv4"}, "process": {"entity_id": "{4901c233-249a-63a0-8a00-000000000600}", "executable": "C:\\Python37\\python.exe", "name": "python.exe", "pid": 5176}, "related": {"ip": ["172.16.1.2", "172.17.0.2"], "user": "client2"}, "rule": {"name": "SMTP"}, "source": {"domain": "CLIENT2.breach.local", "ip": "172.16.1.2", "port": 53744}, "user": {"domain": "BREACH", "name": "client2"}, "winlog": {"api": "wineventlog", "channel": "Microsoft-Windows-Sysmon/Operational", "computer_name": "CLIENT2.breach.local", "event_data": {"SourcePortName": "-"}, "event_id": 3, "opcode": "Info", "process": {"pid": 1912, "thread": {"id": 2556}}, "provider_guid": "{5770385f-c22a-43e0-bf4c-06f5698ffbd9}", "provider_name": "Microsoft-Windows-Sysmon", "record_id": 4429, "task": "Network connection detected (rule: NetworkConnect)", "user": {"domain": "NT AUTHORITY", "identifier": "S-1-5-18", "name": "SYSTEM", "type": "User"}, "version": 5}}
{"@timestamp": "2022-12-19T10:06:43.569Z", "agent": {"ephemeral_id": "9f267527-6a01-4adf-bfdd-37fe019af17c", "hostname": "CLIENT3", "id": "a5ea4d3e-40c5-43d5-9a2e-ed2c48327430", "name": "CLIENT3", "type": "winlogbeat", "version": "7.10.2"}, "destination": {"domain": "-", "ip": "172.17.0.2", "port": 25}, "ecs": {"version": "1.5.0"}, "event": {"action": "Network connection detected (rule: NetworkConnect)", "category": ["network"], "code": 3, "created": "2022-12-19T10:06:46.290Z", "kind": "event", "module": "sysmon", "provider": "Microsoft-Windows-Sysmon", "type": ["connection", "start", "protocol"]}, "host": {"name": "CLIENT3.breach.local"}, "log": {"level": "information"}, "message": "Network connection detected:\nRuleName: SMTP\nUtcTime: 2022-12-19 10:06:43.569\nProcessGuid: {4901c233-249c-63a0-8800-000000000600}\nProcessId: 4128\nImage: C:\\Python37\\python.exe\nUser: BREACH\\client3\nProtocol: tcp\nInitiated: true\nSourceIsIpv6: false\nSourceIp: 172.16.1.3\nSourceHostname: CLIENT3.breach.local\nSourcePort: 56660\nSourcePortName: -\nDestinationIsIpv6: false\nDestinationIp: 172.17.0.2\nDestinationHostname: -\nDestinationPort: 25\nDestinationPortName: smtp", "network": {"community_id": "1:ZJnwezJr1n8VKjIzZz5r2yfxakE=", "direction": "outbound", "protocol": "smtp", "transport": "tcp", "type": "ipv4"}, "process": {"entity_id": "{4901c233-249c-63a0-8800-000000000600}", "executable": "C:\\Python37\\python.exe", "name": "python.exe", "pid": 4128}, "related": {"ip": ["172.16.1.3", "172.17.0.2"], "user": "client3"}, "rule": {"name": "SMTP"}, "source": {"domain": "CLIENT3.breach.local", "ip": "172.16.1.3", "port": 56660}, "user": {"domain": "BREACH", "name": "client3"}, "winlog": {"api": "wineventlog", "channel": "Microsoft-Windows-Sysmon/Operational", "computer_name": "CLIENT3.breach.local", "event_data": {"SourcePortName": "-"}, "event_id": 3, "opcode": "Info", "process": {"pid": 2052, "thread": {"id": 2644}}, "provider_guid": "{5770385f-c22a-43e0-bf4c-06f5698ffbd9}", "provider_name": "Microsoft-Windows-Sysmon", "record_id": 6696, "task": "Network connection detected (rule: NetworkConnect)", "user": {"domain": "NT AUTHORITY", "identifier": "S-1-5-18", "name": "SYSTEM", "type": "User"}, "version": 5}}
{"@timestamp": "2022-12-19T10:06:31.591Z", "agent": {"ephemeral_id": "75382475-4494-4885-af56-0a918c9c7d5b", "hostname": "CLIENT1", "id": "a5ea4d3e-40c5-43d5-9a2e-ed2c48327430", "name": "CLIENT1", "type": "winlogbeat", "version": "7.10.2"}, "destination": {"domain": "-", "ip": "172.17.0.2", "port": 25}, "ecs": {"version": "1.5.0"}, "event": {"action": "Network connection detected (rule: NetworkConnect)", "category": ["network"], "code": 3, "created": "2022-12-19T10:06:34.418Z", "kind": "event", "module": "sysmon", "provider": "Microsoft-Windows-Sysmon", "type": ["connection", "start", "protocol"]}, "host": {"name": "CLIENT1.breach.local"}, "log": {"level": "information"}, "message": "Network connection detected:\nRuleName: SMTP\nUtcTime: 2022-12-19 10:06:31.591\nProcessGuid: {4901c233-24ce-63a0-8a00-000000000600}\nProcessId: 4856\nImage: C:\\Python37\\python.exe\nUser: BREACH\\client1\nProtocol: tcp\nInitiated: true\nSourceIsIpv6: false\nSourceIp: 172.16.1.1\nSourceHostname: CLIENT1.breach.local\nSourcePort: 54325\nSourcePortName: -\nDestinationIsIpv6: false\nDestinationIp: 172.17.0.2\nDestinationHostname: -\nDestinationPort: 25\nDestinationPortName: smtp", "network": {"community_id": "1:k30sMDJxZkOn1AClwxBpmOThxCM=", "direction": "outbound", "protocol": "smtp", "transport": "tcp", "type": "ipv4"}, "process": {"entity_id": "{4901c233-24ce-63a0-8a00-000000000600}", "executable": "C:\\Python37\\python.exe", "name": "python.exe", "pid": 4856}, "related": {"ip": ["172.16.1.1", "172.17.0.2"], "user": "client1"}, "rule": {"name": "SMTP"}, "source": {"domain": "CLIENT1.breach.local", "ip": "172.16.1.1", "port": 54325}, "user": {"domain": "BREACH", "name": "client1"}, "winlog": {"api": "wineventlog", "channel": "Microsoft-Windows-Sysmon/Operational", "computer_name": "CLIENT1.breach.local", "event_data": {"SourcePortName": "-"}, "event_id": 3, "opcode": "Info", "process": {"pid": 2072, "thread": {"id": 2576}}, "provider_guid": "{5770385f-c22a-43e0-bf4c-06f5698ffbd9}", "provider_name": "Microsoft-Windows-Sysmon", "record_id": 4569, "task": "Network connection detected (rule: NetworkConnect)", "user": {"domain": "NT AUTHORITY", "identifier": "S-1-5-18", "name": "SYSTEM", "type": "User"}, "version": 5}}
{"@timestamp": "2022-12-19T10:02:47.370Z", "agent": {"ephemeral_id": "f998276c-afe4-4463-aba7-6d1241c5c07f", "hostname": "CLIENT2", "id": "a5ea4d3e-40c5-43d5-9a2e-ed2c48327430", "name": "CLIENT2", "type": "winlogbeat", "version": "7.10.2"}, "destination": {"domain": "-", "ip": "172.17.0.2", "port": 25}, "ecs": {"version": "1.5.0"}, "event": {"action": "Network connection detected (rule: NetworkConnect)", "category": ["network"], "code": 3, "created": "2022-12-19T10:02:50.727Z", "kind": "event", "module": "sysmon", "provider": "Microsoft-Windows-Sysmon", "type": ["connection", "start", "protocol"]}, "host": {"name": "CLIENT2.breach.local"}, "log": {"level": "information"}, "message": "Network connection detected:\nRuleName: SMTP\nUtcTime: 2022-12-19 10:02:47.370\nProcessGuid: {4901c233-249a-63a0-8a00-000000000600}\nProcessId: 5176\nImage: C:\\Python37\\python.exe\nUser: BREACH\\client2\nProtocol: tcp\nInitiated: true\nSourceIsIpv6: false\nSourceIp: 172.16.1.2\nSourceHostname: CLIENT2.breach.local\nSourcePort: 53704\nSourcePortName: -\nDestinationIsIpv6: false\nDestinationIp: 172.17.0.2\nDestinationHostname: -\nDestinationPort: 25\nDestinationPortName: smtp", "network": {"community_id": "1:mr/4nUOaTAyMcPerWbts8T43TT0=", "direction": "outbound", "protocol": "smtp", "transport": "tcp", "type": "ipv4"}, "process": {"entity_id": "{4901c233-249a-63a0-8a00-000000000600}", "executable": "C:\\Python37\\python.exe", "name": "python.exe", "pid": 5176}, "related": {"ip": ["172.16.1.2", "172.17.0.2"], "user": "client2"}, "rule": {"name": "SMTP"}, "source": {"domain": "CLIENT2.breach.local", "ip": "172.16.1.2", "port": 53704}, "user": {"domain": "BREACH", "name": "client2"}, "winlog": {"api": "wineventlog", "channel": "Microsoft-Windows-Sysmon/Operational", "computer_name": "CLIENT2.breach.local", "event_data": {"SourcePortName": "-"}, "event_id": 3, "opcode": "Info", "process": {"pid": 1912, "thread": {"id": 2556}}, "provider_guid": "{5770385f-c22a-43e0-bf4c-06f5698ffbd9}", "provider_name": "Microsoft-Windows-Sysmon", "record_id": 4390, "task": "Network connection detected (rule: NetworkConnect)", "user": {"domain": "NT AUTHORITY", "identifier": "S-1-5-18", "name": "SYSTEM", "type": "User"}, "version": 5}}
{"@timestamp": "2022-12-19T10:06:49.251Z", "agent": {"ephemeral_id": "75382475-4494-4885-af56-0a918c9c7d5b", "hostname": "CLIENT1", "id": "a5ea4d3e-40c5-43d5-9a2e-ed2c48327430", "name": "CLIENT1", "type": "winlogbeat", "version": "7.10.2"}, "destination": {"domain": "-", "ip": "172.17.0.2", "port": 25}, "ecs": {"version": "1.5.0"}, "event": {"action": "Network connection detected (rule: NetworkConnect)", "category": ["network"], "code": 3, "created": "2022-12-19T10:06:51.525Z", "kind": "event", "module": "sysmon", "provider": "Microsoft-Windows-Sysmon", "type": ["connection", "start", "protocol"]}, "host": {"name": "CLIENT1.breach.local"}, "log": {"level": "information"}, "message": "Network connection detected:\nRuleName: SMTP\nUtcTime: 2022-12-19 10:06:49.251\nProcessGuid: {4901c233-24ce-63a0-8a00-000000000600}\nProcessId: 4856\nImage: C:\\Python37\\python.exe\nUser: BREACH\\client1\nProtocol: tcp\nInitiated: true\nSourceIsIpv6: false\nSourceIp: 172.16.1.1\nSourceHostname: CLIENT1.breach.local\nSourcePort: 54335\nSourcePortName: -\nDestinationIsIpv6: false\nDestinationIp: 172.17.0.2\nDestinationHostname: -\nDestinationPort: 25\nDestinationPortName: smtp", "network": {"community_id": "1:cHzm2q+YT9ynd1IN9Pa7Fw/lqTk=", "direction": "outbound", "protocol": "smtp", "transport": "tcp", "type": "ipv4"}, "process": {"entity_id": "{4901c233-24ce-63a0-8a00-000000000600}", "executable": "C:\\Python37\\python.exe", "name": "python.exe", "pid": 4856}, "related": {"ip": ["172.16.1.1", "172.17.0.2"], "user": "client1"}, "rule": {"name": "SMTP"}, "source": {"domain": "CLIENT1.breach.local", "ip": "172.16.1.1", "port": 54335}, "user": {"domain": "BREACH", "name": "client1"}, "winlog": {"api": "wineventlog", "channel": "Microsoft-Windows-Sysmon/Operational", "computer_name": "CLIENT1.breach.local", "event_data": {"SourcePortName": "-"}, "event_id": 3, "opcode": "Info", "process": {"pid": 2072, "thread": {"id": 2576}}, "provider_guid": "{5770385f-c22a-43e0-bf4c-06f5698ffbd9}", "provider_name": "Microsoft-Windows-Sysmon", "record_id": 4572, "task": "Network connection detected (rule: NetworkConnect)", "user": {"domain": "NT AUTHORITY", "identifier": "S-1-5-18", "name": "SYSTEM", "type": "User"}, "version": 5}}
{"@timestamp": "2022-12-19T10:02:54.795Z", "agent": {"ephemeral_id": "75382475-4494-4885-af56-0a918c9c7d5b", "hostname": "CLIENT1", "id": "a5ea4d3e-40c5-43d5-9a2e-ed2c48327430", "name": "CLIENT1", "type": "winlogbeat", "version": "7.10.2"}, "destination": {"domain": "-", "ip": "172.17.0.2", "port": 25}, "ecs": {"version": "1.5.0"}, "event": {"action": "Network connection detected (rule: NetworkConnect)", "category": ["network"], "code": 3, "created": "2022-12-19T10:02:57.415Z", "kind": "event", "module": "sysmon", "provider": "Microsoft-Windows-Sysmon", "type": ["connection", "start", "protocol"]}, "host": {"name": "CLIENT1.breach.local"}, "log": {"level": "information"}, "message": "Network connection detected:\nRuleName: SMTP\nUtcTime: 2022-12-19 10:02:54.795\nProcessGuid: {4901c233-24ce-63a0-8a00-000000000600}\nProcessId: 4856\nImage: C:\\Python37\\python.exe\nUser: BREACH\\client1\nProtocol: tcp\nInitiated: true\nSourceIsIpv6: false\nSourceIp: 172.16.1.1\nSourceHostname: CLIENT1.breach.local\nSourcePort: 54090\nSourcePortName: -\nDestinationIsIpv6: false\nDestinationIp: 172.17.0.2\nDestinationHostname: -\nDestinationPort: 25\nDestinationPortName: smtp", "network": {"community_id": "1:96fwRoLx8b91iQ5IZvY3wi5exZ8=", "direction": "outbound", "protocol": "smtp", "transport": "tcp", "type": "ipv4"}, "process": {"entity_id": "{4901c233-24ce-63a0-8a00-000000000600}", "executable": "C:\\Python37\\python.exe", "name": "python.exe", "pid": 4856}, "related": {"ip": ["172.16.1.1", "172.17.0.2"], "user": "client1"}, "rule": {"name": "SMTP"}, "source": {"domain": "CLIENT1.breach.local", "ip": "172.16.1.1", "port": 54090}, "user": {"domain": "BREACH", "name": "client1"}, "winlog": {"api": "wineventlog", "channel": "Microsoft-Windows-Sysmon/Operational", "computer_name": "CLIENT1.breach.local", "event_data": {"SourcePortName": "-"}, "event_id": 3, "opcode": "Info", "process": {"pid": 2072, "thread": {"id": 2576}}, "provider_guid": "{5770385f-c22a-43e0-bf4c-06f5698ffbd9}", "provider_name": "Microsoft-Windows-Sysmon", "record_id": 4490, "task": "Network connection detected (rule: NetworkConnect)", "user": {"domain": "NT AUTHORITY", "identifier": "S-1-5-18", "name": "SYSTEM", "type": "User"}, "version": 5}}
{"@timestamp": "2022-12-19T10:06:12.497Z", "agent": {"ephemeral_id": "75382475-4494-4885-af56-0a918c9c7d5b", "hostname": "CLIENT1", "id": "a5ea4d3e-40c5-43d5-9a2e-ed2c48327430", "name": "CLIENT1", "type": "winlogbeat", "version": "7.10.2"}, "ecs": {"version": "1.5.0"}, "event": {"action": "Windows Update Agent", "code": 44, "created": "2022-12-19T10:06:14.396Z", "kind": "event", "provider": "Microsoft-Windows-WindowsUpdateClient"}, "host": {"name": "CLIENT1.breach.local"}, "log": {"level": "information"}, "message": "Windows Update started downloading an update.", "winlog": {"api": "wineventlog", "channel": "System", "computer_name": "CLIENT1.breach.local", "event_data": {"updateGuid": "{78d00b8d-c973-4e6d-bab8-6d829f76fb3d}", "updateRevisionNumber": "1", "updateTitle": "9PLL735RFDSM-Microsoft.NET.Native.Runtime.2.2"}, "event_id": 44, "keywords": ["Download", "Started"], "opcode": "Download", "process": {"pid": 356, "thread": {"id": 2844}}, "provider_guid": "{945a8954-c147-4acd-923f-40c45405a658}", "provider_name": "Microsoft-Windows-WindowsUpdateClient", "record_id": 815, "task": "Windows Update Agent", "user": {"domain": "NT AUTHORITY", "identifier": "S-1-5-18", "name": "SYSTEM", "type": "User"}, "version": 1}}
{"@timestamp": "2022-12-19T10:03:00.679Z", "agent": {"ephemeral_id": "75382475-4494-4885-af56-0a918c9c7d5b", "hostname": "CLIENT1", "id": "a5ea4d3e-40c5-43d5-9a2e-ed2c48327430", "name": "CLIENT1", "type": "winlogbeat", "version": "7.10.2"}, "destination": {"domain": "-", "ip": "172.17.0.2", "port": 25}, "ecs": {"version": "1.5.0"}, "event": {"action": "Network connection detected (rule: NetworkConnect)", "category": ["network"], "code": 3, "created": "2022-12-19T10:03:03.468Z", "kind": "event", "module": "sysmon", "provider": "Microsoft-Windows-Sysmon", "type": ["connection", "start", "protocol"]}, "host": {"name": "CLIENT1.breach.local"}, "log": {"level": "information"}, "message": "Network connection detected:\nRuleName: SMTP\nUtcTime: 2022-12-19 10:03:00.679\nProcessGuid: {4901c233-24ce-63a0-8a00-000000000600}\nProcessId: 4856\nImage: C:\\Python37\\python.exe\nUser: BREACH\\client1\nProtocol: tcp\nInitiated: true\nSourceIsIpv6: false\nSourceIp: 172.16.1.1\nSourceHostname: CLIENT1.breach.local\nSourcePort: 54092\nSourcePortName: -\nDestinationIsIpv6: false\nDestinationIp: 172.17.0.2\nDestinationHostname: -\nDestinationPort: 25\nDestinationPortName: smtp", "network": {"community_id": "1:F9Ydj6tKmDebMvMtakVRFPAUFag=", "direction": "outbound", "protocol": "smtp", "transport": "tcp", "type": "ipv4"}, "process": {"entity_id": "{4901c233-24ce-63a0-8a00-000000000600}", "executable": "C:\\Python37\\python.exe", "name": "python.exe", "pid": 4856}, "related": {"ip": ["172.16.1.1", "172.17.0.2"], "user": "client1"}, "rule": {"name": "SMTP"}, "source": {"domain": "CLIENT1.breach.local", "ip": "172.16.1.1", "port": 54092}, "user": {"domain": "BREACH", "name": "client1"}, "winlog": {"api": "wineventlog", "channel": "Microsoft-Windows-Sysmon/Operational", "computer_name": "CLIENT1.breach.local", "event_data": {"SourcePortName": "-"}, "event_id": 3, "opcode": "Info", "process": {"pid": 2072, "thread": {"id": 2576}}, "provider_guid": "{5770385f-c22a-43e0-bf4c-06f5698ffbd9}", "provider_name": "Microsoft-Windows-Sysmon", "record_id": 4491, "task": "Network connection detected (rule: NetworkConnect)", "user": {"domain": "NT AUTHORITY", "identifier": "S-1-5-18", "name": "SYSTEM", "type": "User"}, "version": 5}}
{"@timestamp": "2022-12-19T10:06:13.035Z", "agent": {"ephemeral_id": "75382475-4494-4885-af56-0a918c9c7d5b", "hostname": "CLIENT1", "id": "a5ea4d3e-40c5-43d5-9a2e-ed2c48327430", "name": "CLIENT1", "type": "winlogbeat", "version": "7.10.2"}, "ecs": {"version": "1.5.0"}, "event": {"action": "Windows Update Agent", "code": 19, "created": "2022-12-19T10:06:14.396Z", "kind": "event", "provider": "Microsoft-Windows-WindowsUpdateClient"}, "host": {"name": "CLIENT1.breach.local"}, "log": {"level": "information"}, "message": "Installation Successful: Windows successfully installed the following update: 9NSTH9KHZDLQ-Microsoft.UI.Xaml.2.8", "winlog": {"activity_id": "{1ff30d06-1386-0000-9194-f41f8613d901}", "api": "wineventlog", "channel": "System", "computer_name": "CLIENT1.breach.local", "event_data": {"serviceGuid": "{855e8a7c-ecb4-4ca3-b045-1dfa50104289}", "updateGuid": "{038a3b7a-8af7-4cdf-811e-4c08ee63edaa}", "updateRevisionNumber": "1", "updateTitle": "9NSTH9KHZDLQ-Microsoft.UI.Xaml.2.8"}, "event_id": 19, "keywords": ["Installation", "Success"], "opcode": "Installation", "process": {"pid": 356, "thread": {"id": 2844}}, "provider_guid": "{945a8954-c147-4acd-923f-40c45405a658}", "provider_name": "Microsoft-Windows-WindowsUpdateClient", "record_id": 818, "task": "Windows Update Agent", "user": {"domain": "NT AUTHORITY", "identifier": "S-1-5-18", "name": "SYSTEM", "type": "User"}, "version": 1}}
{"@timestamp": "2022-12-19T10:06:13.352Z", "agent": {"ephemeral_id": "75382475-4494-4885-af56-0a918c9c7d5b", "hostname": "CLIENT1", "id": "a5ea4d3e-40c5-43d5-9a2e-ed2c48327430", "name": "CLIENT1", "type": "winlogbeat", "version": "7.10.2"}, "ecs": {"version": "1.5.0"}, "event": {"code": 16, "created": "2022-12-19T10:06:14.396Z", "kind": "event", "provider": "Microsoft-Windows-Kernel-General"}, "host": {"name": "CLIENT1.breach.local"}, "log": {"level": "information"}, "message": "The access history in hive \\??\\C:\\Users\\client1\\AppData\\Local\\Packages\\Microsoft.GetHelp_8wekyb3d8bbwe\\Settings\\settings.dat was cleared updating 3 keys and creating 1 modified pages.", "winlog": {"api": "wineventlog", "channel": "System", "computer_name": "CLIENT1.breach.local", "event_data": {"DirtyPages": "1", "HiveName": "\\??\\C:\\Users\\client1\\AppData\\Local\\Packages\\Microsoft.GetHelp_8wekyb3d8bbwe\\Settings\\settings.dat", "HiveNameLength": "97", "KeysUpdated": "3"}, "event_id": 16, "opcode": "Info", "process": {"pid": 712, "thread": {"id": 3928}}, "provider_guid": "{a68ca8b7-004f-d7b6-a698-07e2de0f1f5d}", "provider_name": "Microsoft-Windows-Kernel-General", "record_id": 820, "task": "", "user": {"domain": "BREACH", "identifier": "S-1-5-21-3613504208-1130562752-3296265829-1103", "name": "client1", "type": "User"}}}
{"@timestamp": "2022-12-19T10:02:32.875Z", "agent": {"ephemeral_id": "75382475-4494-4885-af56-0a918c9c7d5b", "hostname": "CLIENT1", "id": "a5ea4d3e-40c5-43d5-9a2e-ed2c48327430", "name": "CLIENT1", "type": "winlogbeat", "version": "7.10.2"}, "ecs": {"version": "1.5.0"}, "event": {"code": 16, "created": "2022-12-19T10:02:34.714Z", "kind": "event", "provider": "Microsoft-Windows-Kernel-General"}, "host": {"name": "CLIENT1.breach.local"}, "log": {"level": "information"}, "message": "The access history in hive \\??\\C:\\ProgramData\\Microsoft\\Windows\\AppRepository\\Packages\\Microsoft.ScreenSketch_10.2008.2277.0_x64__8wekyb3d8bbwe\\ActivationStore.dat was cleared updating 0 keys and creating 0 modified pages.", "winlog": {"api": "wineventlog", "channel": "System", "computer_name": "CLIENT1.breach.local", "event_data": {"DirtyPages": "0", "HiveName": "\\??\\C:\\ProgramData\\Microsoft\\Windows\\AppRepository\\Packages\\Microsoft.ScreenSketch_10.2008.2277.0_x64__8wekyb3d8bbwe\\ActivationStore.dat", "HiveNameLength": "136", "KeysUpdated": "0"}, "event_id": 16, "opcode": "Info", "process": {"pid": 712, "thread": {"id": 3852}}, "provider_guid": "{a68ca8b7-004f-d7b6-a698-07e2de0f1f5d}", "provider_name": "Microsoft-Windows-Kernel-General", "record_id": 760, "task": "", "user": {"domain": "NT AUTHORITY", "identifier": "S-1-5-18", "name": "SYSTEM", "type": "User"}}}
{"@timestamp": "2022-12-19T10:06:14.213Z", "agent": {"ephemeral_id": "75382475-4494-4885-af56-0a918c9c7d5b", "hostname": "CLIENT1", "id": "a5ea4d3e-40c5-43d5-9a2e-ed2c48327430", "name": "CLIENT1", "type": "winlogbeat", "version": "7.10.2"}, "ecs": {"version": "1.5.0"}, "event": {"action": "Windows Update Agent", "code": 19, "created": "2022-12-19T10:06:15.399Z", "kind": "event", "provider": "Microsoft-Windows-WindowsUpdateClient"}, "host": {"name": "CLIENT1.breach.local"}, "log": {"level": "information"}, "message": "Installation Successful: Windows successfully installed the following update: 9PKDZBMV1H3T-Microsoft.GetHelp", "winlog": {"activity_id": "{1ff30d06-1386-0000-9894-f41f8613d901}", "api": "wineventlog", "channel": "System", "computer_name": "CLIENT1.breach.local", "event_data": {"serviceGuid": "{855e8a7c-ecb4-4ca3-b045-1dfa50104289}", "updateGuid": "{ff3ea76e-7a36-400b-982a-399ff2a6ba4f}", "updateRevisionNumber": "1", "updateTitle": "9PKDZBMV1H3T-Microsoft.GetHelp"}, "event_id": 19, "keywords": ["Installation", "Success"], "opcode": "Installation", "process": {"pid": 356, "thread": {"id": 2844}}, "provider_guid": "{945a8954-c147-4acd-923f-40c45405a658}", "provider_name": "Microsoft-Windows-WindowsUpdateClient", "record_id": 821, "task": "Windows Update Agent", "user": {"domain": "NT AUTHORITY", "identifier": "S-1-5-18", "name": "SYSTEM", "type": "User"}, "version": 1}}
{"@timestamp": "2022-12-19T10:03:10.062Z", "agent": {"ephemeral_id": "75382475-4494-4885-af56-0a918c9c7d5b", "hostname": "CLIENT1", "id": "a5ea4d3e-40c5-43d5-9a2e-ed2c48327430", "name": "CLIENT1", "type": "winlogbeat", "version": "7.10.2"}, "ecs": {"version": "1.5.0"}, "event": {"action": "File created (rule: FileCreate)", "category": ["file"], "code": 11, "created": "2022-12-19T10:03:11.566Z", "kind": "event", "module": "sysmon", "provider": "Microsoft-Windows-Sysmon", "type": ["creation"]}, "file": {"directory": "C:\\Program Files\\WindowsApps\\Microsoft.MicrosoftStickyNotes_4.5.7.0_x64__8wekyb3d8bbwe", "extension": "dll", "name": "Microsoft.Applications.Telemetry.Windows-managed.dll", "path": "C:\\Program Files\\WindowsApps\\Microsoft.MicrosoftStickyNotes_4.5.7.0_x64__8wekyb3d8bbwe\\Microsoft.Applications.Telemetry.Windows-managed.dll"}, "host": {"name": "CLIENT1.breach.local"}, "log": {"level": "information"}, "message": "File created:\nRuleName: DLL\nUtcTime: 2022-12-19 10:03:10.062\nProcessGuid: {4901c233-247b-63a0-3600-000000000600}\nProcessId: 712\nImage: C:\\Windows\\System32\\svchost.exe\nTargetFilename: C:\\Program Files\\WindowsApps\\Microsoft.MicrosoftStickyNotes_4.5.7.0_x64__8wekyb3d8bbwe\\Microsoft.Applications.Telemetry.Windows-managed.dll\nCreationUtcTime: 2022-12-19 10:03:10.062\nUser: NT AUTHORITY\\SYSTEM", "process": {"entity_id": "{4901c233-247b-63a0-3600-000000000600}", "executable": "C:\\Windows\\System32\\svchost.exe", "name": "svchost.exe", "pid": 712}, "rule": {"name": "DLL"}, "winlog": {"api": "wineventlog", "channel": "Microsoft-Windows-Sysmon/Operational", "computer_name": "CLIENT1.breach.local", "event_data": {"CreationUtcTime": "2022-12-19 10:03:10.062", "User": "NT AUTHORITY\\SYSTEM"}, "event_id": 11, "opcode": "Info", "process": {"pid": 2072, "thread": {"id": 2684}}, "provider_guid": "{5770385f-c22a-43e0-bf4c-06f5698ffbd9}", "provider_name": "Microsoft-Windows-Sysmon", "record_id": 4494, "task": "File created (rule: FileCreate)", "user": {"domain": "NT AUTHORITY", "identifier": "S-1-5-18", "name": "SYSTEM", "type": "User"}, "version": 2}}
{"@timestamp": "2022-12-19T10:07:00.335Z", "agent": {"ephemeral_id": "9f267527-6a01-4adf-bfdd-37fe019af17c", "hostname": "CLIENT3", "id": "a5ea4d3e-40c5-43d5-9a2e-ed2c48327430", "name": "CLIENT3", "type": "winlogbeat", "version": "7.10.2"}, "destination": {"domain": "-", "ip": "172.17.0.2", "port": 25}, "ecs": {"version": "1.5.0"}, "event": {"action": "Network connection detected (rule: NetworkConnect)", "category": ["network"], "code": 3, "created": "2022-12-19T10:07:03.393Z", "kind": "event", "module": "sysmon", "provider": "Microsoft-Windows-Sysmon", "type": ["connection", "start", "protocol"]}, "host": {"name": "CLIENT3.breach.local"}, "log": {"level": "information"}, "message": "Network connection detected:\nRuleName: SMTP\nUtcTime: 2022-12-19 10:07:00.335\nProcessGuid: {4901c233-249c-63a0-8800-000000000600}\nProcessId: 4128\nImage: C:\\Python37\\python.exe\nUser: BREACH\\client3\nProtocol: tcp\nInitiated: true\nSourceIsIpv6: false\nSourceIp: 172.16.1.3\nSourceHostname: CLIENT3.breach.local\nSourcePort: 56662\nSourcePortName: -\nDestinationIsIpv6: false\nDestinationIp: 172.17.0.2\nDestinationHostname: -\nDestinationPort: 25\nDestinationPortName: smtp", "network": {"community_id": "1:+vqy4cC+JIHXs/oZ4XNQiWKnx7o=", "direction": "outbound", "protocol": "smtp", "transport": "tcp", "type": "ipv4"}, "process": {"entity_id": "{4901c233-249c-63a0-8800-000000000600}", "executable": "C:\\Python37\\python.exe", "name": "python.exe", "pid": 4128}, "related": {"ip": ["172.16.1.3", "172.17.0.2"], "user": "client3"}, "rule": {"name": "SMTP"}, "source": {"domain": "CLIENT3.breach.local", "ip": "172.16.1.3", "port": 56662}, "user": {"domain": "BREACH", "name": "client3"}, "winlog": {"api": "wineventlog", "channel": "Microsoft-Windows-Sysmon/Operational", "computer_name": "CLIENT3.breach.local", "event_data": {"SourcePortName": "-"}, "event_id": 3, "opcode": "Info", "process": {"pid": 2052, "thread": {"id": 2644}}, "provider_guid": "{5770385f-c22a-43e0-bf4c-06f5698ffbd9}", "provider_name": "Microsoft-Windows-Sysmon", "record_id": 6698, "task": "Network connection detected (rule: NetworkConnect)", "user": {"domain": "NT AUTHORITY", "identifier": "S-1-5-18", "name": "SYSTEM", "type": "User"}, "version": 5}}
{"@timestamp": "2022-12-19T10:03:10.062Z", "agent": {"ephemeral_id": "75382475-4494-4885-af56-0a918c9c7d5b", "hostname": "CLIENT1", "id": "a5ea4d3e-40c5-43d5-9a2e-ed2c48327430", "name": "CLIENT1", "type": "winlogbeat", "version": "7.10.2"}, "ecs": {"version": "1.5.0"}, "event": {"action": "File created (rule: FileCreate)", "category": ["file"], "code": 11, "created": "2022-12-19T10:03:11.566Z", "kind": "event", "module": "sysmon", "provider": "Microsoft-Windows-Sysmon", "type": ["creation"]}, "file": {"directory": "C:\\Program Files\\WindowsApps\\Microsoft.MicrosoftStickyNotes_4.5.7.0_x64__8wekyb3d8bbwe", "extension": "exe", "name": "Microsoft.Notes.exe", "path": "C:\\Program Files\\WindowsApps\\Microsoft.MicrosoftStickyNotes_4.5.7.0_x64__8wekyb3d8bbwe\\Microsoft.Notes.exe"}, "host": {"name": "CLIENT1.breach.local"}, "log": {"level": "information"}, "message": "File created:\nRuleName: EXE\nUtcTime: 2022-12-19 10:03:10.062\nProcessGuid: {4901c233-247b-63a0-3600-000000000600}\nProcessId: 712\nImage: C:\\Windows\\System32\\svchost.exe\nTargetFilename: C:\\Program Files\\WindowsApps\\Microsoft.MicrosoftStickyNotes_4.5.7.0_x64__8wekyb3d8bbwe\\Microsoft.Notes.exe\nCreationUtcTime: 2022-12-19 10:03:10.062\nUser: NT AUTHORITY\\SYSTEM", "process": {"entity_id": "{4901c233-247b-63a0-3600-000000000600}", "executable": "C:\\Windows\\System32\\svchost.exe", "name": "svchost.exe", "pid": 712}, "rule": {"name": "EXE"}, "winlog": {"api": "wineventlog", "channel": "Microsoft-Windows-Sysmon/Operational", "computer_name": "CLIENT1.breach.local", "event_data": {"CreationUtcTime": "2022-12-19 10:03:10.062", "User": "NT AUTHORITY\\SYSTEM"}, "event_id": 11, "opcode": "Info", "process": {"pid": 2072, "thread": {"id": 2684}}, "provider_guid": "{5770385f-c22a-43e0-bf4c-06f5698ffbd9}", "provider_name": "Microsoft-Windows-Sysmon", "record_id": 4497, "task": "File created (rule: FileCreate)", "user": {"domain": "NT AUTHORITY", "identifier": "S-1-5-18", "name": "SYSTEM", "type": "User"}, "version": 2}}
{"@timestamp": "2022-12-19T10:03:10.984Z", "agent": {"ephemeral_id": "75382475-4494-4885-af56-0a918c9c7d5b", "hostname": "CLIENT1", "id": "a5ea4d3e-40c5-43d5-9a2e-ed2c48327430", "name": "CLIENT1", "type": "winlogbeat", "version": "7.10.2"}, "ecs": {"version": "1.5.0"}, "event": {"action": "Windows Update Agent", "code": 19, "created": "2022-12-19T10:03:13.011Z", "kind": "event", "provider": "Microsoft-Windows-WindowsUpdateClient"}, "host": {"name": "CLIENT1.breach.local"}, "log": {"level": "information"}, "message": "Installation Successful: Windows successfully installed the following update: 9MZ95KL8MR0L-Microsoft.ScreenSketch", "winlog": {"activity_id": "{1ff30d06-1386-0001-c45d-f41f8613d901}", "api": "wineventlog", "channel": "System", "computer_name": "CLIENT1.breach.local", "event_data": {"serviceGuid": "{855e8a7c-ecb4-4ca3-b045-1dfa50104289}", "updateGuid": "{58709f74-8fd8-4eb3-a92e-13d0bad085d7}", "updateRevisionNumber": "1", "updateTitle": "9MZ95KL8MR0L-Microsoft.ScreenSketch"}, "event_id": 19, "keywords": ["Installation", "Success"], "opcode": "Installation", "process": {"pid": 356, "thread": {"id": 5632}}, "provider_guid": "{945a8954-c147-4acd-923f-40c45405a658}", "provider_name": "Microsoft-Windows-WindowsUpdateClient", "record_id": 765, "task": "Windows Update Agent", "user": {"domain": "NT AUTHORITY", "identifier": "S-1-5-18", "name": "SYSTEM", "type": "User"}, "version": 1}}
{"@timestamp": "2022-12-19T10:03:10.912Z", "agent": {"ephemeral_id": "f998276c-afe4-4463-aba7-6d1241c5c07f", "hostname": "CLIENT2", "id": "a5ea4d3e-40c5-43d5-9a2e-ed2c48327430", "name": "CLIENT2", "type": "winlogbeat", "version": "7.10.2"}, "destination": {"domain": "-", "ip": "172.17.0.2", "port": 25}, "ecs": {"version": "1.5.0"}, "event": {"action": "Network connection detected (rule: NetworkConnect)", "category": ["network"], "code": 3, "created": "2022-12-19T10:03:13.876Z", "kind": "event", "module": "sysmon", "provider": "Microsoft-Windows-Sysmon", "type": ["connection", "start", "protocol"]}, "host": {"name": "CLIENT2.breach.local"}, "log": {"level": "information"}, "message": "Network connection detected:\nRuleName: SMTP\nUtcTime: 2022-12-19 10:03:10.912\nProcessGuid: {4901c233-249a-63a0-8a00-000000000600}\nProcessId: 5176\nImage: C:\\Python37\\python.exe\nUser: BREACH\\client2\nProtocol: tcp\nInitiated: true\nSourceIsIpv6: false\nSourceIp: 172.16.1.2\nSourceHostname: CLIENT2.breach.local\nSourcePort: 53708\nSourcePortName: -\nDestinationIsIpv6: false\nDestinationIp: 172.17.0.2\nDestinationHostname: -\nDestinationPort: 25\nDestinationPortName: smtp", "network": {"community_id": "1:LnAswkvIn7qefZl/JjiRCr2HIKo=", "direction": "outbound", "protocol": "smtp", "transport": "tcp", "type": "ipv4"}, "process": {"entity_id": "{4901c233-249a-63a0-8a00-000000000600}", "executable": "C:\\Python37\\python.exe", "name": "python.exe", "pid": 5176}, "related": {"ip": ["172.16.1.2", "172.17.0.2"], "user": "client2"}, "rule": {"name": "SMTP"}, "source": {"domain": "CLIENT2.breach.local", "ip": "172.16.1.2", "port": 53708}, "user": {"domain": "BREACH", "name": "client2"}, "winlog": {"api": "wineventlog", "channel": "Microsoft-Windows-Sysmon/Operational", "computer_name": "CLIENT2.breach.local", "event_data": {"SourcePortName": "-"}, "event_id": 3, "opcode": "Info", "process": {"pid": 1912, "thread": {"id": 2556}}, "provider_guid": "{5770385f-c22a-43e0-bf4c-06f5698ffbd9}", "provider_name": "Microsoft-Windows-Sysmon", "record_id": 4394, "task": "Network connection detected (rule: NetworkConnect)", "user": {"domain": "NT AUTHORITY", "identifier": "S-1-5-18", "name": "SYSTEM", "type": "User"}, "version": 5}}
{"@timestamp": "2022-12-19T10:03:22.901Z", "agent": {"ephemeral_id": "75382475-4494-4885-af56-0a918c9c7d5b", "hostname": "CLIENT1", "id": "a5ea4d3e-40c5-43d5-9a2e-ed2c48327430", "name": "CLIENT1", "type": "winlogbeat", "version": "7.10.2"}, "ecs": {"version": "1.5.0"}, "event": {"action": "Registry value set (rule: RegistryEvent)", "code": 13, "created": "2022-12-19T10:03:24.643Z", "kind": "event", "module": "sysmon", "provider": "Microsoft-Windows-Sysmon"}, "host": {"name": "CLIENT1.breach.local"}, "log": {"level": "information"}, "message": "Registry value set:\nRuleName: T1031,T1050\nEventType: SetValue\nUtcTime: 2022-12-19 10:03:22.901\nProcessGuid: {4901c233-2477-63a0-0b00-000000000600}\nProcessId: 588\nImage: C:\\Windows\\system32\\services.exe\nTargetObject: HKLM\\System\\CurrentControlSet\\Services\\rpdkgt\\Start\nDetails: DWORD (0x00000003)\nUser: NT AUTHORITY\\SYSTEM", "process": {"entity_id": "{4901c233-2477-63a0-0b00-000000000600}", "executable": "C:\\Windows\\system32\\services.exe", "name": "services.exe", "pid": 588}, "registry": {"data": {"strings": ["3"], "type": "SZ_DWORD"}, "hive": "HKLM", "key": "System\\CurrentControlSet\\Services\\rpdkgt\\Start", "path": "HKLM\\System\\CurrentControlSet\\Services\\rpdkgt\\Start", "value": "Start"}, "rule": {"name": "T1031,T1050"}, "winlog": {"api": "wineventlog", "channel": "Microsoft-Windows-Sysmon/Operational", "computer_name": "CLIENT1.breach.local", "event_data": {"Details": "DWORD (0x00000003)", "EventType": "SetValue", "TargetObject": "HKLM\\System\\CurrentControlSet\\Services\\rpdkgt\\Start", "User": "NT AUTHORITY\\SYSTEM"}, "event_id": 13, "opcode": "Info", "process": {"pid": 2072, "thread": {"id": 2684}}, "provider_guid": "{5770385f-c22a-43e0-bf4c-06f5698ffbd9}", "provider_name": "Microsoft-Windows-Sysmon", "record_id": 4504, "task": "Registry value set (rule: RegistryEvent)", "user": {"domain": "NT AUTHORITY", "identifier": "S-1-5-18", "name": "SYSTEM", "type": "User"}, "version": 2}}
{"@timestamp": "2022-12-19T10:03:21.789Z", "agent": {"ephemeral_id": "f998276c-afe4-4463-aba7-6d1241c5c07f", "hostname": "CLIENT2", "id": "a5ea4d3e-40c5-43d5-9a2e-ed2c48327430", "name": "CLIENT2", "type": "winlogbeat", "version": "7.10.2"}, "destination": {"domain": "-", "ip": "172.17.0.2", "port": 25}, "ecs": {"version": "1.5.0"}, "event": {"action": "Network connection detected (rule: NetworkConnect)", "category": ["network"], "code": 3, "created": "2022-12-19T10:03:24.911Z", "kind": "event", "module": "sysmon", "provider": "Microsoft-Windows-Sysmon", "type": ["connection", "start", "protocol"]}, "host": {"name": "CLIENT2.breach.local"}, "log": {"level": "information"}, "message": "Network connection detected:\nRuleName: SMTP\nUtcTime: 2022-12-19 10:03:21.789\nProcessGuid: {4901c233-249a-63a0-8a00-000000000600}\nProcessId: 5176\nImage: C:\\Python37\\python.exe\nUser: BREACH\\client2\nProtocol: tcp\nInitiated: true\nSourceIsIpv6: false\nSourceIp: 172.16.1.2\nSourceHostname: CLIENT2.breach.local\nSourcePort: 53709\nSourcePortName: -\nDestinationIsIpv6: false\nDestinationIp: 172.17.0.2\nDestinationHostname: -\nDestinationPort: 25\nDestinationPortName: smtp", "network": {"community_id": "1:Rz1ygW8WbzAJU+kIgeZuoUMlAww=", "direction": "outbound", "protocol": "smtp", "transport": "tcp", "type": "ipv4"}, "process": {"entity_id": "{4901c233-249a-63a0-8a00-000000000600}", "executable": "C:\\Python37\\python.exe", "name": "python.exe", "pid": 5176}, "related": {"ip": ["172.16.1.2", "172.17.0.2"], "user": "client2"}, "rule": {"name": "SMTP"}, "source": {"domain": "CLIENT2.breach.local", "ip": "172.16.1.2", "port": 53709}, "user": {"domain": "BREACH", "name": "client2"}, "winlog": {"api": "wineventlog", "channel": "Microsoft-Windows-Sysmon/Operational", "computer_name": "CLIENT2.breach.local", "event_data": {"SourcePortName": "-"}, "event_id": 3, "opcode": "Info", "process": {"pid": 1912, "thread": {"id": 2556}}, "provider_guid": "{5770385f-c22a-43e0-bf4c-06f5698ffbd9}", "provider_name": "Microsoft-Windows-Sysmon", "record_id": 4395, "task": "Network connection detected (rule: NetworkConnect)", "user": {"domain": "NT AUTHORITY", "identifier": "S-1-5-18", "name": "SYSTEM", "type": "User"}, "version": 5}}
{"@timestamp": "2022-12-19T10:03:08.372Z", "agent": {"ephemeral_id": "75382475-4494-4885-af56-0a918c9c7d5b", "hostname": "CLIENT1", "id": "a5ea4d3e-40c5-43d5-9a2e-ed2c48327430", "name": "CLIENT1", "type": "winlogbeat", "version": "7.10.2"}, "ecs": {"version": "1.5.0"}, "event": {"code": 16394, "created": "2022-12-19T10:03:08.952Z", "kind": "event", "provider": "Microsoft-Windows-Security-SPP"}, "host": {"name": "CLIENT1.breach.local"}, "log": {"level": "information"}, "message": "Offline downlevel migration succeeded.", "winlog": {"api": "wineventlog", "channel": "Application", "computer_name": "CLIENT1.breach.local", "event_id": 16394, "keywords": ["Classic"], "provider_guid": "{E23B33B0-C8C9-472C-A5F9-F2BDFEA0F156}", "provider_name": "Microsoft-Windows-Security-SPP", "record_id": 364, "task": ""}}
{"@timestamp": "2022-12-19T10:03:06.550Z", "agent": {"ephemeral_id": "75382475-4494-4885-af56-0a918c9c7d5b", "hostname": "CLIENT1", "id": "a5ea4d3e-40c5-43d5-9a2e-ed2c48327430", "name": "CLIENT1", "type": "winlogbeat", "version": "7.10.2"}, "destination": {"domain": "-", "ip": "172.17.0.2", "port": 25}, "ecs": {"version": "1.5.0"}, "event": {"action": "Network connection detected (rule: NetworkConnect)", "category": ["network"], "code": 3, "created": "2022-12-19T10:03:09.525Z", "kind": "event", "module": "sysmon", "provider": "Microsoft-Windows-Sysmon", "type": ["connection", "start", "protocol"]}, "host": {"name": "CLIENT1.breach.local"}, "log": {"level": "information"}, "message": "Network connection detected:\nRuleName: SMTP\nUtcTime: 2022-12-19 10:03:06.550\nProcessGuid: {4901c233-24ce-63a0-8a00-000000000600}\nProcessId: 4856\nImage: C:\\Python37\\python.exe\nUser: BREACH\\client1\nProtocol: tcp\nInitiated: true\nSourceIsIpv6: false\nSourceIp: 172.16.1.1\nSourceHostname: CLIENT1.breach.local\nSourcePort: 54094\nSourcePortName: -\nDestinationIsIpv6: false\nDestinationIp: 172.17.0.2\nDestinationHostname: -\nDestinationPort: 25\nDestinationPortName: smtp", "network": {"community_id": "1:N/bBtlcAaJFwwnz/AOeuuilIQrU=", "direction": "outbound", "protocol": "smtp", "transport": "tcp", "type": "ipv4"}, "process": {"entity_id": "{4901c233-24ce-63a0-8a00-000000000600}", "executable": "C:\\Python37\\python.exe", "name": "python.exe", "pid": 4856}, "related": {"ip": ["172.16.1.1", "172.17.0.2"], "user": "client1"}, "rule": {"name": "SMTP"}, "source": {"domain": "CLIENT1.breach.local", "ip": "172.16.1.1", "port": 54094}, "user": {"domain": "BREACH", "name": "client1"}, "winlog": {"api": "wineventlog", "channel": "Microsoft-Windows-Sysmon/Operational", "computer_name": "CLIENT1.breach.local", "event_data": {"SourcePortName": "-"}, "event_id": 3, "opcode": "Info", "process": {"pid": 2072, "thread": {"id": 2576}}, "provider_guid": "{5770385f-c22a-43e0-bf4c-06f5698ffbd9}", "provider_name": "Microsoft-Windows-Sysmon", "record_id": 4492, "task": "Network connection detected (rule: NetworkConnect)", "user": {"domain": "NT AUTHORITY", "identifier": "S-1-5-18", "name": "SYSTEM", "type": "User"}, "version": 5}}
{"@timestamp": "2022-12-19T10:03:06.746Z", "agent": {"ephemeral_id": "9f267527-6a01-4adf-bfdd-37fe019af17c", "hostname": "CLIENT3", "id": "a5ea4d3e-40c5-43d5-9a2e-ed2c48327430", "name": "CLIENT3", "type": "winlogbeat", "version": "7.10.2"}, "destination": {"domain": "-", "ip": "172.17.0.2", "port": 25}, "ecs": {"version": "1.5.0"}, "event": {"action": "Network connection detected (rule: NetworkConnect)", "category": ["network"], "code": 3, "created": "2022-12-19T10:03:09.795Z", "kind": "event", "module": "sysmon", "provider": "Microsoft-Windows-Sysmon", "type": ["connection", "start", "protocol"]}, "host": {"name": "CLIENT3.breach.local"}, "log": {"level": "information"}, "message": "Network connection detected:\nRuleName: SMTP\nUtcTime: 2022-12-19 10:03:06.746\nProcessGuid: {4901c233-249c-63a0-8800-000000000600}\nProcessId: 4128\nImage: C:\\Python37\\python.exe\nUser: BREACH\\client3\nProtocol: tcp\nInitiated: true\nSourceIsIpv6: false\nSourceIp: 172.16.1.3\nSourceHostname: CLIENT3.breach.local\nSourcePort: 56619\nSourcePortName: -\nDestinationIsIpv6: false\nDestinationIp: 172.17.0.2\nDestinationHostname: -\nDestinationPort: 25\nDestinationPortName: smtp", "network": {"community_id": "1:5EHadKctYRIeMNQBrgo8tObMjws=", "direction": "outbound", "protocol": "smtp", "transport": "tcp", "type": "ipv4"}, "process": {"entity_id": "{4901c233-249c-63a0-8800-000000000600}", "executable": "C:\\Python37\\python.exe", "name": "python.exe", "pid": 4128}, "related": {"ip": ["172.16.1.3", "172.17.0.2"], "user": "client3"}, "rule": {"name": "SMTP"}, "source": {"domain": "CLIENT3.breach.local", "ip": "172.16.1.3", "port": 56619}, "user": {"domain": "BREACH", "name": "client3"}, "winlog": {"api": "wineventlog", "channel": "Microsoft-Windows-Sysmon/Operational", "computer_name": "CLIENT3.breach.local", "event_data": {"SourcePortName": "-"}, "event_id": 3, "opcode": "Info", "process": {"pid": 2052, "thread": {"id": 2644}}, "provider_guid": "{5770385f-c22a-43e0-bf4c-06f5698ffbd9}", "provider_name": "Microsoft-Windows-Sysmon", "record_id": 6659, "task": "Network connection detected (rule: NetworkConnect)", "user": {"domain": "NT AUTHORITY", "identifier": "S-1-5-18", "name": "SYSTEM", "type": "User"}, "version": 5}}
