{"@timestamp": "2022-12-19T10:02:54.991Z", "agent": {"ephemeral_id": "9f267527-6a01-4adf-bfdd-37fe019af17c", "hostname": "CLIENT3", "id": "a5ea4d3e-40c5-43d5-9a2e-ed2c48327430", "name": "CLIENT3", "type": "winlogbeat", "version": "7.10.2"}, "destination": {"domain": "-", "ip": "172.17.0.2", "port": 25}, "ecs": {"version": "1.5.0"}, "event": {"action": "Network connection detected (rule: NetworkConnect)", "category": ["network"], "code": 3, "created": "2022-12-19T10:02:57.736Z", "kind": "event", "module": "sysmon", "provider": "Microsoft-Windows-Sysmon", "type": ["connection", "start", "protocol"]}, "host": {"name": "CLIENT3.breach.local"}, "log": {"level": "information"}, "message": "Network connection detected:\nRuleName: SMTP\nUtcTime: 2022-12-19 10:02:54.991\nProcessGuid: {4901c233-249c-63a0-8800-000000000600}\nProcessId: 4128\nImage: C:\\Python37\\python.exe\nUser: BREACH\\client3\nProtocol: tcp\nInitiated: true\nSourceIsIpv6: false\nSourceIp: 172.16.1.3\nSourceHostname: CLIENT3.breach.local\nSourcePort: 56617\nSourcePortName: -\nDestinationIsIpv6: false\nDestinationIp: 172.17.0.2\nDestinationHostname: -\nDestinationPort: 25\nDestinationPortName: smtp", "network": {"community_id": "1:6dx6iDCpHC0MKkqDr9GR5jyiv1s=", "direction": "outbound", "protocol": "smtp", "transport": "tcp", "type": "ipv4"}, "process": {"entity_id": "{4901c233-249c-63a0-8800-000000000600}", "executable": "C:\\Python37\\python.exe", "name": "python.exe", "pid": 4128}, "related": {"ip": ["172.16.1.3", "172.17.0.2"], "user": "client3"}, "rule": {"name": "SMTP"}, "source": {"domain": "CLIENT3.breach.local", "ip": "172.16.1.3", "port": 56617}, "user": {"domain": "BREACH", "name": "client3"}, "winlog": {"api": "wineventlog", "channel": "Microsoft-Windows-Sysmon/Operational", "computer_name": "CLIENT3.breach.local", "event_data": {"SourcePortName": "-"}, "event_id": 3, "opcode": "Info", "process": {"pid": 2052, "thread": {"id": 2644}}, "provider_guid": "{5770385f-c22a-43e0-bf4c-06f5698ffbd9}", "provider_name": "Microsoft-Windows-Sysmon", "record_id": 6657, "task": "Network connection detected (rule: NetworkConnect)", "user": {"domain": "NT AUTHORITY", "identifier": "S-1-5-18", "name": "SYSTEM", "type": "User"}, "version": 5}}
{"@timestamp": "2022-12-19T10:06:15.010Z", "agent": {"ephemeral_id": "9f267527-6a01-4adf-bfdd-37fe019af17c", "hostname": "CLIENT3", "id": "a5ea4d3e-40c5-43d5-9a2e-ed2c48327430", "name": "CLIENT3", "type": "winlogbeat", "version": "7.10.2"}, "destination": {"domain": "-", "ip": "172.17.0.2", "port": 25}, "ecs": {"version": "1.5.0"}, "event": {"action": "Network connection detected (rule: NetworkConnect)", "category": ["network"], "code": 3, "created": "2022-12-19T10:06:18.082Z", "kind": "event", "module": "sysmon", "provider": "Microsoft-Windows-Sysmon", "type": ["connection", "start", "protocol"]}, "host": {"name": "CLIENT3.breach.local"}, "log": {"level": "information"}, "message": "Network connection detected:\nRuleName: SMTP\nUtcTime: 2022-12-19 10:06:15.010\nProcessGuid: {4901c233-249c-63a0-8800-000000000600}\nProcessId: 4128\nImage: C:\\Python37\\python.exe\nUser: BREACH\\client3\nProtocol: tcp\nInitiated: true\nSourceIsIpv6: false\nSourceIp: 172.16.1.3\nSourceHostname: CLIENT3.breach.local\nSourcePort: 56656\nSourcePortName: -\nDestinationIsIpv6: false\nDestinationIp: 172.17.0.2\nDestinationHostname: -\nDestinationPort: 25\nDestinationPortName: smtp", "network": {"community_id": "1:RWzz4buhT28gJzPtqa5GMuWfHhw=", "direction": "outbound", "protocol": "smtp", "transport": "tcp", "type": "ipv4"}, "process": {"entity_id": "{4901c233-249c-63a0-8800-000000000600}", "executable": "C:\\Python37\\python.exe", "name": "python.exe", "pid": 4128}, "related": {"ip": ["172.16.1.3", "172.17.0.2"], "user": "client3"}, "rule": {"name": "SMTP"}, "source": {"domain": "CLIENT3.breach.local", "ip": "172.16.1.3", "port": 56656}, "user": {"domain": "BREACH", "name": "client3"}, "winlog": {"api": "wineventlog", "channel": "Microsoft-Windows-Sysmon/Operational", "computer_name": "CLIENT3.breach.local", "event_data": {"SourcePortName": "-"}, "event_id": 3, "opcode": "Info", "process": {"pid": 2052, "thread": {"id": 2644}}, "provider_guid": "{5770385f-c22a-43e0-bf4c-06f5698ffbd9}", "provider_name": "Microsoft-Windows-Sysmon", "record_id": 6692, "task": "Network connection detected (rule: NetworkConnect)", "user": {"domain": "NT AUTHORITY", "identifier": "S-1-5-18", "name": "SYSTEM", "type": "User"}, "version": 5}}
{"@timestamp": "2022-12-19T10:02:37.151Z", "agent": {"ephemeral_id": "75382475-4494-4885-af56-0a918c9c7d5b", "hostname": "CLIENT1", "id": "a5ea4d3e-40c5-43d5-9a2e-ed2c48327430", "name": "CLIENT1", "type": "winlogbeat", "version": "7.10.2"}, "destination": {"domain": "-", "ip": "172.17.0.2", "port": 25}, "ecs": {"version": "1.5.0"}, "event": {"action": "Network connection detected (rule: NetworkConnect)", "category": ["network"], "code": 3, "created": "2022-12-19T10:02:39.308Z", "kind": "event", "module": "sysmon", "provider": "Microsoft-Windows-Sysmon", "type": ["connection", "start", "protocol"]}, "host": {"name": "CLIENT1.breach.local"}, "log": {"level": "information"}, "message": "Network connection detected:\nRuleName: SMTP\nUtcTime: 2022-12-19 10:02:37.151\nProcessGuid: {4901c233-24ce-63a0-8a00-000000000600}\nProcessId: 4856\nImage: C:\\Python37\\python.exe\nUser: BREACH\\client1\nProtocol: tcp\nInitiated: true\nSourceIsIpv6: false\nSourceIp: 172.16.1.1\nSourceHostname: CLIENT1.breach.local\nSourcePort: 54084\nSourcePortName: -\nDestinationIsIpv6: false\nDestinationIp: 172.17.0.2\nDestinationHostname: -\nDestinationPort: 25\nDestinationPortName: smtp", "network": {"community_id": "1:kJWokpmVucwo+CIWjLxWT0ipWhA=", "direction": "outbound", "protocol": "smtp", "transport": "tcp", "type": "ipv4"}, "process": {"entity_id": "{4901c233-24ce-63a0-8a00-000000000600}", "executable": "C:\\Python37\\python.exe", "name": "python.exe", "pid": 4856}, "related": {"ip": ["172.16.1.1", "172.17.0.2"], "user": "client1"}, "rule": {"name": "SMTP"}, "source": {"domain": "CLIENT1.breach.local", "ip": "172.16.1.1", "port": 54084}, "user": {"domain": "BREACH", "name": "client1"}, "winlog": {"api": "wineventlog", "channel": "Microsoft-Windows-Sysmon/Operational", "computer_name": "CLIENT1.breach.local", "event_data": {"SourcePortName": "-"}, "event_id": 3, "opcode": "Info", "process": {"pid": 2072, "thread": {"id": 2576}}, "provider_guid": "{5770385f-c22a-43e0-bf4c-06f5698ffbd9}", "provider_name": "Microsoft-Windows-Sysmon", "record_id": 4487, "task": "Network connection detected (rule: NetworkConnect)", "user": {"domain": "NT AUTHORITY", "identifier": "S-1-5-18", "name": "SYSTEM", "type": "User"}, "version": 5}}
{"@timestamp": "2022-12-19T10:06:16.702Z", "agent": {"ephemeral_id": "75382475-4494-4885-af56-0a918c9c7d5b", "hostname": "CLIENT1", "id": "a5ea4d3e-40c5-43d5-9a2e-ed2c48327430", "name": "CLIENT1", "type": "winlogbeat", "version": "7.10.2"}, "ecs": {"version": "1.5.0"}, "event": {"action": "Windows Update Agent", "code": 44, "created": "2022-12-19T10:06:18.418Z", "kind": "event", "provider": "Microsoft-Windows-WindowsUpdateClient"}, "host": {"name": "CLIENT1.breach.local"}, "log": {"level": "information"}, "message": "Windows Update started downloading an update.", "winlog": {"activity_id": "{1ff30d06-1386-0001-925c-f41f8613d901}", "api": "wineventlog", "channel": "System", "computer_name": "CLIENT1.breach.local", "event_data": {"updateGuid": "{78d00b8d-c973-4e6d-bab8-6d829f76fb3d}", "updateRevisionNumber": "1", "updateTitle": "9PLL735RFDSM-Microsoft.NET.Native.Runtime.2.2"}, "event_id": 44, "keywords": ["Download", "Started"], "opcode": "Download", "process": {"pid": 356, "thread": {"id": 7032}}, "provider_guid": "{945a8954-c147-4acd-923f-40c45405a658}", "provider_name": "Microsoft-Windows-WindowsUpdateClient", "record_id": 823, "task": "Windows Update Agent", "user": {"domain": "NT AUTHORITY", "identifier": "S-1-5-18", "name": "SYSTEM", "type": "User"}, "version": 1}}
{"@timestamp": "2022-12-19T10:02:31.470Z", "agent": {"ephemeral_id": "9f267527-6a01-4adf-bfdd-37fe019af17c", "hostname": "CLIENT3", "id": "a5ea4d3e-40c5-43d5-9a2e-ed2c48327430", "name": "CLIENT3", "type": "winlogbeat", "version": "7.10.2"}, "destination": {"domain": "-", "ip": "172.17.0.2", "port": 25}, "ecs": {"version": "1.5.0"}, "event": {"action": "Network connection detected (rule: NetworkConnect)", "category": ["network"], "code": 3, "created": "2022-12-19T10:02:34.587Z", "kind": "event", "module": "sysmon", "provider": "Microsoft-Windows-Sysmon", "type": ["connection", "start", "protocol"]}, "host": {"name": "CLIENT3.breach.local"}, "log": {"level": "information"}, "message": "Network connection detected:\nRuleName: SMTP\nUtcTime: 2022-12-19 10:02:31.470\nProcessGuid: {4901c233-249c-63a0-8800-000000000600}\nProcessId: 4128\nImage: C:\\Python37\\python.exe\nUser: BREACH\\client3\nProtocol: tcp\nInitiated: true\nSourceIsIpv6: false\nSourceIp: 172.16.1.3\nSourceHostname: CLIENT3.breach.local\nSourcePort: 56611\nSourcePortName: -\nDestinationIsIpv6: false\nDestinationIp: 172.17.0.2\nDestinationHostname: -\nDestinationPort: 25\nDestinationPortName: smtp", "network": {"community_id": "1:WCLGO4eqFc7o5ubh7sFO4icbODE=", "direction": "outbound", "protocol": "smtp", "transport": "tcp", "type": "ipv4"}, "process": {"entity_id": "{4901c233-249c-63a0-8800-000000000600}", "executable": "C:\\Python37\\python.exe", "name": "python.exe", "pid": 4128}, "related": {"ip": ["172.16.1.3", "172.17.0.2"], "user": "client3"}, "rule": {"name": "SMTP"}, "source": {"domain": "CLIENT3.breach.local", "ip": "172.16.1.3", "port": 56611}, "user": {"domain": "BREACH", "name": "client3"}, "winlog": {"api": "wineventlog", "channel": "Microsoft-Windows-Sysmon/Operational", "computer_name": "CLIENT3.breach.local", "event_data": {"SourcePortName": "-"}, "event_id": 3, "opcode": "Info", "process": {"pid": 2052, "thread": {"id": 2644}}, "provider_guid": "{5770385f-c22a-43e0-bf4c-06f5698ffbd9}", "provider_name": "Microsoft-Windows-Sysmon", "record_id": 6653, "task": "Network connection detected (rule: NetworkConnect)", "user": {"domain": "NT AUTHORITY", "identifier": "S-1-5-18", "name": "SYSTEM", "type": "User"}, "version": 5}}
{"@timestamp": "2022-12-19T10:06:16.702Z", "agent": {"ephemeral_id": "75382475-4494-4885-af56-0a918c9c7d5b", "hostname": "CLIENT1", "id": "a5ea4d3e-40c5-43d5-9a2e-ed2c48327430", "name": "CLIENT1", "type": "winlogbeat", "version": "7.10.2"}, "ecs": {"version": "1.5.0"}, "event": {"action": "Windows Update Agent", "code": 44, "created": "2022-12-19T10:06:18.418Z", "kind": "event", "provider": "Microsoft-Windows-WindowsUpdateClient"}, "host": {"name": "CLIENT1.breach.local"}, "log": {"level": "information"}, "message": "Windows Update started downloading an update.", "winlog": {"activity_id": "{1ff30d06-1386-0001-925c-f41f8613d901}", "api": "wineventlog", "channel": "System", "computer_name": "CLIENT1.breach.local", "event_data": {"updateGuid": "{2bfc90df-c5e5-4c06-b503-16647503bf6a}", "updateRevisionNumber": "1", "updateTitle": "9MW2LKJ0TPJF-Microsoft.NET.Native.Framework.2.2"}, "event_id": 44, "keywords": ["Download", "Started"], "opcode": "Download", "process": {"pid": 356, "thread": {"id": 7032}}, "provider_guid": "{945a8954-c147-4acd-923f-40c45405a658}", "provider_name": "Microsoft-Windows-WindowsUpdateClient", "record_id": 824, "task": "Windows Update Agent", "user": {"domain": "NT AUTHORITY", "identifier": "S-1-5-18", "name": "SYSTEM", "type": "User"}, "version": 1}}
{"@timestamp": "2022-12-19T10:03:18.288Z", "agent": {"ephemeral_id": "75382475-4494-4885-af56-0a918c9c7d5b", "hostname": "CLIENT1", "id": "a5ea4d3e-40c5-43d5-9a2e-ed2c48327430", "name": "CLIENT1", "type": "winlogbeat", "version": "7.10.2"}, "destination": {"domain": "-", "ip": "172.17.0.2", "port": 25}, "ecs": {"version": "1.5.0"}, "event": {"action": "Network connection detected (rule: NetworkConnect)", "category": ["network"], "code": 3, "created": "2022-12-19T10:03:20.618Z", "kind": "event", "module": "sysmon", "provider": "Microsoft-Windows-Sysmon", "type": ["connection", "start", "protocol"]}, "host": {"name": "CLIENT1.breach.local"}, "log": {"level": "information"}, "message": "Network connection detected:\nRuleName: SMTP\nUtcTime: 2022-12-19 10:03:18.288\nProcessGuid: {4901c233-24ce-63a0-8a00-000000000600}\nProcessId: 4856\nImage: C:\\Python37\\python.exe\nUser: BREACH\\client1\nProtocol: tcp\nInitiated: true\nSourceIsIpv6: false\nSourceIp: 172.16.1.1\nSourceHostname: CLIENT1.breach.local\nSourcePort: 54103\nSourcePortName: -\nDestinationIsIpv6: false\nDestinationIp: 172.17.0.2\nDestinationHostname: -\nDestinationPort: 25\nDestinationPortName: smtp", "network": {"community_id": "1:xCJhKeSg/RdoCqY+fV2LIT8lvoA=", "direction": "outbound", "protocol": "smtp", "transport": "tcp", "type": "ipv4"}, "process": {"entity_id": "{4901c233-24ce-63a0-8a00-000000000600}", "executable": "C:\\Python37\\python.exe", "name": "python.exe", "pid": 4856}, "related": {"ip": ["172.16.1.1", "172.17.0.2"], "user": "client1"}, "rule": {"name": "SMTP"}, "source": {"domain": "CLIENT1.breach.local", "ip": "172.16.1.1", "port": 54103}, "user": {"domain": "BREACH", "name": "client1"}, "winlog": {"api": "wineventlog", "channel": "Microsoft-Windows-Sysmon/Operational", "computer_name": "CLIENT1.breach.local", "event_data": {"SourcePortName": "-"}, "event_id": 3, "opcode": "Info", "process": {"pid": 2072, "thread": {"id": 2576}}, "provider_guid": "{5770385f-c22a-43e0-bf4c-06f5698ffbd9}", "provider_name": "Microsoft-Windows-Sysmon", "record_id": 4502, "task": "Network connection detected (rule: NetworkConnect)", "user": {"domain": "NT AUTHORITY", "identifier": "S-1-5-18", "name": "SYSTEM", "type": "User"}, "version": 5}}
{"@timestamp": "2022-12-19T10:06:17.706Z", "agent": {"ephemeral_id": "75382475-4494-4885-af56-0a918c9c7d5b", "hostname": "CLIENT1", "id": "a5ea4d3e-40c5-43d5-9a2e-ed2c48327430", "name": "CLIENT1", "type": "winlogbeat", "version": "7.10.2"}, "ecs": {"version": "1.5.0"}, "event": {"action": "Windows Update Agent", "code": 44, "created": "2022-12-19T10:06:19.424Z", "kind": "event", "provider": "Microsoft-Windows-WindowsUpdateClient"}, "host": {"name": "CLIENT1.breach.local"}, "log": {"level": "information"}, "message": "Windows Update started downloading an update.", "winlog": {"api": "wineventlog", "channel": "System", "computer_name": "CLIENT1.breach.local", "event_data": {"updateGuid": "{3c209796-523b-410f-a0b5-9c7df78138dc}", "updateRevisionNumber": "1", "updateTitle": "9PKRS2FVRWBT-Microsoft.UI.Xaml.2.3"}, "event_id": 44, "keywords": ["Download", "Started"], "opcode": "Download", "process": {"pid": 356, "thread": {"id": 5520}}, "provider_guid": "{945a8954-c147-4acd-923f-40c45405a658}", "provider_name": "Microsoft-Windows-WindowsUpdateClient", "record_id": 828, "task": "Windows Update Agent", "user": {"domain": "NT AUTHORITY", "identifier": "S-1-5-18", "name": "SYSTEM", "type": "User"}, "version": 1}}
{"@timestamp": "2022-12-19T10:04:35.213Z", "agent": {"ephemeral_id": "9f267527-6a01-4adf-bfdd-37fe019af17c", "hostname": "CLIENT3", "id": "a5ea4d3e-40c5-43d5-9a2e-ed2c48327430", "name": "CLIENT3", "type": "winlogbeat", "version": "7.10.2"}, "ecs": {"version": "1.5.0"}, "event": {"action": "Process Create (rule: ProcessCreate)", "category": ["process"], "code": 1, "created": "2022-12-19T10:04:36.476Z", "kind": "event", "module": "sysmon", "provider": "Microsoft-Windows-Sysmon", "type": ["start", "process_start"]}, "hash": {"imphash": "3a0c6863cde566af997db2defff9d924", "md5": "564e4806ab18f93b93d551cd10c1598e", "sha256": "0322728dbce3a577c4a13b907ad7375d27e74880b63f7371384f67d19197a0ad"}, "host": {"name": "CLIENT3.breach.local"}, "log": {"level": "information"}, "message": "Process Create:\nRuleName: -\nUtcTime: 2022-12-19 10:04:35.213\nProcessGuid: {4901c233-3733-63a0-6c0c-000000000600}\nProcessId: 1428\nImage: C:\\Windows\\System32\\taskhostw.exe\nFileVersion: 10.0.19041.906 (WinBuild.160101.0800)\nDescription: Host Process for Windows Tasks\nProduct: Microsoft\u00ae Windows\u00ae Operating System\nCompany: Microsoft Corporation\nOriginalFileName: taskhostw.exe\nCommandLine: taskhostw.exe\nCurrentDirectory: C:\\Windows\\system32\\\nUser: BREACH\\client3\nLogonGuid: {4901c233-2474-63a0-e78e-020000000000}\nLogonId: 0x28EE7\nTerminalSessionId: 1\nIntegrityLevel: Medium\nHashes: MD5=564E4806AB18F93B93D551CD10C1598E,SHA256=0322728DBCE3A577C4A13B907AD7375D27E74880B63F7371384F67D19197A0AD,IMPHASH=3A0C6863CDE566AF997DB2DEFFF9D924\nParentProcessGuid: {4901c233-2470-63a0-1300-000000000600}\nParentProcessId: 352\nParentImage: C:\\Windows\\System32\\svchost.exe\nParentCommandLine: C:\\Windows\\system32\\svchost.exe -k netsvcs -p\nParentUser: NT AUTHORITY\\SYSTEM", "process": {"args": ["taskhostw.exe"], "command_line": "taskhostw.exe", "entity_id": "{4901c233-3733-63a0-6c0c-000000000600}", "executable": "C:\\Windows\\System32\\taskhostw.exe", "hash": {"md5": "564e4806ab18f93b93d551cd10c1598e", "sha256": "0322728dbce3a577c4a13b907ad7375d27e74880b63f7371384f67d19197a0ad"}, "name": "taskhostw.exe", "parent": {"args": ["C:\\Windows\\system32\\svchost.exe", "-k", "netsvcs", "-p"], "command_line": "C:\\Windows\\system32\\svchost.exe -k netsvcs -p", "entity_id": "{4901c233-2470-63a0-1300-000000000600}", "executable": "C:\\Windows\\System32\\svchost.exe", "name": "svchost.exe", "pid": 352}, "pe": {"imphash": "3a0c6863cde566af997db2defff9d924"}, "pid": 1428, "working_directory": "C:\\Windows\\system32\\"}, "related": {"hash": ["564e4806ab18f93b93d551cd10c1598e", "0322728dbce3a577c4a13b907ad7375d27e74880b63f7371384f67d19197a0ad", "3a0c6863cde566af997db2defff9d924"], "user": "client3"}, "user": {"domain": "BREACH", "name": "client3"}, "winlog": {"api": "wineventlog", "channel": "Microsoft-Windows-Sysmon/Operational", "computer_name": "CLIENT3.breach.local", "event_data": {"Company": "Microsoft Corporation", "Description": "Host Process for Windows Tasks", "FileVersion": "10.0.19041.906 (WinBuild.160101.0800)", "IntegrityLevel": "Medium", "LogonGuid": "{4901c233-2474-63a0-e78e-020000000000}", "LogonId": "0x28ee7", "OriginalFileName": "taskhostw.exe", "ParentUser": "NT AUTHORITY\\SYSTEM", "Product": "Microsoft\u00ae Windows\u00ae Operating System", "RuleName": "-", "TerminalSessionId": "1"}, "event_id": 1, "opcode": "Info", "process": {"pid": 2052, "thread": {"id": 2744}}, "provider_guid": "{5770385f-c22a-43e0-bf4c-06f5698ffbd9}", "provider_name": "Microsoft-Windows-Sysmon", "record_id": 6674, "task": "Process Create (rule: ProcessCreate)", "user": {"domain": "NT AUTHORITY", "identifier": "S-1-5-18", "name": "SYSTEM", "type": "User"}, "version": 5}}
{"@timestamp": "2022-12-19T10:06:17.725Z", "agent": {"ephemeral_id": "75382475-4494-4885-af56-0a918c9c7d5b", "hostname": "CLIENT1", "id": "a5ea4d3e-40c5-43d5-9a2e-ed2c48327430", "name": "CLIENT1", "type": "winlogbeat", "version": "7.10.2"}, "ecs": {"version": "1.5.0"}, "event": {"action": "User Account Management", "code": 5379, "created": "2022-12-19T10:06:19.430Z", "kind": "event", "outcome": "success", "provider": "Microsoft-Windows-Security-Auditing"}, "host": {"name": "CLIENT1.breach.local"}, "log": {"level": "information"}, "message": "Credential Manager credentials were read.\n\nSubject:\n\tSecurity ID:\t\tS-1-5-21-3613504208-1130562752-3296265829-1103\n\tAccount Name:\t\tclient1\n\tAccount Domain:\t\tBREACH\n\tLogon ID:\t\t0x40283\n\tRead Operation:\t\tEnumerate Credentials\n\nThis event occurs when a user performs a read operation on stored credentials in Credential Manager.", "winlog": {"activity_id": "{1ff30d06-1386-0001-670d-f31f8613d901}", "api": "wineventlog", "channel": "Security", "computer_name": "CLIENT1.breach.local", "event_data": {"ClientProcessId": "356", "CountOfCredentialsReturned": "0", "ProcessCreationTime": "2022-12-19T08:44:39.5357044Z", "ReadOperation": "%%8100", "ReturnCode": "3221226021", "SubjectDomainName": "BREACH", "SubjectLogonId": "0x40283", "SubjectUserName": "client1", "SubjectUserSid": "S-1-5-21-3613504208-1130562752-3296265829-1103", "TargetName": "WindowsLive:(cert):name=02zfvhfvucfacffp;serviceuri=*", "Type": "0"}, "event_id": 5379, "keywords": ["Audit Success"], "opcode": "Info", "process": {"pid": 624, "thread": {"id": 5444}}, "provider_guid": "{54849625-5478-4994-a5ba-3e3b0328c30d}", "provider_name": "Microsoft-Windows-Security-Auditing", "record_id": 7062, "task": "User Account Management"}}
{"@timestamp": "2022-12-19T10:04:35.264Z", "agent": {"ephemeral_id": "9f267527-6a01-4adf-bfdd-37fe019af17c", "hostname": "CLIENT3", "id": "a5ea4d3e-40c5-43d5-9a2e-ed2c48327430", "name": "CLIENT3", "type": "winlogbeat", "version": "7.10.2"}, "ecs": {"version": "1.5.0"}, "event": {"action": "Logon", "code": 4624, "created": "2022-12-19T10:04:36.800Z", "kind": "event", "outcome": "success", "provider": "Microsoft-Windows-Security-Auditing"}, "host": {"name": "CLIENT3.breach.local"}, "log": {"level": "information"}, "message": "An account was successfully logged on.\n\nSubject:\n\tSecurity ID:\t\tS-1-5-18\n\tAccount Name:\t\tCLIENT3$\n\tAccount Domain:\t\tBREACH\n\tLogon ID:\t\t0x3E7\n\nLogon Information:\n\tLogon Type:\t\t5\n\tRestricted Admin Mode:\t-\n\tVirtual Account:\t\tNo\n\tElevated Token:\t\tYes\n\nImpersonation Level:\t\tImpersonation\n\nNew Logon:\n\tSecurity ID:\t\tS-1-5-18\n\tAccount Name:\t\tSYSTEM\n\tAccount Domain:\t\tNT AUTHORITY\n\tLogon ID:\t\t0x3E7\n\tLinked Logon ID:\t\t0x0\n\tNetwork Account Name:\t-\n\tNetwork Account Domain:\t-\n\tLogon GUID:\t\t{00000000-0000-0000-0000-000000000000}\n\nProcess Information:\n\tProcess ID:\t\t0x24c\n\tProcess Name:\t\tC:\\Windows\\System32\\services.exe\n\nNetwork Information:\n\tWorkstation Name:\t-\n\tSource Network Address:\t-\n\tSource Port:\t\t-\n\nDetailed Authentication Information:\n\tLogon Process:\t\tAdvapi  \n\tAuthentication Package:\tNegotiate\n\tTransited Services:\t-\n\tPackage Name (NTLM only):\t-\n\tKey Length:\t\t0\n\nThis event is generated when a logon session is created. It is generated on the computer that was accessed.\n\nThe subject fields indicate the account on the local system which requested the logon. This is most commonly a service such as the Server service, or a local process such as Winlogon.exe or Services.exe.\n\nThe logon type field indicates the kind of logon that occurred. The most common types are 2 (interactive) and 3 (network).\n\nThe New Logon fields indicate the account for whom the new logon was created, i.e. the account that was logged on.\n\nThe network fields indicate where a remote logon request originated. Workstation name is not always available and may be left blank in some cases.\n\nThe impersonation level field indicates the extent to which a process in the logon session can impersonate.\n\nThe authentication information fields provide detailed information about this specific logon request.\n\t- Logon GUID is a unique identifier that can be used to correlate this event with a KDC event.\n\t- Transited services indicate which intermediate services have participated in this logon request.\n\t- Package name indicates which sub-protocol was used among the NTLM protocols.\n\t- Key length indicates the length of the generated session key. This will be 0 if no session key was requested.", "winlog": {"activity_id": "{1bc23f60-1386-0000-ed3f-c21b8613d901}", "api": "wineventlog", "channel": "Security", "computer_name": "CLIENT3.breach.local", "event_data": {"AuthenticationPackageName": "Negotiate", "ElevatedToken": "%%1842", "ImpersonationLevel": "%%1833", "IpAddress": "-", "IpPort": "-", "KeyLength": "0", "LmPackageName": "-", "LogonGuid": "{00000000-0000-0000-0000-000000000000}", "LogonProcessName": "Advapi  ", "LogonType": "5", "ProcessId": "0x24c", "ProcessName": "C:\\Windows\\System32\\services.exe", "RestrictedAdminMode": "-", "SubjectDomainName": "BREACH", "SubjectLogonId": "0x3e7", "SubjectUserName": "CLIENT3$", "SubjectUserSid": "S-1-5-18", "TargetDomainName": "NT AUTHORITY", "TargetLinkedLogonId": "0x0", "TargetLogonId": "0x3e7", "TargetOutboundDomainName": "-", "TargetOutboundUserName": "-", "TargetUserName": "SYSTEM", "TargetUserSid": "S-1-5-18", "TransmittedServices": "-", "VirtualAccount": "%%1843", "WorkstationName": "-"}, "event_id": 4624, "keywords": ["Audit Success"], "opcode": "Info", "process": {"pid": 624, "thread": {"id": 4012}}, "provider_guid": "{54849625-5478-4994-a5ba-3e3b0328c30d}", "provider_name": "Microsoft-Windows-Security-Auditing", "record_id": 8002, "task": "Logon", "version": 2}}
{"@timestamp": "2022-12-19T10:06:18.121Z", "agent": {"ephemeral_id": "75382475-4494-4885-af56-0a918c9c7d5b", "hostname": "CLIENT1", "id": "a5ea4d3e-40c5-43d5-9a2e-ed2c48327430", "name": "CLIENT1", "type": "winlogbeat", "version": "7.10.2"}, "ecs": {"version": "1.5.0"}, "event": {"action": "User Account Management", "code": 5379, "created": "2022-12-19T10:06:19.430Z", "kind": "event", "outcome": "success", "provider": "Microsoft-Windows-Security-Auditing"}, "host": {"name": "CLIENT1.breach.local"}, "log": {"level": "information"}, "message": "Credential Manager credentials were read.\n\nSubject:\n\tSecurity ID:\t\tS-1-5-21-3613504208-1130562752-3296265829-1103\n\tAccount Name:\t\tclient1\n\tAccount Domain:\t\tBREACH\n\tLogon ID:\t\t0x40283\n\tRead Operation:\t\tEnumerate Credentials\n\nThis event occurs when a user performs a read operation on stored credentials in Credential Manager.", "winlog": {"activity_id": "{1ff30d06-1386-0001-670d-f31f8613d901}", "api": "wineventlog", "channel": "Security", "computer_name": "CLIENT1.breach.local", "event_data": {"ClientProcessId": "356", "CountOfCredentialsReturned": "0", "ProcessCreationTime": "2022-12-19T08:44:39.5357044Z", "ReadOperation": "%%8100", "ReturnCode": "3221226021", "SubjectDomainName": "BREACH", "SubjectLogonId": "0x40283", "SubjectUserName": "client1", "SubjectUserSid": "S-1-5-21-3613504208-1130562752-3296265829-1103", "TargetName": "MicrosoftAccount:user=02zfvhfvucfacffp", "Type": "0"}, "event_id": 5379, "keywords": ["Audit Success"], "opcode": "Info", "process": {"pid": 624, "thread": {"id": 5444}}, "provider_guid": "{54849625-5478-4994-a5ba-3e3b0328c30d}", "provider_name": "Microsoft-Windows-Security-Auditing", "record_id": 7064, "task": "User Account Management"}}
{"@timestamp": "2022-12-19T10:04:35.264Z", "agent": {"ephemeral_id": "9f267527-6a01-4adf-bfdd-37fe019af17c", "hostname": "CLIENT3", "id": "a5ea4d3e-40c5-43d5-9a2e-ed2c48327430", "name": "CLIENT3", "type": "winlogbeat", "version": "7.10.2"}, "ecs": {"version": "1.5.0"}, "event": {"action": "Special Logon", "code": 4672, "created": "2022-12-19T10:04:36.800Z", "kind": "event", "outcome": "success", "provider": "Microsoft-Windows-Security-Auditing"}, "host": {"name": "CLIENT3.breach.local"}, "log": {"level": "information"}, "message": "Special privileges assigned to new logon.\n\nSubject:\n\tSecurity ID:\t\tS-1-5-18\n\tAccount Name:\t\tSYSTEM\n\tAccount Domain:\t\tNT AUTHORITY\n\tLogon ID:\t\t0x3E7\n\nPrivileges:\t\tSeAssignPrimaryTokenPrivilege\n\t\t\tSeTcbPrivilege\n\t\t\tSeSecurityPrivilege\n\t\t\tSeTakeOwnershipPrivilege\n\t\t\tSeLoadDriverPrivilege\n\t\t\tSeBackupPrivilege\n\t\t\tSeRestorePrivilege\n\t\t\tSeDebugPrivilege\n\t\t\tSeAuditPrivilege\n\t\t\tSeSystemEnvironmentPrivilege\n\t\t\tSeImpersonatePrivilege\n\t\t\tSeDelegateSessionUserImpersonatePrivilege", "winlog": {"activity_id": "{1bc23f60-1386-0000-ed3f-c21b8613d901}", "api": "wineventlog", "channel": "Security", "computer_name": "CLIENT3.breach.local", "event_data": {"PrivilegeList": "SeAssignPrimaryTokenPrivilege\n\t\t\tSeTcbPrivilege\n\t\t\tSeSecurityPrivilege\n\t\t\tSeTakeOwnershipPrivilege\n\t\t\tSeLoadDriverPrivilege\n\t\t\tSeBackupPrivilege\n\t\t\tSeRestorePrivilege\n\t\t\tSeDebugPrivilege\n\t\t\tSeAuditPrivilege\n\t\t\tSeSystemEnvironmentPrivilege\n\t\t\tSeImpersonatePrivilege\n\t\t\tSeDelegateSessionUserImpersonatePrivilege", "SubjectDomainName": "NT AUTHORITY", "SubjectLogonId": "0x3e7", "SubjectUserName": "SYSTEM", "SubjectUserSid": "S-1-5-18"}, "event_id": 4672, "keywords": ["Audit Success"], "opcode": "Info", "process": {"pid": 624, "thread": {"id": 4012}}, "provider_guid": "{54849625-5478-4994-a5ba-3e3b0328c30d}", "provider_name": "Microsoft-Windows-Security-Auditing", "record_id": 8003, "task": "Special Logon"}}
{"@timestamp": "2022-12-19T10:06:18.202Z", "agent": {"ephemeral_id": "75382475-4494-4885-af56-0a918c9c7d5b", "hostname": "CLIENT1", "id": "a5ea4d3e-40c5-43d5-9a2e-ed2c48327430", "name": "CLIENT1", "type": "winlogbeat", "version": "7.10.2"}, "ecs": {"version": "1.5.0"}, "event": {"action": "User Account Management", "code": 5379, "created": "2022-12-19T10:06:19.430Z", "kind": "event", "outcome": "success", "provider": "Microsoft-Windows-Security-Auditing"}, "host": {"name": "CLIENT1.breach.local"}, "log": {"level": "information"}, "message": "Credential Manager credentials were read.\n\nSubject:\n\tSecurity ID:\t\tS-1-5-21-3613504208-1130562752-3296265829-1103\n\tAccount Name:\t\tclient1\n\tAccount Domain:\t\tBREACH\n\tLogon ID:\t\t0x40283\n\tRead Operation:\t\tEnumerate Credentials\n\nThis event occurs when a user performs a read operation on stored credentials in Credential Manager.", "winlog": {"activity_id": "{1ff30d06-1386-0001-670d-f31f8613d901}", "api": "wineventlog", "channel": "Security", "computer_name": "CLIENT1.breach.local", "event_data": {"ClientProcessId": "356", "CountOfCredentialsReturned": "0", "ProcessCreationTime": "2022-12-19T08:44:39.5357044Z", "ReadOperation": "%%8100", "ReturnCode": "3221226021", "SubjectDomainName": "BREACH", "SubjectLogonId": "0x40283", "SubjectUserName": "client1", "SubjectUserSid": "S-1-5-21-3613504208-1130562752-3296265829-1103", "TargetName": "MicrosoftAccount:user=02zfvhfvucfacffp", "Type": "0"}, "event_id": 5379, "keywords": ["Audit Success"], "opcode": "Info", "process": {"pid": 624, "thread": {"id": 5444}}, "provider_guid": "{54849625-5478-4994-a5ba-3e3b0328c30d}", "provider_name": "Microsoft-Windows-Security-Auditing", "record_id": 7065, "task": "User Account Management"}}
{"@timestamp": "2022-12-19T10:04:35.399Z", "agent": {"ephemeral_id": "9f267527-6a01-4adf-bfdd-37fe019af17c", "hostname": "CLIENT3", "id": "a5ea4d3e-40c5-43d5-9a2e-ed2c48327430", "name": "CLIENT3", "type": "winlogbeat", "version": "7.10.2"}, "ecs": {"version": "1.5.0"}, "event": {"action": "User Account Management", "code": 5379, "created": "2022-12-19T10:04:36.800Z", "kind": "event", "outcome": "success", "provider": "Microsoft-Windows-Security-Auditing"}, "host": {"name": "CLIENT3.breach.local"}, "log": {"level": "information"}, "message": "Credential Manager credentials were read.\n\nSubject:\n\tSecurity ID:\t\tS-1-5-18\n\tAccount Name:\t\tCLIENT3$\n\tAccount Domain:\t\tBREACH\n\tLogon ID:\t\t0x3E7\n\tRead Operation:\t\tEnumerate Credentials\n\nThis event occurs when a user performs a read operation on stored credentials in Credential Manager.", "winlog": {"activity_id": "{1bc23f60-1386-0000-ed3f-c21b8613d901}", "api": "wineventlog", "channel": "Security", "computer_name": "CLIENT3.breach.local", "event_data": {"ClientProcessId": "352", "CountOfCredentialsReturned": "0", "ProcessCreationTime": "2022-12-19T08:44:32.4979121Z", "ReadOperation": "%%8100", "ReturnCode": "3221226021", "SubjectDomainName": "BREACH", "SubjectLogonId": "0x3e7", "SubjectUserName": "CLIENT3$", "SubjectUserSid": "S-1-5-18", "TargetName": "WindowsLive:(cert):name=02stgxrjllsaovqa;serviceuri=*", "Type": "0"}, "event_id": 5379, "keywords": ["Audit Success"], "opcode": "Info", "process": {"pid": 624, "thread": {"id": 4012}}, "provider_guid": "{54849625-5478-4994-a5ba-3e3b0328c30d}", "provider_name": "Microsoft-Windows-Security-Auditing", "record_id": 8005, "task": "User Account Management"}}
{"@timestamp": "2022-12-19T10:06:18.258Z", "agent": {"ephemeral_id": "75382475-4494-4885-af56-0a918c9c7d5b", "hostname": "CLIENT1", "id": "a5ea4d3e-40c5-43d5-9a2e-ed2c48327430", "name": "CLIENT1", "type": "winlogbeat", "version": "7.10.2"}, "ecs": {"version": "1.5.0"}, "event": {"action": "User Account Management", "code": 5379, "created": "2022-12-19T10:06:19.430Z", "kind": "event", "outcome": "success", "provider": "Microsoft-Windows-Security-Auditing"}, "host": {"name": "CLIENT1.breach.local"}, "log": {"level": "information"}, "message": "Credential Manager credentials were read.\n\nSubject:\n\tSecurity ID:\t\tS-1-5-21-3613504208-1130562752-3296265829-1103\n\tAccount Name:\t\tclient1\n\tAccount Domain:\t\tBREACH\n\tLogon ID:\t\t0x40283\n\tRead Operation:\t\tEnumerate Credentials\n\nThis event occurs when a user performs a read operation on stored credentials in Credential Manager.", "winlog": {"activity_id": "{1ff30d06-1386-0001-670d-f31f8613d901}", "api": "wineventlog", "channel": "Security", "computer_name": "CLIENT1.breach.local", "event_data": {"ClientProcessId": "356", "CountOfCredentialsReturned": "0", "ProcessCreationTime": "2022-12-19T08:44:39.5357044Z", "ReadOperation": "%%8100", "ReturnCode": "3221226021", "SubjectDomainName": "BREACH", "SubjectLogonId": "0x40283", "SubjectUserName": "client1", "SubjectUserSid": "S-1-5-21-3613504208-1130562752-3296265829-1103", "TargetName": "MicrosoftAccount:user=02zfvhfvucfacffp", "Type": "0"}, "event_id": 5379, "keywords": ["Audit Success"], "opcode": "Info", "process": {"pid": 624, "thread": {"id": 5444}}, "provider_guid": "{54849625-5478-4994-a5ba-3e3b0328c30d}", "provider_name": "Microsoft-Windows-Security-Auditing", "record_id": 7066, "task": "User Account Management"}}
{"@timestamp": "2022-12-19T10:04:35.399Z", "agent": {"ephemeral_id": "9f267527-6a01-4adf-bfdd-37fe019af17c", "hostname": "CLIENT3", "id": "a5ea4d3e-40c5-43d5-9a2e-ed2c48327430", "name": "CLIENT3", "type": "winlogbeat", "version": "7.10.2"}, "ecs": {"version": "1.5.0"}, "event": {"action": "User Account Management", "code": 5379, "created": "2022-12-19T10:04:36.800Z", "kind": "event", "outcome": "success", "provider": "Microsoft-Windows-Security-Auditing"}, "host": {"name": "CLIENT3.breach.local"}, "log": {"level": "information"}, "message": "Credential Manager credentials were read.\n\nSubject:\n\tSecurity ID:\t\tS-1-5-18\n\tAccount Name:\t\tCLIENT3$\n\tAccount Domain:\t\tBREACH\n\tLogon ID:\t\t0x3E7\n\tRead Operation:\t\tEnumerate Credentials\n\nThis event occurs when a user performs a read operation on stored credentials in Credential Manager.", "winlog": {"activity_id": "{1bc23f60-1386-0000-ed3f-c21b8613d901}", "api": "wineventlog", "channel": "Security", "computer_name": "CLIENT3.breach.local", "event_data": {"ClientProcessId": "352", "CountOfCredentialsReturned": "1", "ProcessCreationTime": "2022-12-19T08:44:32.4979121Z", "ReadOperation": "%%8100", "ReturnCode": "0", "SubjectDomainName": "BREACH", "SubjectLogonId": "0x3e7", "SubjectUserName": "CLIENT3$", "SubjectUserSid": "S-1-5-18", "TargetName": "WindowsLive:target=virtualapp/didlogical", "Type": "0"}, "event_id": 5379, "keywords": ["Audit Success"], "opcode": "Info", "process": {"pid": 624, "thread": {"id": 4012}}, "provider_guid": "{54849625-5478-4994-a5ba-3e3b0328c30d}", "provider_name": "Microsoft-Windows-Security-Auditing", "record_id": 8006, "task": "User Account Management"}}
{"@timestamp": "2022-12-19T10:06:18.825Z", "agent": {"ephemeral_id": "75382475-4494-4885-af56-0a918c9c7d5b", "hostname": "CLIENT1", "id": "a5ea4d3e-40c5-43d5-9a2e-ed2c48327430", "name": "CLIENT1", "type": "winlogbeat", "version": "7.10.2"}, "ecs": {"version": "1.5.0"}, "event": {"action": "Windows Update Agent", "code": 19, "created": "2022-12-19T10:06:20.433Z", "kind": "event", "provider": "Microsoft-Windows-WindowsUpdateClient"}, "host": {"name": "CLIENT1.breach.local"}, "log": {"level": "information"}, "message": "Installation Successful: Windows successfully installed the following update: 9WZDNCRFJ3P2-MICROSOFT.ZUNEVIDEO", "winlog": {"activity_id": "{1ff30d06-1386-0001-645f-f41f8613d901}", "api": "wineventlog", "channel": "System", "computer_name": "CLIENT1.breach.local", "event_data": {"serviceGuid": "{855e8a7c-ecb4-4ca3-b045-1dfa50104289}", "updateGuid": "{01443a82-900b-4ab9-bd87-20d201b0ac39}", "updateRevisionNumber": "1", "updateTitle": "9WZDNCRFJ3P2-MICROSOFT.ZUNEVIDEO"}, "event_id": 19, "keywords": ["Installation", "Success"], "opcode": "Installation", "process": {"pid": 356, "thread": {"id": 5520}}, "provider_guid": "{945a8954-c147-4acd-923f-40c45405a658}", "provider_name": "Microsoft-Windows-WindowsUpdateClient", "record_id": 831, "task": "Windows Update Agent", "user": {"domain": "NT AUTHORITY", "identifier": "S-1-5-18", "name": "SYSTEM", "type": "User"}, "version": 1}}
{"@timestamp": "2022-12-19T10:04:35.419Z", "agent": {"ephemeral_id": "9f267527-6a01-4adf-bfdd-37fe019af17c", "hostname": "CLIENT3", "id": "a5ea4d3e-40c5-43d5-9a2e-ed2c48327430", "name": "CLIENT3", "type": "winlogbeat", "version": "7.10.2"}, "ecs": {"version": "1.5.0"}, "event": {"action": "User Account Management", "code": 5379, "created": "2022-12-19T10:04:36.800Z", "kind": "event", "outcome": "success", "provider": "Microsoft-Windows-Security-Auditing"}, "host": {"name": "CLIENT3.breach.local"}, "log": {"level": "information"}, "message": "Credential Manager credentials were read.\n\nSubject:\n\tSecurity ID:\t\tS-1-5-21-3613504208-1130562752-3296265829-1105\n\tAccount Name:\t\tclient3\n\tAccount Domain:\t\tBREACH\n\tLogon ID:\t\t0x28EE7\n\tRead Operation:\t\tEnumerate Credentials\n\nThis event occurs when a user performs a read operation on stored credentials in Credential Manager.", "winlog": {"activity_id": "{1bc23f60-1386-0000-ed3f-c21b8613d901}", "api": "wineventlog", "channel": "Security", "computer_name": "CLIENT3.breach.local", "event_data": {"ClientProcessId": "352", "CountOfCredentialsReturned": "0", "ProcessCreationTime": "2022-12-19T08:44:32.4979121Z", "ReadOperation": "%%8100", "ReturnCode": "3221226021", "SubjectDomainName": "BREACH", "SubjectLogonId": "0x28ee7", "SubjectUserName": "client3", "SubjectUserSid": "S-1-5-21-3613504208-1130562752-3296265829-1105", "TargetName": "WindowsLive:(token):name=02pxhotsrtnuduzt;serviceuri=*", "Type": "0"}, "event_id": 5379, "keywords": ["Audit Success"], "opcode": "Info", "process": {"pid": 624, "thread": {"id": 704}}, "provider_guid": "{54849625-5478-4994-a5ba-3e3b0328c30d}", "provider_name": "Microsoft-Windows-Security-Auditing", "record_id": 8007, "task": "User Account Management"}}
{"@timestamp": "2022-12-19T10:06:18.172Z", "agent": {"ephemeral_id": "f998276c-afe4-4463-aba7-6d1241c5c07f", "hostname": "CLIENT2", "id": "a5ea4d3e-40c5-43d5-9a2e-ed2c48327430", "name": "CLIENT2", "type": "winlogbeat", "version": "7.10.2"}, "destination": {"domain": "-", "ip": "172.17.0.2", "port": 25}, "ecs": {"version": "1.5.0"}, "event": {"action": "Network connection detected (rule: NetworkConnect)", "category": ["network"], "code": 3, "created": "2022-12-19T10:06:20.757Z", "kind": "event", "module": "sysmon", "provider": "Microsoft-Windows-Sysmon", "type": ["connection", "start", "protocol"]}, "host": {"name": "CLIENT2.breach.local"}, "log": {"level": "information"}, "message": "Network connection detected:\nRuleName: SMTP\nUtcTime: 2022-12-19 10:06:18.172\nProcessGuid: {4901c233-249a-63a0-8a00-000000000600}\nProcessId: 5176\nImage: C:\\Python37\\python.exe\nUser: BREACH\\client2\nProtocol: tcp\nInitiated: true\nSourceIsIpv6: false\nSourceIp: 172.16.1.2\nSourceHostname: CLIENT2.breach.local\nSourcePort: 53740\nSourcePortName: -\nDestinationIsIpv6: false\nDestinationIp: 172.17.0.2\nDestinationHostname: -\nDestinationPort: 25\nDestinationPortName: smtp", "network": {"community_id": "1:uHKKHc97UKmxlkDTzqclsKsRuGQ=", "direction": "outbound", "protocol": "smtp", "transport": "tcp", "type": "ipv4"}, "process": {"entity_id": "{4901c233-249a-63a0-8a00-000000000600}", "executable": "C:\\Python37\\python.exe", "name": "python.exe", "pid": 5176}, "related": {"ip": ["172.16.1.2", "172.17.0.2"], "user": "client2"}, "rule": {"name": "SMTP"}, "source": {"domain": "CLIENT2.breach.local", "ip": "172.16.1.2", "port": 53740}, "user": {"domain": "BREACH", "name": "client2"}, "winlog": {"api": "wineventlog", "channel": "Microsoft-Windows-Sysmon/Operational", "computer_name": "CLIENT2.breach.local", "event_data": {"SourcePortName": "-"}, "event_id": 3, "opcode": "Info", "process": {"pid": 1912, "thread": {"id": 2556}}, "provider_guid": "{5770385f-c22a-43e0-bf4c-06f5698ffbd9}", "provider_name": "Microsoft-Windows-Sysmon", "record_id": 4425, "task": "Network connection detected (rule: NetworkConnect)", "user": {"domain": "NT AUTHORITY", "identifier": "S-1-5-18", "name": "SYSTEM", "type": "User"}, "version": 5}}
{"@timestamp": "2022-12-19T10:04:35.494Z", "agent": {"ephemeral_id": "9f267527-6a01-4adf-bfdd-37fe019af17c", "hostname": "CLIENT3", "id": "a5ea4d3e-40c5-43d5-9a2e-ed2c48327430", "name": "CLIENT3", "type": "winlogbeat", "version": "7.10.2"}, "ecs": {"version": "1.5.0"}, "event": {"action": "User Account Management", "code": 5379, "created": "2022-12-19T10:04:36.800Z", "kind": "event", "outcome": "success", "provider": "Microsoft-Windows-Security-Auditing"}, "host": {"name": "CLIENT3.breach.local"}, "log": {"level": "information"}, "message": "Credential Manager credentials were read.\n\nSubject:\n\tSecurity ID:\t\tS-1-5-21-3613504208-1130562752-3296265829-1105\n\tAccount Name:\t\tclient3\n\tAccount Domain:\t\tBREACH\n\tLogon ID:\t\t0x28EE7\n\tRead Operation:\t\tEnumerate Credentials\n\nThis event occurs when a user performs a read operation on stored credentials in Credential Manager.", "winlog": {"activity_id": "{1bc23f60-1386-0000-ed3f-c21b8613d901}", "api": "wineventlog", "channel": "Security", "computer_name": "CLIENT3.breach.local", "event_data": {"ClientProcessId": "352", "CountOfCredentialsReturned": "0", "ProcessCreationTime": "2022-12-19T08:44:32.4979121Z", "ReadOperation": "%%8100", "ReturnCode": "3221226021", "SubjectDomainName": "BREACH", "SubjectLogonId": "0x28ee7", "SubjectUserName": "client3", "SubjectUserSid": "S-1-5-21-3613504208-1130562752-3296265829-1105", "TargetName": "WindowsLive:(cert):name=02pxhotsrtnuduzt;serviceuri=*", "Type": "0"}, "event_id": 5379, "keywords": ["Audit Success"], "opcode": "Info", "process": {"pid": 624, "thread": {"id": 4012}}, "provider_guid": "{54849625-5478-4994-a5ba-3e3b0328c30d}", "provider_name": "Microsoft-Windows-Security-Auditing", "record_id": 8011, "task": "User Account Management"}}
{"@timestamp": "2022-12-19T10:06:20.939Z", "agent": {"ephemeral_id": "9f267527-6a01-4adf-bfdd-37fe019af17c", "hostname": "CLIENT3", "id": "a5ea4d3e-40c5-43d5-9a2e-ed2c48327430", "name": "CLIENT3", "type": "winlogbeat", "version": "7.10.2"}, "destination": {"domain": "-", "ip": "172.17.0.2", "port": 25}, "ecs": {"version": "1.5.0"}, "event": {"action": "Network connection detected (rule: NetworkConnect)", "category": ["network"], "code": 3, "created": "2022-12-19T10:06:23.104Z", "kind": "event", "module": "sysmon", "provider": "Microsoft-Windows-Sysmon", "type": ["connection", "start", "protocol"]}, "host": {"name": "CLIENT3.breach.local"}, "log": {"level": "information"}, "message": "Network connection detected:\nRuleName: SMTP\nUtcTime: 2022-12-19 10:06:20.939\nProcessGuid: {4901c233-249c-63a0-8800-000000000600}\nProcessId: 4128\nImage: C:\\Python37\\python.exe\nUser: BREACH\\client3\nProtocol: tcp\nInitiated: true\nSourceIsIpv6: false\nSourceIp: 172.16.1.3\nSourceHostname: CLIENT3.breach.local\nSourcePort: 56657\nSourcePortName: -\nDestinationIsIpv6: false\nDestinationIp: 172.17.0.2\nDestinationHostname: -\nDestinationPort: 25\nDestinationPortName: smtp", "network": {"community_id": "1:WJyxFX/4A0HA1Q/6CxGgeK0pHEM=", "direction": "outbound", "protocol": "smtp", "transport": "tcp", "type": "ipv4"}, "process": {"entity_id": "{4901c233-249c-63a0-8800-000000000600}", "executable": "C:\\Python37\\python.exe", "name": "python.exe", "pid": 4128}, "related": {"ip": ["172.16.1.3", "172.17.0.2"], "user": "client3"}, "rule": {"name": "SMTP"}, "source": {"domain": "CLIENT3.breach.local", "ip": "172.16.1.3", "port": 56657}, "user": {"domain": "BREACH", "name": "client3"}, "winlog": {"api": "wineventlog", "channel": "Microsoft-Windows-Sysmon/Operational", "computer_name": "CLIENT3.breach.local", "event_data": {"SourcePortName": "-"}, "event_id": 3, "opcode": "Info", "process": {"pid": 2052, "thread": {"id": 2644}}, "provider_guid": "{5770385f-c22a-43e0-bf4c-06f5698ffbd9}", "provider_name": "Microsoft-Windows-Sysmon", "record_id": 6693, "task": "Network connection detected (rule: NetworkConnect)", "user": {"domain": "NT AUTHORITY", "identifier": "S-1-5-18", "name": "SYSTEM", "type": "User"}, "version": 5}}
{"@timestamp": "2022-12-19T10:04:35.645Z", "agent": {"ephemeral_id": "9f267527-6a01-4adf-bfdd-37fe019af17c", "hostname": "CLIENT3", "id": "a5ea4d3e-40c5-43d5-9a2e-ed2c48327430", "name": "CLIENT3", "type": "winlogbeat", "version": "7.10.2"}, "ecs": {"version": "1.5.0"}, "event": {"action": "User Account Management", "code": 5379, "created": "2022-12-19T10:04:36.800Z", "kind": "event", "outcome": "success", "provider": "Microsoft-Windows-Security-Auditing"}, "host": {"name": "CLIENT3.breach.local"}, "log": {"level": "information"}, "message": "Credential Manager credentials were read.\n\nSubject:\n\tSecurity ID:\t\tS-1-5-21-3613504208-1130562752-3296265829-1105\n\tAccount Name:\t\tclient3\n\tAccount Domain:\t\tBREACH\n\tLogon ID:\t\t0x28EE7\n\tRead Operation:\t\tEnumerate Credentials\n\nThis event occurs when a user performs a read operation on stored credentials in Credential Manager.", "winlog": {"activity_id": "{1bc23f60-1386-0000-ed3f-c21b8613d901}", "api": "wineventlog", "channel": "Security", "computer_name": "CLIENT3.breach.local", "event_data": {"ClientProcessId": "352", "CountOfCredentialsReturned": "0", "ProcessCreationTime": "2022-12-19T08:44:32.4979121Z", "ReadOperation": "%%8100", "ReturnCode": "3221226021", "SubjectDomainName": "BREACH", "SubjectLogonId": "0x28ee7", "SubjectUserName": "client3", "SubjectUserSid": "S-1-5-21-3613504208-1130562752-3296265829-1105", "TargetName": "WindowsLive:(cert):name=02pxhotsrtnuduzt;serviceuri=*", "Type": "0"}, "event_id": 5379, "keywords": ["Audit Success"], "opcode": "Info", "process": {"pid": 624, "thread": {"id": 4012}}, "provider_guid": "{54849625-5478-4994-a5ba-3e3b0328c30d}", "provider_name": "Microsoft-Windows-Security-Auditing", "record_id": 8015, "task": "User Account Management"}}
{"@timestamp": "2022-12-19T10:06:23.144Z", "agent": {"ephemeral_id": "75382475-4494-4885-af56-0a918c9c7d5b", "hostname": "CLIENT1", "id": "a5ea4d3e-40c5-43d5-9a2e-ed2c48327430", "name": "CLIENT1", "type": "winlogbeat", "version": "7.10.2"}, "ecs": {"version": "1.5.0"}, "event": {"code": 16, "created": "2022-12-19T10:06:24.468Z", "kind": "event", "provider": "Microsoft-Windows-Kernel-General"}, "host": {"name": "CLIENT1.breach.local"}, "log": {"level": "information"}, "message": "The access history in hive \\??\\C:\\ProgramData\\Microsoft\\Windows\\AppRepository\\Packages\\Microsoft.UI.Xaml.2.3_2.32002.13001.0_x86__8wekyb3d8bbwe\\ActivationStore.dat was cleared updating 0 keys and creating 0 modified pages.", "winlog": {"api": "wineventlog", "channel": "System", "computer_name": "CLIENT1.breach.local", "event_data": {"DirtyPages": "0", "HiveName": "\\??\\C:\\ProgramData\\Microsoft\\Windows\\AppRepository\\Packages\\Microsoft.UI.Xaml.2.3_2.32002.13001.0_x86__8wekyb3d8bbwe\\ActivationStore.dat", "HiveNameLength": "136", "KeysUpdated": "0"}, "event_id": 16, "opcode": "Info", "process": {"pid": 712, "thread": {"id": 3852}}, "provider_guid": "{a68ca8b7-004f-d7b6-a698-07e2de0f1f5d}", "provider_name": "Microsoft-Windows-Kernel-General", "record_id": 836, "task": "", "user": {"domain": "NT AUTHORITY", "identifier": "S-1-5-18", "name": "SYSTEM", "type": "User"}}}
{"@timestamp": "2022-12-19T10:04:23.254Z", "agent": {"ephemeral_id": "9f267527-6a01-4adf-bfdd-37fe019af17c", "hostname": "CLIENT3", "id": "a5ea4d3e-40c5-43d5-9a2e-ed2c48327430", "name": "CLIENT3", "type": "winlogbeat", "version": "7.10.2"}, "destination": {"domain": "-", "ip": "172.17.0.2", "port": 25}, "ecs": {"version": "1.5.0"}, "event": {"action": "Network connection detected (rule: NetworkConnect)", "category": ["network"], "code": 3, "created": "2022-12-19T10:04:26.400Z", "kind": "event", "module": "sysmon", "provider": "Microsoft-Windows-Sysmon", "type": ["connection", "start", "protocol"]}, "host": {"name": "CLIENT3.breach.local"}, "log": {"level": "information"}, "message": "Network connection detected:\nRuleName: SMTP\nUtcTime: 2022-12-19 10:04:23.254\nProcessGuid: {4901c233-249c-63a0-8800-000000000600}\nProcessId: 4128\nImage: C:\\Python37\\python.exe\nUser: BREACH\\client3\nProtocol: tcp\nInitiated: true\nSourceIsIpv6: false\nSourceIp: 172.16.1.3\nSourceHostname: CLIENT3.breach.local\nSourcePort: 56636\nSourcePortName: -\nDestinationIsIpv6: false\nDestinationIp: 172.17.0.2\nDestinationHostname: -\nDestinationPort: 25\nDestinationPortName: smtp", "network": {"community_id": "1:SRk31Rw1AyBGepYg1PsNUIVI+Lw=", "direction": "outbound", "protocol": "smtp", "transport": "tcp", "type": "ipv4"}, "process": {"entity_id": "{4901c233-249c-63a0-8800-000000000600}", "executable": "C:\\Python37\\python.exe", "name": "python.exe", "pid": 4128}, "related": {"ip": ["172.16.1.3", "172.17.0.2"], "user": "client3"}, "rule": {"name": "SMTP"}, "source": {"domain": "CLIENT3.breach.local", "ip": "172.16.1.3", "port": 56636}, "user": {"domain": "BREACH", "name": "client3"}, "winlog": {"api": "wineventlog", "channel": "Microsoft-Windows-Sysmon/Operational", "computer_name": "CLIENT3.breach.local", "event_data": {"SourcePortName": "-"}, "event_id": 3, "opcode": "Info", "process": {"pid": 2052, "thread": {"id": 2644}}, "provider_guid": "{5770385f-c22a-43e0-bf4c-06f5698ffbd9}", "provider_name": "Microsoft-Windows-Sysmon", "record_id": 6672, "task": "Network connection detected (rule: NetworkConnect)", "user": {"domain": "NT AUTHORITY", "identifier": "S-1-5-18", "name": "SYSTEM", "type": "User"}, "version": 5}}
