{"@timestamp": "2022-12-19T10:06:07.505Z", "agent": {"ephemeral_id": "75382475-4494-4885-af56-0a918c9c7d5b", "hostname": "CLIENT1", "id": "a5ea4d3e-40c5-43d5-9a2e-ed2c48327430", "name": "CLIENT1", "type": "winlogbeat", "version": "7.10.2"}, "ecs": {"version": "1.5.0"}, "event": {"action": "User Account Management", "code": 5379, "created": "2022-12-19T10:06:09.366Z", "kind": "event", "outcome": "success", "provider": "Microsoft-Windows-Security-Auditing"}, "host": {"name": "CLIENT1.breach.local"}, "log": {"level": "information"}, "message": "Credential Manager credentials were read.\n\nSubject:\n\tSecurity ID:\t\tS-1-5-21-3613504208-1130562752-3296265829-1103\n\tAccount Name:\t\tclient1\n\tAccount Domain:\t\tBREACH\n\tLogon ID:\t\t0x40283\n\tRead Operation:\t\tEnumerate Credentials\n\nThis event occurs when a user performs a read operation on stored credentials in Credential Manager.", "winlog": {"activity_id": "{1ff30d06-1386-0001-670d-f31f8613d901}", "api": "wineventlog", "channel": "Security", "computer_name": "CLIENT1.breach.local", "event_data": {"ClientProcessId": "356", "CountOfCredentialsReturned": "0", "ProcessCreationTime": "2022-12-19T08:44:39.5357044Z", "ReadOperation": "%%8100", "ReturnCode": "3221226021", "SubjectDomainName": "BREACH", "SubjectLogonId": "0x40283", "SubjectUserName": "client1", "SubjectUserSid": "S-1-5-21-3613504208-1130562752-3296265829-1103", "TargetName": "WindowsLive:(token):name=02zfvhfvucfacffp;serviceuri=*", "Type": "0"}, "event_id": 5379, "keywords": ["Audit Success"], "opcode": "Info", "process": {"pid": 624, "thread": {"id": 5444}}, "provider_guid": "{54849625-5478-4994-a5ba-3e3b0328c30d}", "provider_name": "Microsoft-Windows-Security-Auditing", "record_id": 7054, "task": "User Account Management"}}
{"@timestamp": "2022-12-19T10:06:07.595Z", "agent": {"ephemeral_id": "75382475-4494-4885-af56-0a918c9c7d5b", "hostname": "CLIENT1", "id": "a5ea4d3e-40c5-43d5-9a2e-ed2c48327430", "name": "CLIENT1", "type": "winlogbeat", "version": "7.10.2"}, "ecs": {"version": "1.5.0"}, "event": {"action": "User Account Management", "code": 5379, "created": "2022-12-19T10:06:09.366Z", "kind": "event", "outcome": "success", "provider": "Microsoft-Windows-Security-Auditing"}, "host": {"name": "CLIENT1.breach.local"}, "log": {"level": "information"}, "message": "Credential Manager credentials were read.\n\nSubject:\n\tSecurity ID:\t\tS-1-5-21-3613504208-1130562752-3296265829-1103\n\tAccount Name:\t\tclient1\n\tAccount Domain:\t\tBREACH\n\tLogon ID:\t\t0x40283\n\tRead Operation:\t\tEnumerate Credentials\n\nThis event occurs when a user performs a read operation on stored credentials in Credential Manager.", "winlog": {"activity_id": "{1ff30d06-1386-0001-670d-f31f8613d901}", "api": "wineventlog", "channel": "Security", "computer_name": "CLIENT1.breach.local", "event_data": {"ClientProcessId": "356", "CountOfCredentialsReturned": "0", "ProcessCreationTime": "2022-12-19T08:44:39.5357044Z", "ReadOperation": "%%8100", "ReturnCode": "3221226021", "SubjectDomainName": "BREACH", "SubjectLogonId": "0x40283", "SubjectUserName": "client1", "SubjectUserSid": "S-1-5-21-3613504208-1130562752-3296265829-1103", "TargetName": "WindowsLive:(cert):name=02zfvhfvucfacffp;serviceuri=*", "Type": "0"}, "event_id": 5379, "keywords": ["Audit Success"], "opcode": "Info", "process": {"pid": 624, "thread": {"id": 5444}}, "provider_guid": "{54849625-5478-4994-a5ba-3e3b0328c30d}", "provider_name": "Microsoft-Windows-Security-Auditing", "record_id": 7055, "task": "User Account Management"}}
{"@timestamp": "2022-12-19T10:06:07.940Z", "agent": {"ephemeral_id": "75382475-4494-4885-af56-0a918c9c7d5b", "hostname": "CLIENT1", "id": "a5ea4d3e-40c5-43d5-9a2e-ed2c48327430", "name": "CLIENT1", "type": "winlogbeat", "version": "7.10.2"}, "ecs": {"version": "1.5.0"}, "event": {"action": "User Account Management", "code": 5379, "created": "2022-12-19T10:06:09.366Z", "kind": "event", "outcome": "success", "provider": "Microsoft-Windows-Security-Auditing"}, "host": {"name": "CLIENT1.breach.local"}, "log": {"level": "information"}, "message": "Credential Manager credentials were read.\n\nSubject:\n\tSecurity ID:\t\tS-1-5-21-3613504208-1130562752-3296265829-1103\n\tAccount Name:\t\tclient1\n\tAccount Domain:\t\tBREACH\n\tLogon ID:\t\t0x40283\n\tRead Operation:\t\tEnumerate Credentials\n\nThis event occurs when a user performs a read operation on stored credentials in Credential Manager.", "winlog": {"activity_id": "{1ff30d06-1386-0001-670d-f31f8613d901}", "api": "wineventlog", "channel": "Security", "computer_name": "CLIENT1.breach.local", "event_data": {"ClientProcessId": "356", "CountOfCredentialsReturned": "0", "ProcessCreationTime": "2022-12-19T08:44:39.5357044Z", "ReadOperation": "%%8100", "ReturnCode": "3221226021", "SubjectDomainName": "BREACH", "SubjectLogonId": "0x40283", "SubjectUserName": "client1", "SubjectUserSid": "S-1-5-21-3613504208-1130562752-3296265829-1103", "TargetName": "MicrosoftAccount:user=02zfvhfvucfacffp", "Type": "0"}, "event_id": 5379, "keywords": ["Audit Success"], "opcode": "Info", "process": {"pid": 624, "thread": {"id": 5444}}, "provider_guid": "{54849625-5478-4994-a5ba-3e3b0328c30d}", "provider_name": "Microsoft-Windows-Security-Auditing", "record_id": 7056, "task": "User Account Management"}}
{"@timestamp": "2022-12-19T10:06:08.111Z", "agent": {"ephemeral_id": "75382475-4494-4885-af56-0a918c9c7d5b", "hostname": "CLIENT1", "id": "a5ea4d3e-40c5-43d5-9a2e-ed2c48327430", "name": "CLIENT1", "type": "winlogbeat", "version": "7.10.2"}, "ecs": {"version": "1.5.0"}, "event": {"action": "User Account Management", "code": 5379, "created": "2022-12-19T10:06:09.366Z", "kind": "event", "outcome": "success", "provider": "Microsoft-Windows-Security-Auditing"}, "host": {"name": "CLIENT1.breach.local"}, "log": {"level": "information"}, "message": "Credential Manager credentials were read.\n\nSubject:\n\tSecurity ID:\t\tS-1-5-21-3613504208-1130562752-3296265829-1103\n\tAccount Name:\t\tclient1\n\tAccount Domain:\t\tBREACH\n\tLogon ID:\t\t0x40283\n\tRead Operation:\t\tEnumerate Credentials\n\nThis event occurs when a user performs a read operation on stored credentials in Credential Manager.", "winlog": {"activity_id": "{1ff30d06-1386-0001-670d-f31f8613d901}", "api": "wineventlog", "channel": "Security", "computer_name": "CLIENT1.breach.local", "event_data": {"ClientProcessId": "356", "CountOfCredentialsReturned": "0", "ProcessCreationTime": "2022-12-19T08:44:39.5357044Z", "ReadOperation": "%%8100", "ReturnCode": "3221226021", "SubjectDomainName": "BREACH", "SubjectLogonId": "0x40283", "SubjectUserName": "client1", "SubjectUserSid": "S-1-5-21-3613504208-1130562752-3296265829-1103", "TargetName": "MicrosoftAccount:user=02zfvhfvucfacffp", "Type": "0"}, "event_id": 5379, "keywords": ["Audit Success"], "opcode": "Info", "process": {"pid": 624, "thread": {"id": 5444}}, "provider_guid": "{54849625-5478-4994-a5ba-3e3b0328c30d}", "provider_name": "Microsoft-Windows-Security-Auditing", "record_id": 7058, "task": "User Account Management"}}
{"@timestamp": "2022-12-19T10:06:09.577Z", "agent": {"ephemeral_id": "75382475-4494-4885-af56-0a918c9c7d5b", "hostname": "CLIENT1", "id": "a5ea4d3e-40c5-43d5-9a2e-ed2c48327430", "name": "CLIENT1", "type": "winlogbeat", "version": "7.10.2"}, "ecs": {"version": "1.5.0"}, "event": {"code": 16, "created": "2022-12-19T10:06:11.361Z", "kind": "event", "provider": "Microsoft-Windows-Kernel-General"}, "host": {"name": "CLIENT1.breach.local"}, "log": {"level": "information"}, "message": "The access history in hive \\??\\C:\\ProgramData\\Microsoft\\Windows\\AppRepository\\Packages\\Microsoft.GetHelp_10.2208.2551.0_x64__8wekyb3d8bbwe\\ActivationStore.dat was cleared updating 0 keys and creating 0 modified pages.", "winlog": {"api": "wineventlog", "channel": "System", "computer_name": "CLIENT1.breach.local", "event_data": {"DirtyPages": "0", "HiveName": "\\??\\C:\\ProgramData\\Microsoft\\Windows\\AppRepository\\Packages\\Microsoft.GetHelp_10.2208.2551.0_x64__8wekyb3d8bbwe\\ActivationStore.dat", "HiveNameLength": "131", "KeysUpdated": "0"}, "event_id": 16, "opcode": "Info", "process": {"pid": 712, "thread": {"id": 3932}}, "provider_guid": "{a68ca8b7-004f-d7b6-a698-07e2de0f1f5d}", "provider_name": "Microsoft-Windows-Kernel-General", "record_id": 813, "task": "", "user": {"domain": "NT AUTHORITY", "identifier": "S-1-5-18", "name": "SYSTEM", "type": "User"}}}
{"@timestamp": "2022-12-19T10:06:09.052Z", "agent": {"ephemeral_id": "9f267527-6a01-4adf-bfdd-37fe019af17c", "hostname": "CLIENT3", "id": "a5ea4d3e-40c5-43d5-9a2e-ed2c48327430", "name": "CLIENT3", "type": "winlogbeat", "version": "7.10.2"}, "destination": {"domain": "-", "ip": "172.17.0.2", "port": 25}, "ecs": {"version": "1.5.0"}, "event": {"action": "Network connection detected (rule: NetworkConnect)", "category": ["network"], "code": 3, "created": "2022-12-19T10:06:12.046Z", "kind": "event", "module": "sysmon", "provider": "Microsoft-Windows-Sysmon", "type": ["connection", "start", "protocol"]}, "host": {"name": "CLIENT3.breach.local"}, "log": {"level": "information"}, "message": "Network connection detected:\nRuleName: SMTP\nUtcTime: 2022-12-19 10:06:09.052\nProcessGuid: {4901c233-249c-63a0-8800-000000000600}\nProcessId: 4128\nImage: C:\\Python37\\python.exe\nUser: BREACH\\client3\nProtocol: tcp\nInitiated: true\nSourceIsIpv6: false\nSourceIp: 172.16.1.3\nSourceHostname: CLIENT3.breach.local\nSourcePort: 56655\nSourcePortName: -\nDestinationIsIpv6: false\nDestinationIp: 172.17.0.2\nDestinationHostname: -\nDestinationPort: 25\nDestinationPortName: smtp", "network": {"community_id": "1:x2SudxSfgwvtf4d2SOt53kstiAU=", "direction": "outbound", "protocol": "smtp", "transport": "tcp", "type": "ipv4"}, "process": {"entity_id": "{4901c233-249c-63a0-8800-000000000600}", "executable": "C:\\Python37\\python.exe", "name": "python.exe", "pid": 4128}, "related": {"ip": ["172.16.1.3", "172.17.0.2"], "user": "client3"}, "rule": {"name": "SMTP"}, "source": {"domain": "CLIENT3.breach.local", "ip": "172.16.1.3", "port": 56655}, "user": {"domain": "BREACH", "name": "client3"}, "winlog": {"api": "wineventlog", "channel": "Microsoft-Windows-Sysmon/Operational", "computer_name": "CLIENT3.breach.local", "event_data": {"SourcePortName": "-"}, "event_id": 3, "opcode": "Info", "process": {"pid": 2052, "thread": {"id": 2644}}, "provider_guid": "{5770385f-c22a-43e0-bf4c-06f5698ffbd9}", "provider_name": "Microsoft-Windows-Sysmon", "record_id": 6691, "task": "Network connection detected (rule: NetworkConnect)", "user": {"domain": "NT AUTHORITY", "identifier": "S-1-5-18", "name": "SYSTEM", "type": "User"}, "version": 5}}
{"@timestamp": "2022-12-19T10:06:11.119Z", "agent": {"ephemeral_id": "75382475-4494-4885-af56-0a918c9c7d5b", "hostname": "CLIENT1", "id": "a5ea4d3e-40c5-43d5-9a2e-ed2c48327430", "name": "CLIENT1", "type": "winlogbeat", "version": "7.10.2"}, "ecs": {"version": "1.5.0"}, "event": {"action": "Windows Update Agent", "code": 44, "created": "2022-12-19T10:06:12.377Z", "kind": "event", "provider": "Microsoft-Windows-WindowsUpdateClient"}, "host": {"name": "CLIENT1.breach.local"}, "log": {"level": "information"}, "message": "Windows Update started downloading an update.", "winlog": {"activity_id": "{1ff30d06-1386-0001-925c-f41f8613d901}", "api": "wineventlog", "channel": "System", "computer_name": "CLIENT1.breach.local", "event_data": {"updateGuid": "{5572fd4b-2e5a-48fa-8977-2ba3343d43fc}", "updateRevisionNumber": "1", "updateTitle": "9NBLGGH4LS1F-Microsoft.StorePurchaseApp"}, "event_id": 44, "keywords": ["Download", "Started"], "opcode": "Download", "process": {"pid": 356, "thread": {"id": 7032}}, "provider_guid": "{945a8954-c147-4acd-923f-40c45405a658}", "provider_name": "Microsoft-Windows-WindowsUpdateClient", "record_id": 814, "task": "Windows Update Agent", "user": {"domain": "NT AUTHORITY", "identifier": "S-1-5-18", "name": "SYSTEM", "type": "User"}, "version": 1}}
{"@timestamp": "2022-12-19T10:06:22.090Z", "agent": {"ephemeral_id": "75382475-4494-4885-af56-0a918c9c7d5b", "hostname": "CLIENT1", "id": "a5ea4d3e-40c5-43d5-9a2e-ed2c48327430", "name": "CLIENT1", "type": "winlogbeat", "version": "7.10.2"}, "ecs": {"version": "1.5.0"}, "event": {"action": "File created (rule: FileCreate)", "category": ["file"], "code": 11, "created": "2022-12-19T10:06:23.252Z", "kind": "event", "module": "sysmon", "provider": "Microsoft-Windows-Sysmon", "type": ["creation"]}, "file": {"directory": "C:\\Program Files\\WindowsApps\\Microsoft.UI.Xaml.2.3_2.32002.13001.0_x86__8wekyb3d8bbwe", "extension": "dll", "name": "Microsoft.UI.Xaml.dll", "path": "C:\\Program Files\\WindowsApps\\Microsoft.UI.Xaml.2.3_2.32002.13001.0_x86__8wekyb3d8bbwe\\Microsoft.UI.Xaml.dll"}, "host": {"name": "CLIENT1.breach.local"}, "log": {"level": "information"}, "message": "File created:\nRuleName: DLL\nUtcTime: 2022-12-19 10:06:22.090\nProcessGuid: {4901c233-247b-63a0-3600-000000000600}\nProcessId: 712\nImage: C:\\Windows\\System32\\svchost.exe\nTargetFilename: C:\\Program Files\\WindowsApps\\Microsoft.UI.Xaml.2.3_2.32002.13001.0_x86__8wekyb3d8bbwe\\Microsoft.UI.Xaml.dll\nCreationUtcTime: 2022-12-19 10:06:22.090\nUser: NT AUTHORITY\\SYSTEM", "process": {"entity_id": "{4901c233-247b-63a0-3600-000000000600}", "executable": "C:\\Windows\\System32\\svchost.exe", "name": "svchost.exe", "pid": 712}, "rule": {"name": "DLL"}, "winlog": {"api": "wineventlog", "channel": "Microsoft-Windows-Sysmon/Operational", "computer_name": "CLIENT1.breach.local", "event_data": {"CreationUtcTime": "2022-12-19 10:06:22.090", "User": "NT AUTHORITY\\SYSTEM"}, "event_id": 11, "opcode": "Info", "process": {"pid": 2072, "thread": {"id": 2684}}, "provider_guid": "{5770385f-c22a-43e0-bf4c-06f5698ffbd9}", "provider_name": "Microsoft-Windows-Sysmon", "record_id": 4561, "task": "File created (rule: FileCreate)", "user": {"domain": "NT AUTHORITY", "identifier": "S-1-5-18", "name": "SYSTEM", "type": "User"}, "version": 2}}
{"@timestamp": "2022-12-19T10:06:21.646Z", "agent": {"ephemeral_id": "75382475-4494-4885-af56-0a918c9c7d5b", "hostname": "CLIENT1", "id": "a5ea4d3e-40c5-43d5-9a2e-ed2c48327430", "name": "CLIENT1", "type": "winlogbeat", "version": "7.10.2"}, "ecs": {"version": "1.5.0"}, "event": {"action": "Windows Update Agent", "code": 44, "created": "2022-12-19T10:06:23.464Z", "kind": "event", "provider": "Microsoft-Windows-WindowsUpdateClient"}, "host": {"name": "CLIENT1.breach.local"}, "log": {"level": "information"}, "message": "Windows Update started downloading an update.", "winlog": {"activity_id": "{1ff30d06-1386-0001-925c-f41f8613d901}", "api": "wineventlog", "channel": "System", "computer_name": "CLIENT1.breach.local", "event_data": {"updateGuid": "{78d00b8d-c973-4e6d-bab8-6d829f76fb3d}", "updateRevisionNumber": "1", "updateTitle": "9PLL735RFDSM-Microsoft.NET.Native.Runtime.2.2"}, "event_id": 44, "keywords": ["Download", "Started"], "opcode": "Download", "process": {"pid": 356, "thread": {"id": 7032}}, "provider_guid": "{945a8954-c147-4acd-923f-40c45405a658}", "provider_name": "Microsoft-Windows-WindowsUpdateClient", "record_id": 834, "task": "Windows Update Agent", "user": {"domain": "NT AUTHORITY", "identifier": "S-1-5-18", "name": "SYSTEM", "type": "User"}, "version": 1}}
{"@timestamp": "2022-12-19T10:06:21.731Z", "agent": {"ephemeral_id": "75382475-4494-4885-af56-0a918c9c7d5b", "hostname": "CLIENT1", "id": "a5ea4d3e-40c5-43d5-9a2e-ed2c48327430", "name": "CLIENT1", "type": "winlogbeat", "version": "7.10.2"}, "ecs": {"version": "1.5.0"}, "event": {"code": 16, "created": "2022-12-19T10:06:23.464Z", "kind": "event", "provider": "Microsoft-Windows-Kernel-General"}, "host": {"name": "CLIENT1.breach.local"}, "log": {"level": "information"}, "message": "The access history in hive \\??\\C:\\ProgramData\\Microsoft\\Windows\\AppRepository\\Packages\\Microsoft.UI.Xaml.2.3_2.32002.13001.0_x64__8wekyb3d8bbwe\\ActivationStore.dat was cleared updating 0 keys and creating 0 modified pages.", "winlog": {"api": "wineventlog", "channel": "System", "computer_name": "CLIENT1.breach.local", "event_data": {"DirtyPages": "0", "HiveName": "\\??\\C:\\ProgramData\\Microsoft\\Windows\\AppRepository\\Packages\\Microsoft.UI.Xaml.2.3_2.32002.13001.0_x64__8wekyb3d8bbwe\\ActivationStore.dat", "HiveNameLength": "136", "KeysUpdated": "0"}, "event_id": 16, "opcode": "Info", "process": {"pid": 712, "thread": {"id": 3852}}, "provider_guid": "{a68ca8b7-004f-d7b6-a698-07e2de0f1f5d}", "provider_name": "Microsoft-Windows-Kernel-General", "record_id": 835, "task": "", "user": {"domain": "NT AUTHORITY", "identifier": "S-1-5-18", "name": "SYSTEM", "type": "User"}}}
{"@timestamp": "2022-12-19T10:06:23.575Z", "agent": {"ephemeral_id": "75382475-4494-4885-af56-0a918c9c7d5b", "hostname": "CLIENT1", "id": "a5ea4d3e-40c5-43d5-9a2e-ed2c48327430", "name": "CLIENT1", "type": "winlogbeat", "version": "7.10.2"}, "ecs": {"version": "1.5.0"}, "event": {"action": "Windows Update Agent", "code": 44, "created": "2022-12-19T10:06:24.468Z", "kind": "event", "provider": "Microsoft-Windows-WindowsUpdateClient"}, "host": {"name": "CLIENT1.breach.local"}, "log": {"level": "information"}, "message": "Windows Update started downloading an update.", "winlog": {"activity_id": "{1ff30d06-1386-0001-925c-f41f8613d901}", "api": "wineventlog", "channel": "System", "computer_name": "CLIENT1.breach.local", "event_data": {"updateGuid": "{2bfc90df-c5e5-4c06-b503-16647503bf6a}", "updateRevisionNumber": "1", "updateTitle": "9MW2LKJ0TPJF-Microsoft.NET.Native.Framework.2.2"}, "event_id": 44, "keywords": ["Download", "Started"], "opcode": "Download", "process": {"pid": 356, "thread": {"id": 7032}}, "provider_guid": "{945a8954-c147-4acd-923f-40c45405a658}", "provider_name": "Microsoft-Windows-WindowsUpdateClient", "record_id": 838, "task": "Windows Update Agent", "user": {"domain": "NT AUTHORITY", "identifier": "S-1-5-18", "name": "SYSTEM", "type": "User"}, "version": 1}}
{"@timestamp": "2022-12-19T10:06:23.957Z", "agent": {"ephemeral_id": "75382475-4494-4885-af56-0a918c9c7d5b", "hostname": "CLIENT1", "id": "a5ea4d3e-40c5-43d5-9a2e-ed2c48327430", "name": "CLIENT1", "type": "winlogbeat", "version": "7.10.2"}, "ecs": {"version": "1.5.0"}, "event": {"action": "User Account Management", "code": 5379, "created": "2022-12-19T10:06:25.469Z", "kind": "event", "outcome": "success", "provider": "Microsoft-Windows-Security-Auditing"}, "host": {"name": "CLIENT1.breach.local"}, "log": {"level": "information"}, "message": "Credential Manager credentials were read.\n\nSubject:\n\tSecurity ID:\t\tS-1-5-21-3613504208-1130562752-3296265829-1103\n\tAccount Name:\t\tclient1\n\tAccount Domain:\t\tBREACH\n\tLogon ID:\t\t0x40283\n\tRead Operation:\t\tEnumerate Credentials\n\nThis event occurs when a user performs a read operation on stored credentials in Credential Manager.", "winlog": {"activity_id": "{1ff30d06-1386-0001-670d-f31f8613d901}", "api": "wineventlog", "channel": "Security", "computer_name": "CLIENT1.breach.local", "event_data": {"ClientProcessId": "356", "CountOfCredentialsReturned": "0", "ProcessCreationTime": "2022-12-19T08:44:39.5357044Z", "ReadOperation": "%%8100", "ReturnCode": "3221226021", "SubjectDomainName": "BREACH", "SubjectLogonId": "0x40283", "SubjectUserName": "client1", "SubjectUserSid": "S-1-5-21-3613504208-1130562752-3296265829-1103", "TargetName": "WindowsLive:(cert):name=02zfvhfvucfacffp;serviceuri=*", "Type": "0"}, "event_id": 5379, "keywords": ["Audit Success"], "opcode": "Info", "process": {"pid": 624, "thread": {"id": 2256}}, "provider_guid": "{54849625-5478-4994-a5ba-3e3b0328c30d}", "provider_name": "Microsoft-Windows-Security-Auditing", "record_id": 7069, "task": "User Account Management"}}
{"@timestamp": "2022-12-19T10:06:24.471Z", "agent": {"ephemeral_id": "75382475-4494-4885-af56-0a918c9c7d5b", "hostname": "CLIENT1", "id": "a5ea4d3e-40c5-43d5-9a2e-ed2c48327430", "name": "CLIENT1", "type": "winlogbeat", "version": "7.10.2"}, "ecs": {"version": "1.5.0"}, "event": {"action": "User Account Management", "code": 5379, "created": "2022-12-19T10:06:25.469Z", "kind": "event", "outcome": "success", "provider": "Microsoft-Windows-Security-Auditing"}, "host": {"name": "CLIENT1.breach.local"}, "log": {"level": "information"}, "message": "Credential Manager credentials were read.\n\nSubject:\n\tSecurity ID:\t\tS-1-5-21-3613504208-1130562752-3296265829-1103\n\tAccount Name:\t\tclient1\n\tAccount Domain:\t\tBREACH\n\tLogon ID:\t\t0x40283\n\tRead Operation:\t\tEnumerate Credentials\n\nThis event occurs when a user performs a read operation on stored credentials in Credential Manager.", "winlog": {"activity_id": "{1ff30d06-1386-0001-670d-f31f8613d901}", "api": "wineventlog", "channel": "Security", "computer_name": "CLIENT1.breach.local", "event_data": {"ClientProcessId": "356", "CountOfCredentialsReturned": "0", "ProcessCreationTime": "2022-12-19T08:44:39.5357044Z", "ReadOperation": "%%8100", "ReturnCode": "3221226021", "SubjectDomainName": "BREACH", "SubjectLogonId": "0x40283", "SubjectUserName": "client1", "SubjectUserSid": "S-1-5-21-3613504208-1130562752-3296265829-1103", "TargetName": "MicrosoftAccount:user=02zfvhfvucfacffp", "Type": "0"}, "event_id": 5379, "keywords": ["Audit Success"], "opcode": "Info", "process": {"pid": 624, "thread": {"id": 2256}}, "provider_guid": "{54849625-5478-4994-a5ba-3e3b0328c30d}", "provider_name": "Microsoft-Windows-Security-Auditing", "record_id": 7072, "task": "User Account Management"}}
{"@timestamp": "2022-12-19T10:06:26.192Z", "agent": {"ephemeral_id": "75382475-4494-4885-af56-0a918c9c7d5b", "hostname": "CLIENT1", "id": "a5ea4d3e-40c5-43d5-9a2e-ed2c48327430", "name": "CLIENT1", "type": "winlogbeat", "version": "7.10.2"}, "ecs": {"version": "1.5.0"}, "event": {"action": "Windows Update Agent", "code": 44, "created": "2022-12-19T10:06:27.480Z", "kind": "event", "provider": "Microsoft-Windows-WindowsUpdateClient"}, "host": {"name": "CLIENT1.breach.local"}, "log": {"level": "information"}, "message": "Windows Update started downloading an update.", "winlog": {"activity_id": "{1ff30d06-1386-0001-925c-f41f8613d901}", "api": "wineventlog", "channel": "System", "computer_name": "CLIENT1.breach.local", "event_data": {"updateGuid": "{509bb857-4725-4f38-b4e9-c4561d0a95e0}", "updateRevisionNumber": "1", "updateTitle": "9WZDNCRD1HKW-Microsoft.XboxIdentityProvider"}, "event_id": 44, "keywords": ["Download", "Started"], "opcode": "Download", "process": {"pid": 356, "thread": {"id": 7032}}, "provider_guid": "{945a8954-c147-4acd-923f-40c45405a658}", "provider_name": "Microsoft-Windows-WindowsUpdateClient", "record_id": 840, "task": "Windows Update Agent", "user": {"domain": "NT AUTHORITY", "identifier": "S-1-5-18", "name": "SYSTEM", "type": "User"}, "version": 1}}
{"@timestamp": "2022-12-19T10:06:26.192Z", "agent": {"ephemeral_id": "75382475-4494-4885-af56-0a918c9c7d5b", "hostname": "CLIENT1", "id": "a5ea4d3e-40c5-43d5-9a2e-ed2c48327430", "name": "CLIENT1", "type": "winlogbeat", "version": "7.10.2"}, "ecs": {"version": "1.5.0"}, "event": {"action": "Windows Update Agent", "code": 44, "created": "2022-12-19T10:06:27.480Z", "kind": "event", "provider": "Microsoft-Windows-WindowsUpdateClient"}, "host": {"name": "CLIENT1.breach.local"}, "log": {"level": "information"}, "message": "Windows Update started downloading an update.", "winlog": {"activity_id": "{1ff30d06-1386-0001-925c-f41f8613d901}", "api": "wineventlog", "channel": "System", "computer_name": "CLIENT1.breach.local", "event_data": {"updateGuid": "{d82f41c1-893a-4a90-ac94-8f83da52a274}", "updateRevisionNumber": "1", "updateTitle": "9NBLGGH3FRZM-Microsoft.VCLibs.140.00"}, "event_id": 44, "keywords": ["Download", "Started"], "opcode": "Download", "process": {"pid": 356, "thread": {"id": 7032}}, "provider_guid": "{945a8954-c147-4acd-923f-40c45405a658}", "provider_name": "Microsoft-Windows-WindowsUpdateClient", "record_id": 842, "task": "Windows Update Agent", "user": {"domain": "NT AUTHORITY", "identifier": "S-1-5-18", "name": "SYSTEM", "type": "User"}, "version": 1}}
{"@timestamp": "2022-12-19T10:06:25.691Z", "agent": {"ephemeral_id": "75382475-4494-4885-af56-0a918c9c7d5b", "hostname": "CLIENT1", "id": "a5ea4d3e-40c5-43d5-9a2e-ed2c48327430", "name": "CLIENT1", "type": "winlogbeat", "version": "7.10.2"}, "destination": {"domain": "-", "ip": "172.17.0.2", "port": 25}, "ecs": {"version": "1.5.0"}, "event": {"action": "Network connection detected (rule: NetworkConnect)", "category": ["network"], "code": 3, "created": "2022-12-19T10:06:28.343Z", "kind": "event", "module": "sysmon", "provider": "Microsoft-Windows-Sysmon", "type": ["connection", "start", "protocol"]}, "host": {"name": "CLIENT1.breach.local"}, "log": {"level": "information"}, "message": "Network connection detected:\nRuleName: SMTP\nUtcTime: 2022-12-19 10:06:25.691\nProcessGuid: {4901c233-24ce-63a0-8a00-000000000600}\nProcessId: 4856\nImage: C:\\Python37\\python.exe\nUser: BREACH\\client1\nProtocol: tcp\nInitiated: true\nSourceIsIpv6: false\nSourceIp: 172.16.1.1\nSourceHostname: CLIENT1.breach.local\nSourcePort: 54310\nSourcePortName: -\nDestinationIsIpv6: false\nDestinationIp: 172.17.0.2\nDestinationHostname: -\nDestinationPort: 25\nDestinationPortName: smtp", "network": {"community_id": "1:9X4IQYrwvScjAOR+LhyCv0GURE4=", "direction": "outbound", "protocol": "smtp", "transport": "tcp", "type": "ipv4"}, "process": {"entity_id": "{4901c233-24ce-63a0-8a00-000000000600}", "executable": "C:\\Python37\\python.exe", "name": "python.exe", "pid": 4856}, "related": {"ip": ["172.16.1.1", "172.17.0.2"], "user": "client1"}, "rule": {"name": "SMTP"}, "source": {"domain": "CLIENT1.breach.local", "ip": "172.16.1.1", "port": 54310}, "user": {"domain": "BREACH", "name": "client1"}, "winlog": {"api": "wineventlog", "channel": "Microsoft-Windows-Sysmon/Operational", "computer_name": "CLIENT1.breach.local", "event_data": {"SourcePortName": "-"}, "event_id": 3, "opcode": "Info", "process": {"pid": 2072, "thread": {"id": 2576}}, "provider_guid": "{5770385f-c22a-43e0-bf4c-06f5698ffbd9}", "provider_name": "Microsoft-Windows-Sysmon", "record_id": 4562, "task": "Network connection detected (rule: NetworkConnect)", "user": {"domain": "NT AUTHORITY", "identifier": "S-1-5-18", "name": "SYSTEM", "type": "User"}, "version": 5}}
{"@timestamp": "2022-12-19T10:06:03.949Z", "agent": {"ephemeral_id": "75382475-4494-4885-af56-0a918c9c7d5b", "hostname": "CLIENT1", "id": "a5ea4d3e-40c5-43d5-9a2e-ed2c48327430", "name": "CLIENT1", "type": "winlogbeat", "version": "7.10.2"}, "ecs": {"version": "1.5.0"}, "event": {"action": "Windows Update Agent", "code": 44, "created": "2022-12-19T10:06:05.304Z", "kind": "event", "provider": "Microsoft-Windows-WindowsUpdateClient"}, "host": {"name": "CLIENT1.breach.local"}, "log": {"level": "information"}, "message": "Windows Update started downloading an update.", "winlog": {"activity_id": "{1ff30d06-1386-0001-925c-f41f8613d901}", "api": "wineventlog", "channel": "System", "computer_name": "CLIENT1.breach.local", "event_data": {"updateGuid": "{2bfc90df-c5e5-4c06-b503-16647503bf6a}", "updateRevisionNumber": "1", "updateTitle": "9MW2LKJ0TPJF-Microsoft.NET.Native.Framework.2.2"}, "event_id": 44, "keywords": ["Download", "Started"], "opcode": "Download", "process": {"pid": 356, "thread": {"id": 7032}}, "provider_guid": "{945a8954-c147-4acd-923f-40c45405a658}", "provider_name": "Microsoft-Windows-WindowsUpdateClient", "record_id": 806, "task": "Windows Update Agent", "user": {"domain": "NT AUTHORITY", "identifier": "S-1-5-18", "name": "SYSTEM", "type": "User"}, "version": 1}}
{"@timestamp": "2022-12-19T10:06:03.186Z", "agent": {"ephemeral_id": "9f267527-6a01-4adf-bfdd-37fe019af17c", "hostname": "CLIENT3", "id": "a5ea4d3e-40c5-43d5-9a2e-ed2c48327430", "name": "CLIENT3", "type": "winlogbeat", "version": "7.10.2"}, "destination": {"domain": "-", "ip": "172.17.0.2", "port": 25}, "ecs": {"version": "1.5.0"}, "event": {"action": "Network connection detected (rule: NetworkConnect)", "category": ["network"], "code": 3, "created": "2022-12-19T10:06:05.998Z", "kind": "event", "module": "sysmon", "provider": "Microsoft-Windows-Sysmon", "type": ["connection", "start", "protocol"]}, "host": {"name": "CLIENT3.breach.local"}, "log": {"level": "information"}, "message": "Network connection detected:\nRuleName: SMTP\nUtcTime: 2022-12-19 10:06:03.186\nProcessGuid: {4901c233-249c-63a0-8800-000000000600}\nProcessId: 4128\nImage: C:\\Python37\\python.exe\nUser: BREACH\\client3\nProtocol: tcp\nInitiated: true\nSourceIsIpv6: false\nSourceIp: 172.16.1.3\nSourceHostname: CLIENT3.breach.local\nSourcePort: 56654\nSourcePortName: -\nDestinationIsIpv6: false\nDestinationIp: 172.17.0.2\nDestinationHostname: -\nDestinationPort: 25\nDestinationPortName: smtp", "network": {"community_id": "1:KP6K/cA2y8p7mGBkCm2ZL0sliBM=", "direction": "outbound", "protocol": "smtp", "transport": "tcp", "type": "ipv4"}, "process": {"entity_id": "{4901c233-249c-63a0-8800-000000000600}", "executable": "C:\\Python37\\python.exe", "name": "python.exe", "pid": 4128}, "related": {"ip": ["172.16.1.3", "172.17.0.2"], "user": "client3"}, "rule": {"name": "SMTP"}, "source": {"domain": "CLIENT3.breach.local", "ip": "172.16.1.3", "port": 56654}, "user": {"domain": "BREACH", "name": "client3"}, "winlog": {"api": "wineventlog", "channel": "Microsoft-Windows-Sysmon/Operational", "computer_name": "CLIENT3.breach.local", "event_data": {"SourcePortName": "-"}, "event_id": 3, "opcode": "Info", "process": {"pid": 2052, "thread": {"id": 2644}}, "provider_guid": "{5770385f-c22a-43e0-bf4c-06f5698ffbd9}", "provider_name": "Microsoft-Windows-Sysmon", "record_id": 6690, "task": "Network connection detected (rule: NetworkConnect)", "user": {"domain": "NT AUTHORITY", "identifier": "S-1-5-18", "name": "SYSTEM", "type": "User"}, "version": 5}}
{"@timestamp": "2022-12-19T10:06:05.131Z", "agent": {"ephemeral_id": "75382475-4494-4885-af56-0a918c9c7d5b", "hostname": "CLIENT1", "id": "a5ea4d3e-40c5-43d5-9a2e-ed2c48327430", "name": "CLIENT1", "type": "winlogbeat", "version": "7.10.2"}, "ecs": {"version": "1.5.0"}, "event": {"action": "Windows Update Agent", "code": 44, "created": "2022-12-19T10:06:06.312Z", "kind": "event", "provider": "Microsoft-Windows-WindowsUpdateClient"}, "host": {"name": "CLIENT1.breach.local"}, "log": {"level": "information"}, "message": "Windows Update started downloading an update.", "winlog": {"activity_id": "{1ff30d06-1386-0001-925c-f41f8613d901}", "api": "wineventlog", "channel": "System", "computer_name": "CLIENT1.breach.local", "event_data": {"updateGuid": "{ff3ea76e-7a36-400b-982a-399ff2a6ba4f}", "updateRevisionNumber": "1", "updateTitle": "9PKDZBMV1H3T-Microsoft.GetHelp"}, "event_id": 44, "keywords": ["Download", "Started"], "opcode": "Download", "process": {"pid": 356, "thread": {"id": 7032}}, "provider_guid": "{945a8954-c147-4acd-923f-40c45405a658}", "provider_name": "Microsoft-Windows-WindowsUpdateClient", "record_id": 807, "task": "Windows Update Agent", "user": {"domain": "NT AUTHORITY", "identifier": "S-1-5-18", "name": "SYSTEM", "type": "User"}, "version": 1}}
{"@timestamp": "2022-12-19T10:02:11.583Z", "agent": {"ephemeral_id": "9f267527-6a01-4adf-bfdd-37fe019af17c", "hostname": "CLIENT3", "id": "a5ea4d3e-40c5-43d5-9a2e-ed2c48327430", "name": "CLIENT3", "type": "winlogbeat", "version": "7.10.2"}, "dns": {"question": {"name": "cdn.jsdelivr.net", "registered_domain": "jsdelivr.net"}}, "ecs": {"version": "1.5.0"}, "event": {"action": "Dns query (rule: DnsQuery)", "category": ["network"], "code": 22, "created": "2022-12-19T10:02:15.419Z", "kind": "event", "module": "sysmon", "provider": "Microsoft-Windows-Sysmon", "type": ["connection", "protocol", "info"]}, "host": {"name": "CLIENT3.breach.local"}, "log": {"level": "information"}, "message": "Dns query:\nRuleName: -\nUtcTime: 2022-12-19 10:02:11.583\nProcessGuid: {4901c233-3674-63a0-660c-000000000600}\nProcessId: 1484\nQueryName: cdn.jsdelivr.net\nQueryStatus: 9002\nQueryResults: -\nImage: C:\\Program Files (x86)\\Mozilla Firefox\\firefox.exe\nUser: BREACH\\client3", "network": {"protocol": "dns"}, "process": {"entity_id": "{4901c233-3674-63a0-660c-000000000600}", "executable": "C:\\Program Files (x86)\\Mozilla Firefox\\firefox.exe", "name": "firefox.exe", "pid": 1484}, "sysmon": {"dns": {"status": "DNS_ERROR_RCODE_SERVER_FAILURE"}}, "winlog": {"api": "wineventlog", "channel": "Microsoft-Windows-Sysmon/Operational", "computer_name": "CLIENT3.breach.local", "event_data": {"RuleName": "-", "User": "BREACH\\client3"}, "event_id": 22, "opcode": "Info", "process": {"pid": 2052, "thread": {"id": 2760}}, "provider_guid": "{5770385f-c22a-43e0-bf4c-06f5698ffbd9}", "provider_name": "Microsoft-Windows-Sysmon", "record_id": 6649, "task": "Dns query (rule: DnsQuery)", "user": {"domain": "NT AUTHORITY", "identifier": "S-1-5-18", "name": "SYSTEM", "type": "User"}, "version": 5}}
{"@timestamp": "2022-12-19T10:06:05.131Z", "agent": {"ephemeral_id": "75382475-4494-4885-af56-0a918c9c7d5b", "hostname": "CLIENT1", "id": "a5ea4d3e-40c5-43d5-9a2e-ed2c48327430", "name": "CLIENT1", "type": "winlogbeat", "version": "7.10.2"}, "ecs": {"version": "1.5.0"}, "event": {"action": "Windows Update Agent", "code": 44, "created": "2022-12-19T10:06:06.312Z", "kind": "event", "provider": "Microsoft-Windows-WindowsUpdateClient"}, "host": {"name": "CLIENT1.breach.local"}, "log": {"level": "information"}, "message": "Windows Update started downloading an update.", "winlog": {"activity_id": "{1ff30d06-1386-0001-925c-f41f8613d901}", "api": "wineventlog", "channel": "System", "computer_name": "CLIENT1.breach.local", "event_data": {"updateGuid": "{d82f41c1-893a-4a90-ac94-8f83da52a274}", "updateRevisionNumber": "1", "updateTitle": "9NBLGGH3FRZM-Microsoft.VCLibs.140.00"}, "event_id": 44, "keywords": ["Download", "Started"], "opcode": "Download", "process": {"pid": 356, "thread": {"id": 7032}}, "provider_guid": "{945a8954-c147-4acd-923f-40c45405a658}", "provider_name": "Microsoft-Windows-WindowsUpdateClient", "record_id": 812, "task": "Windows Update Agent", "user": {"domain": "NT AUTHORITY", "identifier": "S-1-5-18", "name": "SYSTEM", "type": "User"}, "version": 1}}
{"@timestamp": "2022-12-19T10:02:13.823Z", "agent": {"ephemeral_id": "9f267527-6a01-4adf-bfdd-37fe019af17c", "hostname": "CLIENT3", "id": "a5ea4d3e-40c5-43d5-9a2e-ed2c48327430", "name": "CLIENT3", "type": "winlogbeat", "version": "7.10.2"}, "destination": {"domain": "-", "ip": "172.17.0.2", "port": 25}, "ecs": {"version": "1.5.0"}, "event": {"action": "Network connection detected (rule: NetworkConnect)", "category": ["network"], "code": 3, "created": "2022-12-19T10:02:16.421Z", "kind": "event", "module": "sysmon", "provider": "Microsoft-Windows-Sysmon", "type": ["connection", "start", "protocol"]}, "host": {"name": "CLIENT3.breach.local"}, "log": {"level": "information"}, "message": "Network connection detected:\nRuleName: SMTP\nUtcTime: 2022-12-19 10:02:13.823\nProcessGuid: {4901c233-249c-63a0-8800-000000000600}\nProcessId: 4128\nImage: C:\\Python37\\python.exe\nUser: BREACH\\client3\nProtocol: tcp\nInitiated: true\nSourceIsIpv6: false\nSourceIp: 172.16.1.3\nSourceHostname: CLIENT3.breach.local\nSourcePort: 56608\nSourcePortName: -\nDestinationIsIpv6: false\nDestinationIp: 172.17.0.2\nDestinationHostname: -\nDestinationPort: 25\nDestinationPortName: smtp", "network": {"community_id": "1:iYtS5Aj6tJCyMbI9Agnb3swXWfU=", "direction": "outbound", "protocol": "smtp", "transport": "tcp", "type": "ipv4"}, "process": {"entity_id": "{4901c233-249c-63a0-8800-000000000600}", "executable": "C:\\Python37\\python.exe", "name": "python.exe", "pid": 4128}, "related": {"ip": ["172.16.1.3", "172.17.0.2"], "user": "client3"}, "rule": {"name": "SMTP"}, "source": {"domain": "CLIENT3.breach.local", "ip": "172.16.1.3", "port": 56608}, "user": {"domain": "BREACH", "name": "client3"}, "winlog": {"api": "wineventlog", "channel": "Microsoft-Windows-Sysmon/Operational", "computer_name": "CLIENT3.breach.local", "event_data": {"SourcePortName": "-"}, "event_id": 3, "opcode": "Info", "process": {"pid": 2052, "thread": {"id": 2644}}, "provider_guid": "{5770385f-c22a-43e0-bf4c-06f5698ffbd9}", "provider_name": "Microsoft-Windows-Sysmon", "record_id": 6650, "task": "Network connection detected (rule: NetworkConnect)", "user": {"domain": "NT AUTHORITY", "identifier": "S-1-5-18", "name": "SYSTEM", "type": "User"}, "version": 5}}
{"@timestamp": "2022-12-19T10:06:05.763Z", "agent": {"ephemeral_id": "75382475-4494-4885-af56-0a918c9c7d5b", "hostname": "CLIENT1", "id": "a5ea4d3e-40c5-43d5-9a2e-ed2c48327430", "name": "CLIENT1", "type": "winlogbeat", "version": "7.10.2"}, "ecs": {"version": "1.5.0"}, "event": {"action": "File created (rule: FileCreate)", "category": ["file"], "code": 11, "created": "2022-12-19T10:06:07.016Z", "kind": "event", "module": "sysmon", "provider": "Microsoft-Windows-Sysmon", "type": ["creation"]}, "file": {"directory": "C:\\Program Files\\WindowsApps\\Microsoft.GetHelp_10.2208.2551.0_x64__8wekyb3d8bbwe", "extension": "exe", "name": "GetHelp.exe", "path": "C:\\Program Files\\WindowsApps\\Microsoft.GetHelp_10.2208.2551.0_x64__8wekyb3d8bbwe\\GetHelp.exe"}, "host": {"name": "CLIENT1.breach.local"}, "log": {"level": "information"}, "message": "File created:\nRuleName: EXE\nUtcTime: 2022-12-19 10:06:05.763\nProcessGuid: {4901c233-247b-63a0-3600-000000000600}\nProcessId: 712\nImage: C:\\Windows\\System32\\svchost.exe\nTargetFilename: C:\\Program Files\\WindowsApps\\Microsoft.GetHelp_10.2208.2551.0_x64__8wekyb3d8bbwe\\GetHelp.exe\nCreationUtcTime: 2022-12-19 10:06:05.763\nUser: NT AUTHORITY\\SYSTEM", "process": {"entity_id": "{4901c233-247b-63a0-3600-000000000600}", "executable": "C:\\Windows\\System32\\svchost.exe", "name": "svchost.exe", "pid": 712}, "rule": {"name": "EXE"}, "winlog": {"api": "wineventlog", "channel": "Microsoft-Windows-Sysmon/Operational", "computer_name": "CLIENT1.breach.local", "event_data": {"CreationUtcTime": "2022-12-19 10:06:05.763", "User": "NT AUTHORITY\\SYSTEM"}, "event_id": 11, "opcode": "Info", "process": {"pid": 2072, "thread": {"id": 2684}}, "provider_guid": "{5770385f-c22a-43e0-bf4c-06f5698ffbd9}", "provider_name": "Microsoft-Windows-Sysmon", "record_id": 4545, "task": "File created (rule: FileCreate)", "user": {"domain": "NT AUTHORITY", "identifier": "S-1-5-18", "name": "SYSTEM", "type": "User"}, "version": 2}}
{"@timestamp": "2022-12-19T10:02:14.516Z", "agent": {"ephemeral_id": "75382475-4494-4885-af56-0a918c9c7d5b", "hostname": "CLIENT1", "id": "a5ea4d3e-40c5-43d5-9a2e-ed2c48327430", "name": "CLIENT1", "type": "winlogbeat", "version": "7.10.2"}, "destination": {"domain": "-", "ip": "172.17.0.2", "port": 25}, "ecs": {"version": "1.5.0"}, "event": {"action": "Network connection detected (rule: NetworkConnect)", "category": ["network"], "code": 3, "created": "2022-12-19T10:02:17.152Z", "kind": "event", "module": "sysmon", "provider": "Microsoft-Windows-Sysmon", "type": ["connection", "start", "protocol"]}, "host": {"name": "CLIENT1.breach.local"}, "log": {"level": "information"}, "message": "Network connection detected:\nRuleName: SMTP\nUtcTime: 2022-12-19 10:02:14.516\nProcessGuid: {4901c233-24ce-63a0-8a00-000000000600}\nProcessId: 4856\nImage: C:\\Python37\\python.exe\nUser: BREACH\\client1\nProtocol: tcp\nInitiated: true\nSourceIsIpv6: false\nSourceIp: 172.16.1.1\nSourceHostname: CLIENT1.breach.local\nSourcePort: 54074\nSourcePortName: -\nDestinationIsIpv6: false\nDestinationIp: 172.17.0.2\nDestinationHostname: -\nDestinationPort: 25\nDestinationPortName: smtp", "network": {"community_id": "1:ovRkPksKB8PaWLGlKklYnrDwFdc=", "direction": "outbound", "protocol": "smtp", "transport": "tcp", "type": "ipv4"}, "process": {"entity_id": "{4901c233-24ce-63a0-8a00-000000000600}", "executable": "C:\\Python37\\python.exe", "name": "python.exe", "pid": 4856}, "related": {"ip": ["172.16.1.1", "172.17.0.2"], "user": "client1"}, "rule": {"name": "SMTP"}, "source": {"domain": "CLIENT1.breach.local", "ip": "172.16.1.1", "port": 54074}, "user": {"domain": "BREACH", "name": "client1"}, "winlog": {"api": "wineventlog", "channel": "Microsoft-Windows-Sysmon/Operational", "computer_name": "CLIENT1.breach.local", "event_data": {"SourcePortName": "-"}, "event_id": 3, "opcode": "Info", "process": {"pid": 2072, "thread": {"id": 2576}}, "provider_guid": "{5770385f-c22a-43e0-bf4c-06f5698ffbd9}", "provider_name": "Microsoft-Windows-Sysmon", "record_id": 4484, "task": "Network connection detected (rule: NetworkConnect)", "user": {"domain": "NT AUTHORITY", "identifier": "S-1-5-18", "name": "SYSTEM", "type": "User"}, "version": 5}}
{"@timestamp": "2022-12-19T10:06:05.763Z", "agent": {"ephemeral_id": "75382475-4494-4885-af56-0a918c9c7d5b", "hostname": "CLIENT1", "id": "a5ea4d3e-40c5-43d5-9a2e-ed2c48327430", "name": "CLIENT1", "type": "winlogbeat", "version": "7.10.2"}, "ecs": {"version": "1.5.0"}, "event": {"action": "File created (rule: FileCreate)", "category": ["file"], "code": 11, "created": "2022-12-19T10:06:07.017Z", "kind": "event", "module": "sysmon", "provider": "Microsoft-Windows-Sysmon", "type": ["creation"]}, "file": {"directory": "C:\\Program Files\\WindowsApps\\Microsoft.GetHelp_10.2208.2551.0_x64__8wekyb3d8bbwe", "extension": "dll", "name": "Microsoft.Apps.Stubs.Handoff.dll", "path": "C:\\Program Files\\WindowsApps\\Microsoft.GetHelp_10.2208.2551.0_x64__8wekyb3d8bbwe\\Microsoft.Apps.Stubs.Handoff.dll"}, "host": {"name": "CLIENT1.breach.local"}, "log": {"level": "information"}, "message": "File created:\nRuleName: DLL\nUtcTime: 2022-12-19 10:06:05.763\nProcessGuid: {4901c233-247b-63a0-3600-000000000600}\nProcessId: 712\nImage: C:\\Windows\\System32\\svchost.exe\nTargetFilename: C:\\Program Files\\WindowsApps\\Microsoft.GetHelp_10.2208.2551.0_x64__8wekyb3d8bbwe\\Microsoft.Apps.Stubs.Handoff.dll\nCreationUtcTime: 2022-12-19 10:06:05.763\nUser: NT AUTHORITY\\SYSTEM", "process": {"entity_id": "{4901c233-247b-63a0-3600-000000000600}", "executable": "C:\\Windows\\System32\\svchost.exe", "name": "svchost.exe", "pid": 712}, "rule": {"name": "DLL"}, "winlog": {"api": "wineventlog", "channel": "Microsoft-Windows-Sysmon/Operational", "computer_name": "CLIENT1.breach.local", "event_data": {"CreationUtcTime": "2022-12-19 10:06:05.763", "User": "NT AUTHORITY\\SYSTEM"}, "event_id": 11, "opcode": "Info", "process": {"pid": 2072, "thread": {"id": 2684}}, "provider_guid": "{5770385f-c22a-43e0-bf4c-06f5698ffbd9}", "provider_name": "Microsoft-Windows-Sysmon", "record_id": 4546, "task": "File created (rule: FileCreate)", "user": {"domain": "NT AUTHORITY", "identifier": "S-1-5-18", "name": "SYSTEM", "type": "User"}, "version": 2}}
{"@timestamp": "2022-12-19T10:02:07.943Z", "agent": {"ephemeral_id": "9f267527-6a01-4adf-bfdd-37fe019af17c", "hostname": "CLIENT3", "id": "a5ea4d3e-40c5-43d5-9a2e-ed2c48327430", "name": "CLIENT3", "type": "winlogbeat", "version": "7.10.2"}, "destination": {"domain": "-", "ip": "172.17.0.2", "port": 25}, "ecs": {"version": "1.5.0"}, "event": {"action": "Network connection detected (rule: NetworkConnect)", "category": ["network"], "code": 3, "created": "2022-12-19T10:02:10.381Z", "kind": "event", "module": "sysmon", "provider": "Microsoft-Windows-Sysmon", "type": ["connection", "start", "protocol"]}, "host": {"name": "CLIENT3.breach.local"}, "log": {"level": "information"}, "message": "Network connection detected:\nRuleName: SMTP\nUtcTime: 2022-12-19 10:02:07.943\nProcessGuid: {4901c233-249c-63a0-8800-000000000600}\nProcessId: 4128\nImage: C:\\Python37\\python.exe\nUser: BREACH\\client3\nProtocol: tcp\nInitiated: true\nSourceIsIpv6: false\nSourceIp: 172.16.1.3\nSourceHostname: CLIENT3.breach.local\nSourcePort: 56607\nSourcePortName: -\nDestinationIsIpv6: false\nDestinationIp: 172.17.0.2\nDestinationHostname: -\nDestinationPort: 25\nDestinationPortName: smtp", "network": {"community_id": "1:Hzstt/BhFJNhIkphUHsFw4ZNbaM=", "direction": "outbound", "protocol": "smtp", "transport": "tcp", "type": "ipv4"}, "process": {"entity_id": "{4901c233-249c-63a0-8800-000000000600}", "executable": "C:\\Python37\\python.exe", "name": "python.exe", "pid": 4128}, "related": {"ip": ["172.16.1.3", "172.17.0.2"], "user": "client3"}, "rule": {"name": "SMTP"}, "source": {"domain": "CLIENT3.breach.local", "ip": "172.16.1.3", "port": 56607}, "user": {"domain": "BREACH", "name": "client3"}, "winlog": {"api": "wineventlog", "channel": "Microsoft-Windows-Sysmon/Operational", "computer_name": "CLIENT3.breach.local", "event_data": {"SourcePortName": "-"}, "event_id": 3, "opcode": "Info", "process": {"pid": 2052, "thread": {"id": 2644}}, "provider_guid": "{5770385f-c22a-43e0-bf4c-06f5698ffbd9}", "provider_name": "Microsoft-Windows-Sysmon", "record_id": 6646, "task": "Network connection detected (rule: NetworkConnect)", "user": {"domain": "NT AUTHORITY", "identifier": "S-1-5-18", "name": "SYSTEM", "type": "User"}, "version": 5}}
{"@timestamp": "2022-12-19T10:06:05.763Z", "agent": {"ephemeral_id": "75382475-4494-4885-af56-0a918c9c7d5b", "hostname": "CLIENT1", "id": "a5ea4d3e-40c5-43d5-9a2e-ed2c48327430", "name": "CLIENT1", "type": "winlogbeat", "version": "7.10.2"}, "ecs": {"version": "1.5.0"}, "event": {"action": "File created (rule: FileCreate)", "category": ["file"], "code": 11, "created": "2022-12-19T10:06:07.017Z", "kind": "event", "module": "sysmon", "provider": "Microsoft-Windows-Sysmon", "type": ["creation"]}, "file": {"directory": "C:\\Program Files\\WindowsApps\\Microsoft.GetHelp_10.2208.2551.0_x64__8wekyb3d8bbwe", "extension": "dll", "name": "NativeNetworkDiagnosticsWRC.dll", "path": "C:\\Program Files\\WindowsApps\\Microsoft.GetHelp_10.2208.2551.0_x64__8wekyb3d8bbwe\\NativeNetworkDiagnosticsWRC.dll"}, "host": {"name": "CLIENT1.breach.local"}, "log": {"level": "information"}, "message": "File created:\nRuleName: DLL\nUtcTime: 2022-12-19 10:06:05.763\nProcessGuid: {4901c233-247b-63a0-3600-000000000600}\nProcessId: 712\nImage: C:\\Windows\\System32\\svchost.exe\nTargetFilename: C:\\Program Files\\WindowsApps\\Microsoft.GetHelp_10.2208.2551.0_x64__8wekyb3d8bbwe\\NativeNetworkDiagnosticsWRC.dll\nCreationUtcTime: 2022-12-19 10:06:05.763\nUser: NT AUTHORITY\\SYSTEM", "process": {"entity_id": "{4901c233-247b-63a0-3600-000000000600}", "executable": "C:\\Windows\\System32\\svchost.exe", "name": "svchost.exe", "pid": 712}, "rule": {"name": "DLL"}, "winlog": {"api": "wineventlog", "channel": "Microsoft-Windows-Sysmon/Operational", "computer_name": "CLIENT1.breach.local", "event_data": {"CreationUtcTime": "2022-12-19 10:06:05.763", "User": "NT AUTHORITY\\SYSTEM"}, "event_id": 11, "opcode": "Info", "process": {"pid": 2072, "thread": {"id": 2684}}, "provider_guid": "{5770385f-c22a-43e0-bf4c-06f5698ffbd9}", "provider_name": "Microsoft-Windows-Sysmon", "record_id": 4548, "task": "File created (rule: FileCreate)", "user": {"domain": "NT AUTHORITY", "identifier": "S-1-5-18", "name": "SYSTEM", "type": "User"}, "version": 2}}
{"@timestamp": "2022-12-19T10:02:08.620Z", "agent": {"ephemeral_id": "75382475-4494-4885-af56-0a918c9c7d5b", "hostname": "CLIENT1", "id": "a5ea4d3e-40c5-43d5-9a2e-ed2c48327430", "name": "CLIENT1", "type": "winlogbeat", "version": "7.10.2"}, "destination": {"domain": "-", "ip": "172.17.0.2", "port": 25}, "ecs": {"version": "1.5.0"}, "event": {"action": "Network connection detected (rule: NetworkConnect)", "category": ["network"], "code": 3, "created": "2022-12-19T10:02:11.123Z", "kind": "event", "module": "sysmon", "provider": "Microsoft-Windows-Sysmon", "type": ["connection", "start", "protocol"]}, "host": {"name": "CLIENT1.breach.local"}, "log": {"level": "information"}, "message": "Network connection detected:\nRuleName: SMTP\nUtcTime: 2022-12-19 10:02:08.620\nProcessGuid: {4901c233-24ce-63a0-8a00-000000000600}\nProcessId: 4856\nImage: C:\\Python37\\python.exe\nUser: BREACH\\client1\nProtocol: tcp\nInitiated: true\nSourceIsIpv6: false\nSourceIp: 172.16.1.1\nSourceHostname: CLIENT1.breach.local\nSourcePort: 54071\nSourcePortName: -\nDestinationIsIpv6: false\nDestinationIp: 172.17.0.2\nDestinationHostname: -\nDestinationPort: 25\nDestinationPortName: smtp", "network": {"community_id": "1:eOgt0l/qNWbLlC6ahwgBXbVk+kg=", "direction": "outbound", "protocol": "smtp", "transport": "tcp", "type": "ipv4"}, "process": {"entity_id": "{4901c233-24ce-63a0-8a00-000000000600}", "executable": "C:\\Python37\\python.exe", "name": "python.exe", "pid": 4856}, "related": {"ip": ["172.16.1.1", "172.17.0.2"], "user": "client1"}, "rule": {"name": "SMTP"}, "source": {"domain": "CLIENT1.breach.local", "ip": "172.16.1.1", "port": 54071}, "user": {"domain": "BREACH", "name": "client1"}, "winlog": {"api": "wineventlog", "channel": "Microsoft-Windows-Sysmon/Operational", "computer_name": "CLIENT1.breach.local", "event_data": {"SourcePortName": "-"}, "event_id": 3, "opcode": "Info", "process": {"pid": 2072, "thread": {"id": 2576}}, "provider_guid": "{5770385f-c22a-43e0-bf4c-06f5698ffbd9}", "provider_name": "Microsoft-Windows-Sysmon", "record_id": 4483, "task": "Network connection detected (rule: NetworkConnect)", "user": {"domain": "NT AUTHORITY", "identifier": "S-1-5-18", "name": "SYSTEM", "type": "User"}, "version": 5}}
