{"@timestamp": "2022-12-19T10:06:23.575Z", "agent": {"ephemeral_id": "75382475-4494-4885-af56-0a918c9c7d5b", "hostname": "CLIENT1", "id": "a5ea4d3e-40c5-43d5-9a2e-ed2c48327430", "name": "CLIENT1", "type": "winlogbeat", "version": "7.10.2"}, "ecs": {"version": "1.5.0"}, "event": {"action": "Windows Update Agent", "code": 44, "created": "2022-12-19T10:06:24.468Z", "kind": "event", "provider": "Microsoft-Windows-WindowsUpdateClient"}, "host": {"name": "CLIENT1.breach.local"}, "log": {"level": "information"}, "message": "Windows Update started downloading an update.", "winlog": {"activity_id": "{1ff30d06-1386-0001-925c-f41f8613d901}", "api": "wineventlog", "channel": "System", "computer_name": "CLIENT1.breach.local", "event_data": {"updateGuid": "{d82f41c1-893a-4a90-ac94-8f83da52a274}", "updateRevisionNumber": "1", "updateTitle": "9NBLGGH3FRZM-Microsoft.VCLibs.140.00"}, "event_id": 44, "keywords": ["Download", "Started"], "opcode": "Download", "process": {"pid": 356, "thread": {"id": 7032}}, "provider_guid": "{945a8954-c147-4acd-923f-40c45405a658}", "provider_name": "Microsoft-Windows-WindowsUpdateClient", "record_id": 837, "task": "Windows Update Agent", "user": {"domain": "NT AUTHORITY", "identifier": "S-1-5-18", "name": "SYSTEM", "type": "User"}, "version": 1}}
{"@timestamp": "2022-12-19T10:04:26.395Z", "agent": {"ephemeral_id": "f998276c-afe4-4463-aba7-6d1241c5c07f", "hostname": "CLIENT2", "id": "a5ea4d3e-40c5-43d5-9a2e-ed2c48327430", "name": "CLIENT2", "type": "winlogbeat", "version": "7.10.2"}, "destination": {"domain": "-", "ip": "172.17.0.2", "port": 25}, "ecs": {"version": "1.5.0"}, "event": {"action": "Network connection detected (rule: NetworkConnect)", "category": ["network"], "code": 3, "created": "2022-12-19T10:04:29.231Z", "kind": "event", "module": "sysmon", "provider": "Microsoft-Windows-Sysmon", "type": ["connection", "start", "protocol"]}, "host": {"name": "CLIENT2.breach.local"}, "log": {"level": "information"}, "message": "Network connection detected:\nRuleName: SMTP\nUtcTime: 2022-12-19 10:04:26.395\nProcessGuid: {4901c233-249a-63a0-8a00-000000000600}\nProcessId: 5176\nImage: C:\\Python37\\python.exe\nUser: BREACH\\client2\nProtocol: tcp\nInitiated: true\nSourceIsIpv6: false\nSourceIp: 172.16.1.2\nSourceHostname: CLIENT2.breach.local\nSourcePort: 53720\nSourcePortName: -\nDestinationIsIpv6: false\nDestinationIp: 172.17.0.2\nDestinationHostname: -\nDestinationPort: 25\nDestinationPortName: smtp", "network": {"community_id": "1:X7BJoFGaze0SslXaoLCiKUhKGKY=", "direction": "outbound", "protocol": "smtp", "transport": "tcp", "type": "ipv4"}, "process": {"entity_id": "{4901c233-249a-63a0-8a00-000000000600}", "executable": "C:\\Python37\\python.exe", "name": "python.exe", "pid": 5176}, "related": {"ip": ["172.16.1.2", "172.17.0.2"], "user": "client2"}, "rule": {"name": "SMTP"}, "source": {"domain": "CLIENT2.breach.local", "ip": "172.16.1.2", "port": 53720}, "user": {"domain": "BREACH", "name": "client2"}, "winlog": {"api": "wineventlog", "channel": "Microsoft-Windows-Sysmon/Operational", "computer_name": "CLIENT2.breach.local", "event_data": {"SourcePortName": "-"}, "event_id": 3, "opcode": "Info", "process": {"pid": 1912, "thread": {"id": 2556}}, "provider_guid": "{5770385f-c22a-43e0-bf4c-06f5698ffbd9}", "provider_name": "Microsoft-Windows-Sysmon", "record_id": 4406, "task": "Network connection detected (rule: NetworkConnect)", "user": {"domain": "NT AUTHORITY", "identifier": "S-1-5-18", "name": "SYSTEM", "type": "User"}, "version": 5}}
{"@timestamp": "2022-12-19T10:06:23.575Z", "agent": {"ephemeral_id": "75382475-4494-4885-af56-0a918c9c7d5b", "hostname": "CLIENT1", "id": "a5ea4d3e-40c5-43d5-9a2e-ed2c48327430", "name": "CLIENT1", "type": "winlogbeat", "version": "7.10.2"}, "ecs": {"version": "1.5.0"}, "event": {"action": "Windows Update Agent", "code": 44, "created": "2022-12-19T10:06:24.468Z", "kind": "event", "provider": "Microsoft-Windows-WindowsUpdateClient"}, "host": {"name": "CLIENT1.breach.local"}, "log": {"level": "information"}, "message": "Windows Update started downloading an update.", "winlog": {"activity_id": "{1ff30d06-1386-0001-925c-f41f8613d901}", "api": "wineventlog", "channel": "System", "computer_name": "CLIENT1.breach.local", "event_data": {"updateGuid": "{2bfc90df-c5e5-4c06-b503-16647503bf6a}", "updateRevisionNumber": "1", "updateTitle": "9MW2LKJ0TPJF-Microsoft.NET.Native.Framework.2.2"}, "event_id": 44, "keywords": ["Download", "Started"], "opcode": "Download", "process": {"pid": 356, "thread": {"id": 7032}}, "provider_guid": "{945a8954-c147-4acd-923f-40c45405a658}", "provider_name": "Microsoft-Windows-WindowsUpdateClient", "record_id": 839, "task": "Windows Update Agent", "user": {"domain": "NT AUTHORITY", "identifier": "S-1-5-18", "name": "SYSTEM", "type": "User"}, "version": 1}}
{"@timestamp": "2022-12-19T10:04:27.929Z", "agent": {"ephemeral_id": "75382475-4494-4885-af56-0a918c9c7d5b", "hostname": "CLIENT1", "id": "a5ea4d3e-40c5-43d5-9a2e-ed2c48327430", "name": "CLIENT1", "type": "winlogbeat", "version": "7.10.2"}, "destination": {"domain": "-", "ip": "172.17.0.2", "port": 25}, "ecs": {"version": "1.5.0"}, "event": {"action": "Network connection detected (rule: NetworkConnect)", "category": ["network"], "code": 3, "created": "2022-12-19T10:04:30.131Z", "kind": "event", "module": "sysmon", "provider": "Microsoft-Windows-Sysmon", "type": ["connection", "start", "protocol"]}, "host": {"name": "CLIENT1.breach.local"}, "log": {"level": "information"}, "message": "Network connection detected:\nRuleName: SMTP\nUtcTime: 2022-12-19 10:04:27.929\nProcessGuid: {4901c233-24ce-63a0-8a00-000000000600}\nProcessId: 4856\nImage: C:\\Python37\\python.exe\nUser: BREACH\\client1\nProtocol: tcp\nInitiated: true\nSourceIsIpv6: false\nSourceIp: 172.16.1.1\nSourceHostname: CLIENT1.breach.local\nSourcePort: 54134\nSourcePortName: -\nDestinationIsIpv6: false\nDestinationIp: 172.17.0.2\nDestinationHostname: -\nDestinationPort: 25\nDestinationPortName: smtp", "network": {"community_id": "1:pEVUojn79KPbclpFxoJjm+TBFNo=", "direction": "outbound", "protocol": "smtp", "transport": "tcp", "type": "ipv4"}, "process": {"entity_id": "{4901c233-24ce-63a0-8a00-000000000600}", "executable": "C:\\Python37\\python.exe", "name": "python.exe", "pid": 4856}, "related": {"ip": ["172.16.1.1", "172.17.0.2"], "user": "client1"}, "rule": {"name": "SMTP"}, "source": {"domain": "CLIENT1.breach.local", "ip": "172.16.1.1", "port": 54134}, "user": {"domain": "BREACH", "name": "client1"}, "winlog": {"api": "wineventlog", "channel": "Microsoft-Windows-Sysmon/Operational", "computer_name": "CLIENT1.breach.local", "event_data": {"SourcePortName": "-"}, "event_id": 3, "opcode": "Info", "process": {"pid": 2072, "thread": {"id": 2576}}, "provider_guid": "{5770385f-c22a-43e0-bf4c-06f5698ffbd9}", "provider_name": "Microsoft-Windows-Sysmon", "record_id": 4519, "task": "Network connection detected (rule: NetworkConnect)", "user": {"domain": "NT AUTHORITY", "identifier": "S-1-5-18", "name": "SYSTEM", "type": "User"}, "version": 5}}
{"@timestamp": "2022-12-19T10:06:23.865Z", "agent": {"ephemeral_id": "75382475-4494-4885-af56-0a918c9c7d5b", "hostname": "CLIENT1", "id": "a5ea4d3e-40c5-43d5-9a2e-ed2c48327430", "name": "CLIENT1", "type": "winlogbeat", "version": "7.10.2"}, "ecs": {"version": "1.5.0"}, "event": {"action": "User Account Management", "code": 5379, "created": "2022-12-19T10:06:25.469Z", "kind": "event", "outcome": "success", "provider": "Microsoft-Windows-Security-Auditing"}, "host": {"name": "CLIENT1.breach.local"}, "log": {"level": "information"}, "message": "Credential Manager credentials were read.\n\nSubject:\n\tSecurity ID:\t\tS-1-5-21-3613504208-1130562752-3296265829-1103\n\tAccount Name:\t\tclient1\n\tAccount Domain:\t\tBREACH\n\tLogon ID:\t\t0x40283\n\tRead Operation:\t\tEnumerate Credentials\n\nThis event occurs when a user performs a read operation on stored credentials in Credential Manager.", "winlog": {"activity_id": "{1ff30d06-1386-0001-670d-f31f8613d901}", "api": "wineventlog", "channel": "Security", "computer_name": "CLIENT1.breach.local", "event_data": {"ClientProcessId": "356", "CountOfCredentialsReturned": "0", "ProcessCreationTime": "2022-12-19T08:44:39.5357044Z", "ReadOperation": "%%8100", "ReturnCode": "3221226021", "SubjectDomainName": "BREACH", "SubjectLogonId": "0x40283", "SubjectUserName": "client1", "SubjectUserSid": "S-1-5-21-3613504208-1130562752-3296265829-1103", "TargetName": "MicrosoftAccount:user=02zfvhfvucfacffp", "Type": "0"}, "event_id": 5379, "keywords": ["Audit Success"], "opcode": "Info", "process": {"pid": 624, "thread": {"id": 2256}}, "provider_guid": "{54849625-5478-4994-a5ba-3e3b0328c30d}", "provider_name": "Microsoft-Windows-Security-Auditing", "record_id": 7067, "task": "User Account Management"}}
{"@timestamp": "2022-12-19T10:03:30.056Z", "agent": {"ephemeral_id": "75382475-4494-4885-af56-0a918c9c7d5b", "hostname": "CLIENT1", "id": "a5ea4d3e-40c5-43d5-9a2e-ed2c48327430", "name": "CLIENT1", "type": "winlogbeat", "version": "7.10.2"}, "destination": {"domain": "-", "ip": "172.17.0.2", "port": 25}, "ecs": {"version": "1.5.0"}, "event": {"action": "Network connection detected (rule: NetworkConnect)", "category": ["network"], "code": 3, "created": "2022-12-19T10:03:32.711Z", "kind": "event", "module": "sysmon", "provider": "Microsoft-Windows-Sysmon", "type": ["connection", "start", "protocol"]}, "host": {"name": "CLIENT1.breach.local"}, "log": {"level": "information"}, "message": "Network connection detected:\nRuleName: SMTP\nUtcTime: 2022-12-19 10:03:30.056\nProcessGuid: {4901c233-24ce-63a0-8a00-000000000600}\nProcessId: 4856\nImage: C:\\Python37\\python.exe\nUser: BREACH\\client1\nProtocol: tcp\nInitiated: true\nSourceIsIpv6: false\nSourceIp: 172.16.1.1\nSourceHostname: CLIENT1.breach.local\nSourcePort: 54109\nSourcePortName: -\nDestinationIsIpv6: false\nDestinationIp: 172.17.0.2\nDestinationHostname: -\nDestinationPort: 25\nDestinationPortName: smtp", "network": {"community_id": "1:5jdR0Gqg9Nyj+0201Zrc5DtSrdA=", "direction": "outbound", "protocol": "smtp", "transport": "tcp", "type": "ipv4"}, "process": {"entity_id": "{4901c233-24ce-63a0-8a00-000000000600}", "executable": "C:\\Python37\\python.exe", "name": "python.exe", "pid": 4856}, "related": {"ip": ["172.16.1.1", "172.17.0.2"], "user": "client1"}, "rule": {"name": "SMTP"}, "source": {"domain": "CLIENT1.breach.local", "ip": "172.16.1.1", "port": 54109}, "user": {"domain": "BREACH", "name": "client1"}, "winlog": {"api": "wineventlog", "channel": "Microsoft-Windows-Sysmon/Operational", "computer_name": "CLIENT1.breach.local", "event_data": {"SourcePortName": "-"}, "event_id": 3, "opcode": "Info", "process": {"pid": 2072, "thread": {"id": 2576}}, "provider_guid": "{5770385f-c22a-43e0-bf4c-06f5698ffbd9}", "provider_name": "Microsoft-Windows-Sysmon", "record_id": 4510, "task": "Network connection detected (rule: NetworkConnect)", "user": {"domain": "NT AUTHORITY", "identifier": "S-1-5-18", "name": "SYSTEM", "type": "User"}, "version": 5}}
{"@timestamp": "2022-12-19T10:06:23.911Z", "agent": {"ephemeral_id": "75382475-4494-4885-af56-0a918c9c7d5b", "hostname": "CLIENT1", "id": "a5ea4d3e-40c5-43d5-9a2e-ed2c48327430", "name": "CLIENT1", "type": "winlogbeat", "version": "7.10.2"}, "ecs": {"version": "1.5.0"}, "event": {"action": "User Account Management", "code": 5379, "created": "2022-12-19T10:06:25.469Z", "kind": "event", "outcome": "success", "provider": "Microsoft-Windows-Security-Auditing"}, "host": {"name": "CLIENT1.breach.local"}, "log": {"level": "information"}, "message": "Credential Manager credentials were read.\n\nSubject:\n\tSecurity ID:\t\tS-1-5-21-3613504208-1130562752-3296265829-1103\n\tAccount Name:\t\tclient1\n\tAccount Domain:\t\tBREACH\n\tLogon ID:\t\t0x40283\n\tRead Operation:\t\tEnumerate Credentials\n\nThis event occurs when a user performs a read operation on stored credentials in Credential Manager.", "winlog": {"activity_id": "{1ff30d06-1386-0001-670d-f31f8613d901}", "api": "wineventlog", "channel": "Security", "computer_name": "CLIENT1.breach.local", "event_data": {"ClientProcessId": "356", "CountOfCredentialsReturned": "0", "ProcessCreationTime": "2022-12-19T08:44:39.5357044Z", "ReadOperation": "%%8100", "ReturnCode": "3221226021", "SubjectDomainName": "BREACH", "SubjectLogonId": "0x40283", "SubjectUserName": "client1", "SubjectUserSid": "S-1-5-21-3613504208-1130562752-3296265829-1103", "TargetName": "WindowsLive:(token):name=02zfvhfvucfacffp;serviceuri=*", "Type": "0"}, "event_id": 5379, "keywords": ["Audit Success"], "opcode": "Info", "process": {"pid": 624, "thread": {"id": 2256}}, "provider_guid": "{54849625-5478-4994-a5ba-3e3b0328c30d}", "provider_name": "Microsoft-Windows-Security-Auditing", "record_id": 7068, "task": "User Account Management"}}
{"@timestamp": "2022-12-19T10:03:47.943Z", "agent": {"ephemeral_id": "9f267527-6a01-4adf-bfdd-37fe019af17c", "hostname": "CLIENT3", "id": "a5ea4d3e-40c5-43d5-9a2e-ed2c48327430", "name": "CLIENT3", "type": "winlogbeat", "version": "7.10.2"}, "destination": {"domain": "-", "ip": "172.17.0.2", "port": 25}, "ecs": {"version": "1.5.0"}, "event": {"action": "Network connection detected (rule: NetworkConnect)", "category": ["network"], "code": 3, "created": "2022-12-19T10:03:51.129Z", "kind": "event", "module": "sysmon", "provider": "Microsoft-Windows-Sysmon", "type": ["connection", "start", "protocol"]}, "host": {"name": "CLIENT3.breach.local"}, "log": {"level": "information"}, "message": "Network connection detected:\nRuleName: SMTP\nUtcTime: 2022-12-19 10:03:47.943\nProcessGuid: {4901c233-249c-63a0-8800-000000000600}\nProcessId: 4128\nImage: C:\\Python37\\python.exe\nUser: BREACH\\client3\nProtocol: tcp\nInitiated: true\nSourceIsIpv6: false\nSourceIp: 172.16.1.3\nSourceHostname: CLIENT3.breach.local\nSourcePort: 56630\nSourcePortName: -\nDestinationIsIpv6: false\nDestinationIp: 172.17.0.2\nDestinationHostname: -\nDestinationPort: 25\nDestinationPortName: smtp", "network": {"community_id": "1:61JE7Ts5Wr0kP47EZj+62XnNIHg=", "direction": "outbound", "protocol": "smtp", "transport": "tcp", "type": "ipv4"}, "process": {"entity_id": "{4901c233-249c-63a0-8800-000000000600}", "executable": "C:\\Python37\\python.exe", "name": "python.exe", "pid": 4128}, "related": {"ip": ["172.16.1.3", "172.17.0.2"], "user": "client3"}, "rule": {"name": "SMTP"}, "source": {"domain": "CLIENT3.breach.local", "ip": "172.16.1.3", "port": 56630}, "user": {"domain": "BREACH", "name": "client3"}, "winlog": {"api": "wineventlog", "channel": "Microsoft-Windows-Sysmon/Operational", "computer_name": "CLIENT3.breach.local", "event_data": {"SourcePortName": "-"}, "event_id": 3, "opcode": "Info", "process": {"pid": 2052, "thread": {"id": 2644}}, "provider_guid": "{5770385f-c22a-43e0-bf4c-06f5698ffbd9}", "provider_name": "Microsoft-Windows-Sysmon", "record_id": 6666, "task": "Network connection detected (rule: NetworkConnect)", "user": {"domain": "NT AUTHORITY", "identifier": "S-1-5-18", "name": "SYSTEM", "type": "User"}, "version": 5}}
{"@timestamp": "2022-12-19T10:06:24.392Z", "agent": {"ephemeral_id": "75382475-4494-4885-af56-0a918c9c7d5b", "hostname": "CLIENT1", "id": "a5ea4d3e-40c5-43d5-9a2e-ed2c48327430", "name": "CLIENT1", "type": "winlogbeat", "version": "7.10.2"}, "ecs": {"version": "1.5.0"}, "event": {"action": "User Account Management", "code": 5379, "created": "2022-12-19T10:06:25.469Z", "kind": "event", "outcome": "success", "provider": "Microsoft-Windows-Security-Auditing"}, "host": {"name": "CLIENT1.breach.local"}, "log": {"level": "information"}, "message": "Credential Manager credentials were read.\n\nSubject:\n\tSecurity ID:\t\tS-1-5-21-3613504208-1130562752-3296265829-1103\n\tAccount Name:\t\tclient1\n\tAccount Domain:\t\tBREACH\n\tLogon ID:\t\t0x40283\n\tRead Operation:\t\tEnumerate Credentials\n\nThis event occurs when a user performs a read operation on stored credentials in Credential Manager.", "winlog": {"activity_id": "{1ff30d06-1386-0001-670d-f31f8613d901}", "api": "wineventlog", "channel": "Security", "computer_name": "CLIENT1.breach.local", "event_data": {"ClientProcessId": "356", "CountOfCredentialsReturned": "0", "ProcessCreationTime": "2022-12-19T08:44:39.5357044Z", "ReadOperation": "%%8100", "ReturnCode": "3221226021", "SubjectDomainName": "BREACH", "SubjectLogonId": "0x40283", "SubjectUserName": "client1", "SubjectUserSid": "S-1-5-21-3613504208-1130562752-3296265829-1103", "TargetName": "MicrosoftAccount:user=02zfvhfvucfacffp", "Type": "0"}, "event_id": 5379, "keywords": ["Audit Success"], "opcode": "Info", "process": {"pid": 624, "thread": {"id": 2256}}, "provider_guid": "{54849625-5478-4994-a5ba-3e3b0328c30d}", "provider_name": "Microsoft-Windows-Security-Auditing", "record_id": 7071, "task": "User Account Management"}}
{"@timestamp": "2022-12-19T10:04:11.464Z", "agent": {"ephemeral_id": "9f267527-6a01-4adf-bfdd-37fe019af17c", "hostname": "CLIENT3", "id": "a5ea4d3e-40c5-43d5-9a2e-ed2c48327430", "name": "CLIENT3", "type": "winlogbeat", "version": "7.10.2"}, "destination": {"domain": "-", "ip": "172.17.0.2", "port": 25}, "ecs": {"version": "1.5.0"}, "event": {"action": "Network connection detected (rule: NetworkConnect)", "category": ["network"], "code": 3, "created": "2022-12-19T10:04:14.307Z", "kind": "event", "module": "sysmon", "provider": "Microsoft-Windows-Sysmon", "type": ["connection", "start", "protocol"]}, "host": {"name": "CLIENT3.breach.local"}, "log": {"level": "information"}, "message": "Network connection detected:\nRuleName: SMTP\nUtcTime: 2022-12-19 10:04:11.464\nProcessGuid: {4901c233-249c-63a0-8800-000000000600}\nProcessId: 4128\nImage: C:\\Python37\\python.exe\nUser: BREACH\\client3\nProtocol: tcp\nInitiated: true\nSourceIsIpv6: false\nSourceIp: 172.16.1.3\nSourceHostname: CLIENT3.breach.local\nSourcePort: 56634\nSourcePortName: -\nDestinationIsIpv6: false\nDestinationIp: 172.17.0.2\nDestinationHostname: -\nDestinationPort: 25\nDestinationPortName: smtp", "network": {"community_id": "1:IB0xeU+Q3qtfNZpGUMnsc0acQoY=", "direction": "outbound", "protocol": "smtp", "transport": "tcp", "type": "ipv4"}, "process": {"entity_id": "{4901c233-249c-63a0-8800-000000000600}", "executable": "C:\\Python37\\python.exe", "name": "python.exe", "pid": 4128}, "related": {"ip": ["172.16.1.3", "172.17.0.2"], "user": "client3"}, "rule": {"name": "SMTP"}, "source": {"domain": "CLIENT3.breach.local", "ip": "172.16.1.3", "port": 56634}, "user": {"domain": "BREACH", "name": "client3"}, "winlog": {"api": "wineventlog", "channel": "Microsoft-Windows-Sysmon/Operational", "computer_name": "CLIENT3.breach.local", "event_data": {"SourcePortName": "-"}, "event_id": 3, "opcode": "Info", "process": {"pid": 2052, "thread": {"id": 2644}}, "provider_guid": "{5770385f-c22a-43e0-bf4c-06f5698ffbd9}", "provider_name": "Microsoft-Windows-Sysmon", "record_id": 6670, "task": "Network connection detected (rule: NetworkConnect)", "user": {"domain": "NT AUTHORITY", "identifier": "S-1-5-18", "name": "SYSTEM", "type": "User"}, "version": 5}}
{"@timestamp": "2022-12-19T10:06:24.515Z", "agent": {"ephemeral_id": "75382475-4494-4885-af56-0a918c9c7d5b", "hostname": "CLIENT1", "id": "a5ea4d3e-40c5-43d5-9a2e-ed2c48327430", "name": "CLIENT1", "type": "winlogbeat", "version": "7.10.2"}, "ecs": {"version": "1.5.0"}, "event": {"action": "User Account Management", "code": 5379, "created": "2022-12-19T10:06:25.469Z", "kind": "event", "outcome": "success", "provider": "Microsoft-Windows-Security-Auditing"}, "host": {"name": "CLIENT1.breach.local"}, "log": {"level": "information"}, "message": "Credential Manager credentials were read.\n\nSubject:\n\tSecurity ID:\t\tS-1-5-21-3613504208-1130562752-3296265829-1103\n\tAccount Name:\t\tclient1\n\tAccount Domain:\t\tBREACH\n\tLogon ID:\t\t0x40283\n\tRead Operation:\t\tEnumerate Credentials\n\nThis event occurs when a user performs a read operation on stored credentials in Credential Manager.", "winlog": {"activity_id": "{1ff30d06-1386-0001-670d-f31f8613d901}", "api": "wineventlog", "channel": "Security", "computer_name": "CLIENT1.breach.local", "event_data": {"ClientProcessId": "356", "CountOfCredentialsReturned": "0", "ProcessCreationTime": "2022-12-19T08:44:39.5357044Z", "ReadOperation": "%%8100", "ReturnCode": "3221226021", "SubjectDomainName": "BREACH", "SubjectLogonId": "0x40283", "SubjectUserName": "client1", "SubjectUserSid": "S-1-5-21-3613504208-1130562752-3296265829-1103", "TargetName": "MicrosoftAccount:user=02zfvhfvucfacffp", "Type": "0"}, "event_id": 5379, "keywords": ["Audit Success"], "opcode": "Info", "process": {"pid": 624, "thread": {"id": 2256}}, "provider_guid": "{54849625-5478-4994-a5ba-3e3b0328c30d}", "provider_name": "Microsoft-Windows-Security-Auditing", "record_id": 7073, "task": "User Account Management"}}
{"@timestamp": "2022-12-19T10:04:22.065Z", "agent": {"ephemeral_id": "75382475-4494-4885-af56-0a918c9c7d5b", "hostname": "CLIENT1", "id": "a5ea4d3e-40c5-43d5-9a2e-ed2c48327430", "name": "CLIENT1", "type": "winlogbeat", "version": "7.10.2"}, "destination": {"domain": "-", "ip": "172.17.0.2", "port": 25}, "ecs": {"version": "1.5.0"}, "event": {"action": "Network connection detected (rule: NetworkConnect)", "category": ["network"], "code": 3, "created": "2022-12-19T10:04:25.110Z", "kind": "event", "module": "sysmon", "provider": "Microsoft-Windows-Sysmon", "type": ["connection", "start", "protocol"]}, "host": {"name": "CLIENT1.breach.local"}, "log": {"level": "information"}, "message": "Network connection detected:\nRuleName: SMTP\nUtcTime: 2022-12-19 10:04:22.065\nProcessGuid: {4901c233-24ce-63a0-8a00-000000000600}\nProcessId: 4856\nImage: C:\\Python37\\python.exe\nUser: BREACH\\client1\nProtocol: tcp\nInitiated: true\nSourceIsIpv6: false\nSourceIp: 172.16.1.1\nSourceHostname: CLIENT1.breach.local\nSourcePort: 54132\nSourcePortName: -\nDestinationIsIpv6: false\nDestinationIp: 172.17.0.2\nDestinationHostname: -\nDestinationPort: 25\nDestinationPortName: smtp", "network": {"community_id": "1:5a2/HT8gZJwtV3zPBPXLQPHTFyM=", "direction": "outbound", "protocol": "smtp", "transport": "tcp", "type": "ipv4"}, "process": {"entity_id": "{4901c233-24ce-63a0-8a00-000000000600}", "executable": "C:\\Python37\\python.exe", "name": "python.exe", "pid": 4856}, "related": {"ip": ["172.16.1.1", "172.17.0.2"], "user": "client1"}, "rule": {"name": "SMTP"}, "source": {"domain": "CLIENT1.breach.local", "ip": "172.16.1.1", "port": 54132}, "user": {"domain": "BREACH", "name": "client1"}, "winlog": {"api": "wineventlog", "channel": "Microsoft-Windows-Sysmon/Operational", "computer_name": "CLIENT1.breach.local", "event_data": {"SourcePortName": "-"}, "event_id": 3, "opcode": "Info", "process": {"pid": 2072, "thread": {"id": 2576}}, "provider_guid": "{5770385f-c22a-43e0-bf4c-06f5698ffbd9}", "provider_name": "Microsoft-Windows-Sysmon", "record_id": 4518, "task": "Network connection detected (rule: NetworkConnect)", "user": {"domain": "NT AUTHORITY", "identifier": "S-1-5-18", "name": "SYSTEM", "type": "User"}, "version": 5}}
{"@timestamp": "2022-12-19T10:06:24.045Z", "agent": {"ephemeral_id": "f998276c-afe4-4463-aba7-6d1241c5c07f", "hostname": "CLIENT2", "id": "a5ea4d3e-40c5-43d5-9a2e-ed2c48327430", "name": "CLIENT2", "type": "winlogbeat", "version": "7.10.2"}, "destination": {"domain": "-", "ip": "172.17.0.2", "port": 25}, "ecs": {"version": "1.5.0"}, "event": {"action": "Network connection detected (rule: NetworkConnect)", "category": ["network"], "code": 3, "created": "2022-12-19T10:06:26.785Z", "kind": "event", "module": "sysmon", "provider": "Microsoft-Windows-Sysmon", "type": ["connection", "start", "protocol"]}, "host": {"name": "CLIENT2.breach.local"}, "log": {"level": "information"}, "message": "Network connection detected:\nRuleName: SMTP\nUtcTime: 2022-12-19 10:06:24.045\nProcessGuid: {4901c233-249a-63a0-8a00-000000000600}\nProcessId: 5176\nImage: C:\\Python37\\python.exe\nUser: BREACH\\client2\nProtocol: tcp\nInitiated: true\nSourceIsIpv6: false\nSourceIp: 172.16.1.2\nSourceHostname: CLIENT2.breach.local\nSourcePort: 53741\nSourcePortName: -\nDestinationIsIpv6: false\nDestinationIp: 172.17.0.2\nDestinationHostname: -\nDestinationPort: 25\nDestinationPortName: smtp", "network": {"community_id": "1:6z1cC5vRWYUXO6rTPDgdaGNa8oE=", "direction": "outbound", "protocol": "smtp", "transport": "tcp", "type": "ipv4"}, "process": {"entity_id": "{4901c233-249a-63a0-8a00-000000000600}", "executable": "C:\\Python37\\python.exe", "name": "python.exe", "pid": 5176}, "related": {"ip": ["172.16.1.2", "172.17.0.2"], "user": "client2"}, "rule": {"name": "SMTP"}, "source": {"domain": "CLIENT2.breach.local", "ip": "172.16.1.2", "port": 53741}, "user": {"domain": "BREACH", "name": "client2"}, "winlog": {"api": "wineventlog", "channel": "Microsoft-Windows-Sysmon/Operational", "computer_name": "CLIENT2.breach.local", "event_data": {"SourcePortName": "-"}, "event_id": 3, "opcode": "Info", "process": {"pid": 1912, "thread": {"id": 2556}}, "provider_guid": "{5770385f-c22a-43e0-bf4c-06f5698ffbd9}", "provider_name": "Microsoft-Windows-Sysmon", "record_id": 4426, "task": "Network connection detected (rule: NetworkConnect)", "user": {"domain": "NT AUTHORITY", "identifier": "S-1-5-18", "name": "SYSTEM", "type": "User"}, "version": 5}}
{"@timestamp": "2022-12-19T10:04:05.261Z", "agent": {"ephemeral_id": "75382475-4494-4885-af56-0a918c9c7d5b", "hostname": "CLIENT1", "id": "a5ea4d3e-40c5-43d5-9a2e-ed2c48327430", "name": "CLIENT1", "type": "winlogbeat", "version": "7.10.2"}, "destination": {"domain": "-", "ip": "172.17.0.2", "port": 25}, "ecs": {"version": "1.5.0"}, "event": {"action": "Network connection detected (rule: NetworkConnect)", "category": ["network"], "code": 3, "created": "2022-12-19T10:04:07.994Z", "kind": "event", "module": "sysmon", "provider": "Microsoft-Windows-Sysmon", "type": ["connection", "start", "protocol"]}, "host": {"name": "CLIENT1.breach.local"}, "log": {"level": "information"}, "message": "Network connection detected:\nRuleName: SMTP\nUtcTime: 2022-12-19 10:04:05.261\nProcessGuid: {4901c233-24ce-63a0-8a00-000000000600}\nProcessId: 4856\nImage: C:\\Python37\\python.exe\nUser: BREACH\\client1\nProtocol: tcp\nInitiated: true\nSourceIsIpv6: false\nSourceIp: 172.16.1.1\nSourceHostname: CLIENT1.breach.local\nSourcePort: 54126\nSourcePortName: -\nDestinationIsIpv6: false\nDestinationIp: 172.17.0.2\nDestinationHostname: -\nDestinationPort: 25\nDestinationPortName: smtp", "network": {"community_id": "1:iYACGxv3O+3vJXCynpI+nqI+s5w=", "direction": "outbound", "protocol": "smtp", "transport": "tcp", "type": "ipv4"}, "process": {"entity_id": "{4901c233-24ce-63a0-8a00-000000000600}", "executable": "C:\\Python37\\python.exe", "name": "python.exe", "pid": 4856}, "related": {"ip": ["172.16.1.1", "172.17.0.2"], "user": "client1"}, "rule": {"name": "SMTP"}, "source": {"domain": "CLIENT1.breach.local", "ip": "172.16.1.1", "port": 54126}, "user": {"domain": "BREACH", "name": "client1"}, "winlog": {"api": "wineventlog", "channel": "Microsoft-Windows-Sysmon/Operational", "computer_name": "CLIENT1.breach.local", "event_data": {"SourcePortName": "-"}, "event_id": 3, "opcode": "Info", "process": {"pid": 2072, "thread": {"id": 2576}}, "provider_guid": "{5770385f-c22a-43e0-bf4c-06f5698ffbd9}", "provider_name": "Microsoft-Windows-Sysmon", "record_id": 4516, "task": "Network connection detected (rule: NetworkConnect)", "user": {"domain": "NT AUTHORITY", "identifier": "S-1-5-18", "name": "SYSTEM", "type": "User"}, "version": 5}}
{"@timestamp": "2022-12-19T10:06:26.945Z", "agent": {"ephemeral_id": "75382475-4494-4885-af56-0a918c9c7d5b", "hostname": "CLIENT1", "id": "a5ea4d3e-40c5-43d5-9a2e-ed2c48327430", "name": "CLIENT1", "type": "winlogbeat", "version": "7.10.2"}, "ecs": {"version": "1.5.0"}, "event": {"action": "User Account Management", "code": 5379, "created": "2022-12-19T10:06:28.507Z", "kind": "event", "outcome": "success", "provider": "Microsoft-Windows-Security-Auditing"}, "host": {"name": "CLIENT1.breach.local"}, "log": {"level": "information"}, "message": "Credential Manager credentials were read.\n\nSubject:\n\tSecurity ID:\t\tS-1-5-21-3613504208-1130562752-3296265829-1103\n\tAccount Name:\t\tclient1\n\tAccount Domain:\t\tBREACH\n\tLogon ID:\t\t0x40283\n\tRead Operation:\t\tEnumerate Credentials\n\nThis event occurs when a user performs a read operation on stored credentials in Credential Manager.", "winlog": {"activity_id": "{1ff30d06-1386-0001-670d-f31f8613d901}", "api": "wineventlog", "channel": "Security", "computer_name": "CLIENT1.breach.local", "event_data": {"ClientProcessId": "356", "CountOfCredentialsReturned": "0", "ProcessCreationTime": "2022-12-19T08:44:39.5357044Z", "ReadOperation": "%%8100", "ReturnCode": "3221226021", "SubjectDomainName": "BREACH", "SubjectLogonId": "0x40283", "SubjectUserName": "client1", "SubjectUserSid": "S-1-5-21-3613504208-1130562752-3296265829-1103", "TargetName": "MicrosoftAccount:user=02zfvhfvucfacffp", "Type": "0"}, "event_id": 5379, "keywords": ["Audit Success"], "opcode": "Info", "process": {"pid": 624, "thread": {"id": 2256}}, "provider_guid": "{54849625-5478-4994-a5ba-3e3b0328c30d}", "provider_name": "Microsoft-Windows-Security-Auditing", "record_id": 7077, "task": "User Account Management"}}
{"@timestamp": "2022-12-19T10:04:14.674Z", "agent": {"ephemeral_id": "f998276c-afe4-4463-aba7-6d1241c5c07f", "hostname": "CLIENT2", "id": "a5ea4d3e-40c5-43d5-9a2e-ed2c48327430", "name": "CLIENT2", "type": "winlogbeat", "version": "7.10.2"}, "destination": {"domain": "-", "ip": "172.17.0.2", "port": 25}, "ecs": {"version": "1.5.0"}, "event": {"action": "Network connection detected (rule: NetworkConnect)", "category": ["network"], "code": 3, "created": "2022-12-19T10:04:17.184Z", "kind": "event", "module": "sysmon", "provider": "Microsoft-Windows-Sysmon", "type": ["connection", "start", "protocol"]}, "host": {"name": "CLIENT2.breach.local"}, "log": {"level": "information"}, "message": "Network connection detected:\nRuleName: SMTP\nUtcTime: 2022-12-19 10:04:14.674\nProcessGuid: {4901c233-249a-63a0-8a00-000000000600}\nProcessId: 5176\nImage: C:\\Python37\\python.exe\nUser: BREACH\\client2\nProtocol: tcp\nInitiated: true\nSourceIsIpv6: false\nSourceIp: 172.16.1.2\nSourceHostname: CLIENT2.breach.local\nSourcePort: 53718\nSourcePortName: -\nDestinationIsIpv6: false\nDestinationIp: 172.17.0.2\nDestinationHostname: -\nDestinationPort: 25\nDestinationPortName: smtp", "network": {"community_id": "1:Nf6eS1PIHSYXPAh71EKkEF2Q2qA=", "direction": "outbound", "protocol": "smtp", "transport": "tcp", "type": "ipv4"}, "process": {"entity_id": "{4901c233-249a-63a0-8a00-000000000600}", "executable": "C:\\Python37\\python.exe", "name": "python.exe", "pid": 5176}, "related": {"ip": ["172.16.1.2", "172.17.0.2"], "user": "client2"}, "rule": {"name": "SMTP"}, "source": {"domain": "CLIENT2.breach.local", "ip": "172.16.1.2", "port": 53718}, "user": {"domain": "BREACH", "name": "client2"}, "winlog": {"api": "wineventlog", "channel": "Microsoft-Windows-Sysmon/Operational", "computer_name": "CLIENT2.breach.local", "event_data": {"SourcePortName": "-"}, "event_id": 3, "opcode": "Info", "process": {"pid": 1912, "thread": {"id": 2556}}, "provider_guid": "{5770385f-c22a-43e0-bf4c-06f5698ffbd9}", "provider_name": "Microsoft-Windows-Sysmon", "record_id": 4404, "task": "Network connection detected (rule: NetworkConnect)", "user": {"domain": "NT AUTHORITY", "identifier": "S-1-5-18", "name": "SYSTEM", "type": "User"}, "version": 5}}
{"@timestamp": "2022-12-19T10:06:27.112Z", "agent": {"ephemeral_id": "75382475-4494-4885-af56-0a918c9c7d5b", "hostname": "CLIENT1", "id": "a5ea4d3e-40c5-43d5-9a2e-ed2c48327430", "name": "CLIENT1", "type": "winlogbeat", "version": "7.10.2"}, "ecs": {"version": "1.5.0"}, "event": {"action": "User Account Management", "code": 5379, "created": "2022-12-19T10:06:28.507Z", "kind": "event", "outcome": "success", "provider": "Microsoft-Windows-Security-Auditing"}, "host": {"name": "CLIENT1.breach.local"}, "log": {"level": "information"}, "message": "Credential Manager credentials were read.\n\nSubject:\n\tSecurity ID:\t\tS-1-5-21-3613504208-1130562752-3296265829-1103\n\tAccount Name:\t\tclient1\n\tAccount Domain:\t\tBREACH\n\tLogon ID:\t\t0x40283\n\tRead Operation:\t\tEnumerate Credentials\n\nThis event occurs when a user performs a read operation on stored credentials in Credential Manager.", "winlog": {"activity_id": "{1ff30d06-1386-0001-670d-f31f8613d901}", "api": "wineventlog", "channel": "Security", "computer_name": "CLIENT1.breach.local", "event_data": {"ClientProcessId": "356", "CountOfCredentialsReturned": "0", "ProcessCreationTime": "2022-12-19T08:44:39.5357044Z", "ReadOperation": "%%8100", "ReturnCode": "3221226021", "SubjectDomainName": "BREACH", "SubjectLogonId": "0x40283", "SubjectUserName": "client1", "SubjectUserSid": "S-1-5-21-3613504208-1130562752-3296265829-1103", "TargetName": "MicrosoftAccount:user=02zfvhfvucfacffp", "Type": "0"}, "event_id": 5379, "keywords": ["Audit Success"], "opcode": "Info", "process": {"pid": 624, "thread": {"id": 2256}}, "provider_guid": "{54849625-5478-4994-a5ba-3e3b0328c30d}", "provider_name": "Microsoft-Windows-Security-Auditing", "record_id": 7079, "task": "User Account Management"}}
{"@timestamp": "2022-12-19T10:03:38.968Z", "agent": {"ephemeral_id": "75382475-4494-4885-af56-0a918c9c7d5b", "hostname": "CLIENT1", "id": "a5ea4d3e-40c5-43d5-9a2e-ed2c48327430", "name": "CLIENT1", "type": "winlogbeat", "version": "7.10.2"}, "ecs": {"version": "1.5.0"}, "event": {"code": 16384, "created": "2022-12-19T10:03:39.250Z", "kind": "event", "provider": "Microsoft-Windows-Security-SPP"}, "host": {"name": "CLIENT1.breach.local"}, "log": {"level": "information"}, "message": "Successfully scheduled Software Protection service for re-start at 2022-12-20T08:44:38Z. Reason: RulesEngine.", "winlog": {"api": "wineventlog", "channel": "Application", "computer_name": "CLIENT1.breach.local", "event_data": {"param1": "2022-12-20T08:44:38Z", "param2": "RulesEngine"}, "event_id": 16384, "keywords": ["Classic"], "provider_guid": "{E23B33B0-C8C9-472C-A5F9-F2BDFEA0F156}", "provider_name": "Microsoft-Windows-Security-SPP", "record_id": 365, "task": ""}}
{"@timestamp": "2022-12-19T10:06:29.927Z", "agent": {"ephemeral_id": "75382475-4494-4885-af56-0a918c9c7d5b", "hostname": "CLIENT1", "id": "a5ea4d3e-40c5-43d5-9a2e-ed2c48327430", "name": "CLIENT1", "type": "winlogbeat", "version": "7.10.2"}, "ecs": {"version": "1.5.0"}, "event": {"action": "File created (rule: FileCreate)", "category": ["file"], "code": 11, "created": "2022-12-19T10:06:31.389Z", "kind": "event", "module": "sysmon", "provider": "Microsoft-Windows-Sysmon", "type": ["creation"]}, "file": {"directory": "C:\\Program Files\\WindowsApps\\Microsoft.XboxIdentityProvider_12.95.3001.0_x64__8wekyb3d8bbwe", "extension": "dll", "name": "XboxIdp.Native.dll", "path": "C:\\Program Files\\WindowsApps\\Microsoft.XboxIdentityProvider_12.95.3001.0_x64__8wekyb3d8bbwe\\XboxIdp.Native.dll"}, "host": {"name": "CLIENT1.breach.local"}, "log": {"level": "information"}, "message": "File created:\nRuleName: DLL\nUtcTime: 2022-12-19 10:06:29.927\nProcessGuid: {4901c233-247b-63a0-3600-000000000600}\nProcessId: 712\nImage: C:\\Windows\\System32\\svchost.exe\nTargetFilename: C:\\Program Files\\WindowsApps\\Microsoft.XboxIdentityProvider_12.95.3001.0_x64__8wekyb3d8bbwe\\XboxIdp.Native.dll\nCreationUtcTime: 2022-12-19 10:06:29.927\nUser: NT AUTHORITY\\SYSTEM", "process": {"entity_id": "{4901c233-247b-63a0-3600-000000000600}", "executable": "C:\\Windows\\System32\\svchost.exe", "name": "svchost.exe", "pid": 712}, "rule": {"name": "DLL"}, "winlog": {"api": "wineventlog", "channel": "Microsoft-Windows-Sysmon/Operational", "computer_name": "CLIENT1.breach.local", "event_data": {"CreationUtcTime": "2022-12-19 10:06:29.927", "User": "NT AUTHORITY\\SYSTEM"}, "event_id": 11, "opcode": "Info", "process": {"pid": 2072, "thread": {"id": 2684}}, "provider_guid": "{5770385f-c22a-43e0-bf4c-06f5698ffbd9}", "provider_name": "Microsoft-Windows-Sysmon", "record_id": 4565, "task": "File created (rule: FileCreate)", "user": {"domain": "NT AUTHORITY", "identifier": "S-1-5-18", "name": "SYSTEM", "type": "User"}, "version": 2}}
{"@timestamp": "2022-12-19T10:04:40.874Z", "agent": {"ephemeral_id": "9f267527-6a01-4adf-bfdd-37fe019af17c", "hostname": "CLIENT3", "id": "a5ea4d3e-40c5-43d5-9a2e-ed2c48327430", "name": "CLIENT3", "type": "winlogbeat", "version": "7.10.2"}, "destination": {"domain": "-", "ip": "172.17.0.2", "port": 25}, "ecs": {"version": "1.5.0"}, "event": {"action": "Network connection detected (rule: NetworkConnect)", "category": ["network"], "code": 3, "created": "2022-12-19T10:04:43.510Z", "kind": "event", "module": "sysmon", "provider": "Microsoft-Windows-Sysmon", "type": ["connection", "start", "protocol"]}, "host": {"name": "CLIENT3.breach.local"}, "log": {"level": "information"}, "message": "Network connection detected:\nRuleName: SMTP\nUtcTime: 2022-12-19 10:04:40.874\nProcessGuid: {4901c233-249c-63a0-8800-000000000600}\nProcessId: 4128\nImage: C:\\Python37\\python.exe\nUser: BREACH\\client3\nProtocol: tcp\nInitiated: true\nSourceIsIpv6: false\nSourceIp: 172.16.1.3\nSourceHostname: CLIENT3.breach.local\nSourcePort: 56639\nSourcePortName: -\nDestinationIsIpv6: false\nDestinationIp: 172.17.0.2\nDestinationHostname: -\nDestinationPort: 25\nDestinationPortName: smtp", "network": {"community_id": "1:SOz/nrv3hhSgMhdjvp+Yo+Nrj10=", "direction": "outbound", "protocol": "smtp", "transport": "tcp", "type": "ipv4"}, "process": {"entity_id": "{4901c233-249c-63a0-8800-000000000600}", "executable": "C:\\Python37\\python.exe", "name": "python.exe", "pid": 4128}, "related": {"ip": ["172.16.1.3", "172.17.0.2"], "user": "client3"}, "rule": {"name": "SMTP"}, "source": {"domain": "CLIENT3.breach.local", "ip": "172.16.1.3", "port": 56639}, "user": {"domain": "BREACH", "name": "client3"}, "winlog": {"api": "wineventlog", "channel": "Microsoft-Windows-Sysmon/Operational", "computer_name": "CLIENT3.breach.local", "event_data": {"SourcePortName": "-"}, "event_id": 3, "opcode": "Info", "process": {"pid": 2052, "thread": {"id": 2644}}, "provider_guid": "{5770385f-c22a-43e0-bf4c-06f5698ffbd9}", "provider_name": "Microsoft-Windows-Sysmon", "record_id": 6676, "task": "Network connection detected (rule: NetworkConnect)", "user": {"domain": "NT AUTHORITY", "identifier": "S-1-5-18", "name": "SYSTEM", "type": "User"}, "version": 5}}
{"@timestamp": "2022-12-19T10:06:35.812Z", "agent": {"ephemeral_id": "f998276c-afe4-4463-aba7-6d1241c5c07f", "hostname": "CLIENT2", "id": "a5ea4d3e-40c5-43d5-9a2e-ed2c48327430", "name": "CLIENT2", "type": "winlogbeat", "version": "7.10.2"}, "destination": {"domain": "-", "ip": "172.17.0.2", "port": 25}, "ecs": {"version": "1.5.0"}, "event": {"action": "Network connection detected (rule: NetworkConnect)", "category": ["network"], "code": 3, "created": "2022-12-19T10:06:38.890Z", "kind": "event", "module": "sysmon", "provider": "Microsoft-Windows-Sysmon", "type": ["connection", "start", "protocol"]}, "host": {"name": "CLIENT2.breach.local"}, "log": {"level": "information"}, "message": "Network connection detected:\nRuleName: SMTP\nUtcTime: 2022-12-19 10:06:35.812\nProcessGuid: {4901c233-249a-63a0-8a00-000000000600}\nProcessId: 5176\nImage: C:\\Python37\\python.exe\nUser: BREACH\\client2\nProtocol: tcp\nInitiated: true\nSourceIsIpv6: false\nSourceIp: 172.16.1.2\nSourceHostname: CLIENT2.breach.local\nSourcePort: 53743\nSourcePortName: -\nDestinationIsIpv6: false\nDestinationIp: 172.17.0.2\nDestinationHostname: -\nDestinationPort: 25\nDestinationPortName: smtp", "network": {"community_id": "1:EEnoEfEvJmvbif1FmGoWLGWUfTo=", "direction": "outbound", "protocol": "smtp", "transport": "tcp", "type": "ipv4"}, "process": {"entity_id": "{4901c233-249a-63a0-8a00-000000000600}", "executable": "C:\\Python37\\python.exe", "name": "python.exe", "pid": 5176}, "related": {"ip": ["172.16.1.2", "172.17.0.2"], "user": "client2"}, "rule": {"name": "SMTP"}, "source": {"domain": "CLIENT2.breach.local", "ip": "172.16.1.2", "port": 53743}, "user": {"domain": "BREACH", "name": "client2"}, "winlog": {"api": "wineventlog", "channel": "Microsoft-Windows-Sysmon/Operational", "computer_name": "CLIENT2.breach.local", "event_data": {"SourcePortName": "-"}, "event_id": 3, "opcode": "Info", "process": {"pid": 1912, "thread": {"id": 2556}}, "provider_guid": "{5770385f-c22a-43e0-bf4c-06f5698ffbd9}", "provider_name": "Microsoft-Windows-Sysmon", "record_id": 4428, "task": "Network connection detected (rule: NetworkConnect)", "user": {"domain": "NT AUTHORITY", "identifier": "S-1-5-18", "name": "SYSTEM", "type": "User"}, "version": 5}}
{"@timestamp": "2022-12-19T10:04:43.995Z", "agent": {"ephemeral_id": "f998276c-afe4-4463-aba7-6d1241c5c07f", "hostname": "CLIENT2", "id": "a5ea4d3e-40c5-43d5-9a2e-ed2c48327430", "name": "CLIENT2", "type": "winlogbeat", "version": "7.10.2"}, "destination": {"domain": "-", "ip": "172.17.0.2", "port": 25}, "ecs": {"version": "1.5.0"}, "event": {"action": "Network connection detected (rule: NetworkConnect)", "category": ["network"], "code": 3, "created": "2022-12-19T10:04:46.295Z", "kind": "event", "module": "sysmon", "provider": "Microsoft-Windows-Sysmon", "type": ["connection", "start", "protocol"]}, "host": {"name": "CLIENT2.breach.local"}, "log": {"level": "information"}, "message": "Network connection detected:\nRuleName: SMTP\nUtcTime: 2022-12-19 10:04:43.995\nProcessGuid: {4901c233-249a-63a0-8a00-000000000600}\nProcessId: 5176\nImage: C:\\Python37\\python.exe\nUser: BREACH\\client2\nProtocol: tcp\nInitiated: true\nSourceIsIpv6: false\nSourceIp: 172.16.1.2\nSourceHostname: CLIENT2.breach.local\nSourcePort: 53723\nSourcePortName: -\nDestinationIsIpv6: false\nDestinationIp: 172.17.0.2\nDestinationHostname: -\nDestinationPort: 25\nDestinationPortName: smtp", "network": {"community_id": "1:4eMYo8G+R+0zZ3c4+H8GXX6CXTY=", "direction": "outbound", "protocol": "smtp", "transport": "tcp", "type": "ipv4"}, "process": {"entity_id": "{4901c233-249a-63a0-8a00-000000000600}", "executable": "C:\\Python37\\python.exe", "name": "python.exe", "pid": 5176}, "related": {"ip": ["172.16.1.2", "172.17.0.2"], "user": "client2"}, "rule": {"name": "SMTP"}, "source": {"domain": "CLIENT2.breach.local", "ip": "172.16.1.2", "port": 53723}, "user": {"domain": "BREACH", "name": "client2"}, "winlog": {"api": "wineventlog", "channel": "Microsoft-Windows-Sysmon/Operational", "computer_name": "CLIENT2.breach.local", "event_data": {"SourcePortName": "-"}, "event_id": 3, "opcode": "Info", "process": {"pid": 1912, "thread": {"id": 2556}}, "provider_guid": "{5770385f-c22a-43e0-bf4c-06f5698ffbd9}", "provider_name": "Microsoft-Windows-Sysmon", "record_id": 4409, "task": "Network connection detected (rule: NetworkConnect)", "user": {"domain": "NT AUTHORITY", "identifier": "S-1-5-18", "name": "SYSTEM", "type": "User"}, "version": 5}}
{"@timestamp": "2022-12-19T10:06:53.421Z", "agent": {"ephemeral_id": "f998276c-afe4-4463-aba7-6d1241c5c07f", "hostname": "CLIENT2", "id": "a5ea4d3e-40c5-43d5-9a2e-ed2c48327430", "name": "CLIENT2", "type": "winlogbeat", "version": "7.10.2"}, "destination": {"domain": "-", "ip": "172.17.0.2", "port": 25}, "ecs": {"version": "1.5.0"}, "event": {"action": "Network connection detected (rule: NetworkConnect)", "category": ["network"], "code": 3, "created": "2022-12-19T10:06:56.970Z", "kind": "event", "module": "sysmon", "provider": "Microsoft-Windows-Sysmon", "type": ["connection", "start", "protocol"]}, "host": {"name": "CLIENT2.breach.local"}, "log": {"level": "information"}, "message": "Network connection detected:\nRuleName: SMTP\nUtcTime: 2022-12-19 10:06:53.421\nProcessGuid: {4901c233-249a-63a0-8a00-000000000600}\nProcessId: 5176\nImage: C:\\Python37\\python.exe\nUser: BREACH\\client2\nProtocol: tcp\nInitiated: true\nSourceIsIpv6: false\nSourceIp: 172.16.1.2\nSourceHostname: CLIENT2.breach.local\nSourcePort: 53746\nSourcePortName: -\nDestinationIsIpv6: false\nDestinationIp: 172.17.0.2\nDestinationHostname: -\nDestinationPort: 25\nDestinationPortName: smtp", "network": {"community_id": "1:BN2XwHpwpwZ6gxpl6k7qmq+5SrI=", "direction": "outbound", "protocol": "smtp", "transport": "tcp", "type": "ipv4"}, "process": {"entity_id": "{4901c233-249a-63a0-8a00-000000000600}", "executable": "C:\\Python37\\python.exe", "name": "python.exe", "pid": 5176}, "related": {"ip": ["172.16.1.2", "172.17.0.2"], "user": "client2"}, "rule": {"name": "SMTP"}, "source": {"domain": "CLIENT2.breach.local", "ip": "172.16.1.2", "port": 53746}, "user": {"domain": "BREACH", "name": "client2"}, "winlog": {"api": "wineventlog", "channel": "Microsoft-Windows-Sysmon/Operational", "computer_name": "CLIENT2.breach.local", "event_data": {"SourcePortName": "-"}, "event_id": 3, "opcode": "Info", "process": {"pid": 1912, "thread": {"id": 2556}}, "provider_guid": "{5770385f-c22a-43e0-bf4c-06f5698ffbd9}", "provider_name": "Microsoft-Windows-Sysmon", "record_id": 4431, "task": "Network connection detected (rule: NetworkConnect)", "user": {"domain": "NT AUTHORITY", "identifier": "S-1-5-18", "name": "SYSTEM", "type": "User"}, "version": 5}}
{"@timestamp": "2022-12-19T10:05:04.361Z", "agent": {"ephemeral_id": "9f267527-6a01-4adf-bfdd-37fe019af17c", "hostname": "CLIENT3", "id": "a5ea4d3e-40c5-43d5-9a2e-ed2c48327430", "name": "CLIENT3", "type": "winlogbeat", "version": "7.10.2"}, "destination": {"domain": "-", "ip": "172.17.0.2", "port": 25}, "ecs": {"version": "1.5.0"}, "event": {"action": "Network connection detected (rule: NetworkConnect)", "category": ["network"], "code": 3, "created": "2022-12-19T10:05:06.655Z", "kind": "event", "module": "sysmon", "provider": "Microsoft-Windows-Sysmon", "type": ["connection", "start", "protocol"]}, "host": {"name": "CLIENT3.breach.local"}, "log": {"level": "information"}, "message": "Network connection detected:\nRuleName: SMTP\nUtcTime: 2022-12-19 10:05:04.361\nProcessGuid: {4901c233-249c-63a0-8800-000000000600}\nProcessId: 4128\nImage: C:\\Python37\\python.exe\nUser: BREACH\\client3\nProtocol: tcp\nInitiated: true\nSourceIsIpv6: false\nSourceIp: 172.16.1.3\nSourceHostname: CLIENT3.breach.local\nSourcePort: 56643\nSourcePortName: -\nDestinationIsIpv6: false\nDestinationIp: 172.17.0.2\nDestinationHostname: -\nDestinationPort: 25\nDestinationPortName: smtp", "network": {"community_id": "1:en6DRXxavEHgLk4/S2T5Uvx0qQ8=", "direction": "outbound", "protocol": "smtp", "transport": "tcp", "type": "ipv4"}, "process": {"entity_id": "{4901c233-249c-63a0-8800-000000000600}", "executable": "C:\\Python37\\python.exe", "name": "python.exe", "pid": 4128}, "related": {"ip": ["172.16.1.3", "172.17.0.2"], "user": "client3"}, "rule": {"name": "SMTP"}, "source": {"domain": "CLIENT3.breach.local", "ip": "172.16.1.3", "port": 56643}, "user": {"domain": "BREACH", "name": "client3"}, "winlog": {"api": "wineventlog", "channel": "Microsoft-Windows-Sysmon/Operational", "computer_name": "CLIENT3.breach.local", "event_data": {"SourcePortName": "-"}, "event_id": 3, "opcode": "Info", "process": {"pid": 2052, "thread": {"id": 2644}}, "provider_guid": "{5770385f-c22a-43e0-bf4c-06f5698ffbd9}", "provider_name": "Microsoft-Windows-Sysmon", "record_id": 6680, "task": "Network connection detected (rule: NetworkConnect)", "user": {"domain": "NT AUTHORITY", "identifier": "S-1-5-18", "name": "SYSTEM", "type": "User"}, "version": 5}}
{"@timestamp": "2022-12-19T10:06:55.146Z", "agent": {"ephemeral_id": "75382475-4494-4885-af56-0a918c9c7d5b", "hostname": "CLIENT1", "id": "a5ea4d3e-40c5-43d5-9a2e-ed2c48327430", "name": "CLIENT1", "type": "winlogbeat", "version": "7.10.2"}, "destination": {"domain": "-", "ip": "172.17.0.2", "port": 25}, "ecs": {"version": "1.5.0"}, "event": {"action": "Network connection detected (rule: NetworkConnect)", "category": ["network"], "code": 3, "created": "2022-12-19T10:06:57.572Z", "kind": "event", "module": "sysmon", "provider": "Microsoft-Windows-Sysmon", "type": ["connection", "start", "protocol"]}, "host": {"name": "CLIENT1.breach.local"}, "log": {"level": "information"}, "message": "Network connection detected:\nRuleName: SMTP\nUtcTime: 2022-12-19 10:06:55.146\nProcessGuid: {4901c233-24ce-63a0-8a00-000000000600}\nProcessId: 4856\nImage: C:\\Python37\\python.exe\nUser: BREACH\\client1\nProtocol: tcp\nInitiated: true\nSourceIsIpv6: false\nSourceIp: 172.16.1.1\nSourceHostname: CLIENT1.breach.local\nSourcePort: 54337\nSourcePortName: -\nDestinationIsIpv6: false\nDestinationIp: 172.17.0.2\nDestinationHostname: -\nDestinationPort: 25\nDestinationPortName: smtp", "network": {"community_id": "1:oKbAFSMlW8u5C7CVYjzOV76AHGg=", "direction": "outbound", "protocol": "smtp", "transport": "tcp", "type": "ipv4"}, "process": {"entity_id": "{4901c233-24ce-63a0-8a00-000000000600}", "executable": "C:\\Python37\\python.exe", "name": "python.exe", "pid": 4856}, "related": {"ip": ["172.16.1.1", "172.17.0.2"], "user": "client1"}, "rule": {"name": "SMTP"}, "source": {"domain": "CLIENT1.breach.local", "ip": "172.16.1.1", "port": 54337}, "user": {"domain": "BREACH", "name": "client1"}, "winlog": {"api": "wineventlog", "channel": "Microsoft-Windows-Sysmon/Operational", "computer_name": "CLIENT1.breach.local", "event_data": {"SourcePortName": "-"}, "event_id": 3, "opcode": "Info", "process": {"pid": 2072, "thread": {"id": 2576}}, "provider_guid": "{5770385f-c22a-43e0-bf4c-06f5698ffbd9}", "provider_name": "Microsoft-Windows-Sysmon", "record_id": 4573, "task": "Network connection detected (rule: NetworkConnect)", "user": {"domain": "NT AUTHORITY", "identifier": "S-1-5-18", "name": "SYSTEM", "type": "User"}, "version": 5}}
